\BOOKMARK [1][-]{section.1}{\376\377\000I\000n\000t\000r\000o\000d\000u\000c\000t\000i\000o\000n}{}% 1
\BOOKMARK [1][-]{section.2}{\376\377\000H\000y\000d\000r\000o\000m\000\351\000t\000r\000i\000e\000\040\000d\000u\000\040\000R\000h\000\364\000n\000e\000\040\000\340\000\040\000B\000e\000a\000u\000c\000a\000i\000r\000e\000\040\000d\000e\000\040\0001\0008\0001\0006\000\040\000\340\000\040\000a\000u\000j\000o\000u\000r\000d\000'\000h\000u\000i}{}% 2
\BOOKMARK [2][-]{subsection.2.1}{\376\377\000C\000o\000n\000t\000e\000x\000t\000e\000\040\000h\000y\000d\000r\000o\000l\000o\000g\000i\000q\000u\000e\000\040\000e\000t\000\040\000h\000y\000d\000r\000o\000m\000\351\000t\000r\000i\000q\000u\000e}{section.2}% 3
\BOOKMARK [2][-]{subsection.2.2}{\376\377\000S\000t\000a\000t\000i\000o\000n\000\040\000h\000y\000d\000r\000o\000m\000\351\000t\000r\000i\000q\000u\000e\000\040\000d\000u\000\040\000R\000h\000\364\000n\000e\000\040\000\340\000\040\000P\000o\000n\000t\000\040\000d\000e\000\040\000B\000e\000a\000u\000c\000a\000i\000r\000e\000\040\000\050\0001\0008\0001\0006\000-\0001\0009\0006\0007\000\051}{section.2}% 4
\BOOKMARK [3][-]{subsubsection.2.2.1}{\376\377\000R\000e\000l\000e\000v\000\351\000s\000\040\000d\000i\000s\000p\000o\000n\000i\000b\000l\000e\000s}{subsection.2.2}% 5
\BOOKMARK [3][-]{subsubsection.2.2.2}{\376\377\000\311\000v\000o\000l\000u\000t\000i\000o\000n\000\040\000d\000e\000\040\000l\000'\000a\000l\000t\000i\000t\000u\000d\000e\000\040\000d\000u\000\040\000z\000\351\000r\000o\000\040\000d\000e\000\040\000l\000'\000\351\000c\000h\000e\000l\000l\000e}{subsection.2.2}% 6
\BOOKMARK [3][-]{subsubsection.2.2.3}{\376\377\000T\000r\000a\000v\000a\000u\000x\000\040\000e\000t\000\040\000a\000m\000\351\000n\000a\000g\000e\000m\000e\000n\000t\000s}{subsection.2.2}% 7
\BOOKMARK [3][-]{subsubsection.2.2.4}{\376\377\000\311\000v\000o\000l\000u\000t\000i\000o\000n\000\040\000g\000\351\000o\000m\000o\000r\000p\000h\000o\000l\000o\000g\000i\000q\000u\000e}{subsection.2.2}% 8
\BOOKMARK [2][-]{subsection.2.3}{\376\377\000S\000t\000a\000t\000i\000o\000n\000\040\000h\000y\000d\000r\000o\000m\000\351\000t\000r\000i\000q\000u\000e\000\040\000d\000u\000\040\000R\000h\000\364\000n\000e\000\040\000\340\000\040\000B\000e\000a\000u\000c\000a\000i\000r\000e\000\040\000r\000e\000s\000t\000i\000t\000u\000t\000i\000o\000n\000\040\000\050\0001\0009\0007\0000\000-\000a\000u\000j\000o\000u\000r\000d\000'\000h\000u\000i\000\051}{section.2}% 9
\BOOKMARK [3][-]{subsubsection.2.3.1}{\376\377\000D\000o\000n\000n\000\351\000e\000s\000\040\000d\000i\000s\000p\000o\000n\000i\000b\000l\000e\000s}{subsection.2.3}% 10
\BOOKMARK [3][-]{subsubsection.2.3.2}{\376\377\000\311\000v\000o\000l\000u\000t\000i\000o\000n\000\040\000m\000o\000r\000p\000h\000o\000l\000o\000g\000i\000q\000u\000e}{subsection.2.3}% 11
\BOOKMARK [1][-]{section.3}{\376\377\000D\000o\000n\000n\000\351\000e\000s\000\040\000h\000i\000s\000t\000o\000r\000i\000q\000u\000e\000s\000\040\000:\000\040\000l\000a\000\040\000b\000a\000s\000e\000\040\000d\000e\000\040\000d\000o\000n\000n\000\351\000e\000s\000\040\000H\000I\000S\000T\000R\000H\000\324\000N\000E\000\040\000\050\0001\0003\0000\0000\000-\0002\0000\0000\0000\000\051}{}% 12
\BOOKMARK [2][-]{subsection.3.1}{\376\377\000P\000r\000\351\000s\000e\000n\000t\000a\000t\000i\000o\000n\000\040\000d\000e\000\040\000l\000a\000\040\000b\000a\000s\000e\000\040\000d\000e\000\040\000d\000o\000n\000n\000\351\000e\000s}{section.3}% 13
\BOOKMARK [2][-]{subsection.3.2}{\376\377\000O\000r\000d\000r\000e\000\040\000d\000e\000\040\000g\000r\000a\000n\000d\000e\000u\000r\000\040\000d\000e\000s\000\040\000c\000r\000u\000e\000s\000\040\000d\000e\000\040\000l\000a\000\040\000b\000a\000s\000e\000\040\000H\000I\000S\000T\000R\000H\000\324\000N\000E}{section.3}% 14
\BOOKMARK [2][-]{subsection.3.3}{\376\377\000\311\000v\000o\000l\000u\000t\000i\000o\000n\000\040\000t\000e\000m\000p\000o\000r\000e\000l\000l\000e\000\040\000d\000e\000\040\000l\000a\000\040\000v\000u\000l\000n\000\351\000r\000a\000b\000i\000l\000i\000t\000\351\000\040\000a\000u\000x\000\040\000i\000n\000o\000n\000d\000a\000t\000i\000o\000n\000s}{section.3}% 15
\BOOKMARK [1][-]{section.4}{\376\377\000E\000s\000t\000i\000m\000a\000t\000i\000o\000n\000\040\000d\000u\000\040\000d\000\351\000b\000i\000t\000\040\000d\000e\000s\000\040\000\351\000v\000\351\000n\000e\000m\000e\000n\000t\000s\000\040\000h\000i\000s\000t\000o\000r\000i\000q\000u\000e\000s}{}% 16
\BOOKMARK [2][-]{subsection.4.1}{\376\377\000A\000d\000a\000p\000t\000a\000t\000i\000o\000n\000\040\000d\000u\000\040\000m\000o\000d\000\350\000l\000e\000\040\000M\000A\000G\000E\000\040\000O\000S\000R\000\040\0001\000D\000\040\000\340\000\040\000l\000'\000\351\000t\000u\000d\000e\000\040\000d\000e\000s\000\040\000c\000r\000u\000e\000s\000\040\000h\000i\000s\000t\000o\000r\000i\000q\000u\000e\000s\000\040\000\340\000\040\000B\000e\000a\000u\000c\000a\000i\000r\000e}{section.4}% 17
\BOOKMARK [2][-]{subsection.4.2}{\376\377\000S\000e\000n\000s\000i\000b\000i\000l\000i\000t\000\351\000\040\000d\000u\000\040\000m\000o\000d\000\350\000l\000e}{section.4}% 18
\BOOKMARK [3][-]{subsubsection.4.2.1}{\376\377\000S\000e\000n\000s\000i\000b\000i\000l\000i\000t\000\351\000\040\000a\000u\000x\000\040\000a\000m\000\351\000n\000a\000g\000e\000m\000e\000n\000t\000s\000\040\000h\000y\000d\000r\000o\000\351\000l\000e\000c\000t\000r\000i\000q\000u\000e\000s}{subsection.4.2}% 19
\BOOKMARK [3][-]{subsubsection.4.2.2}{\376\377\000S\000e\000n\000s\000i\000b\000i\000l\000i\000t\000\351\000\040\000\340\000\040\000l\000a\000\040\000s\000u\000p\000p\000r\000e\000s\000s\000i\000o\000n\000\040\000d\000u\000\040\000P\000e\000t\000i\000t\000-\000R\000h\000\364\000n\000e}{subsection.4.2}% 20
\BOOKMARK [3][-]{subsubsection.4.2.3}{\376\377\000S\000e\000n\000s\000i\000b\000i\000l\000i\000t\000\351\000\040\000a\000u\000x\000\040\000r\000u\000p\000t\000u\000r\000e\000s\000\040\000d\000e\000\040\000d\000i\000g\000u\000e\000s}{subsection.4.2}% 21
\BOOKMARK [3][-]{subsubsection.4.2.4}{\376\377\000S\000e\000n\000s\000i\000b\000i\000l\000i\000t\000\351\000\040\000a\000u\000x\000\040\000s\000u\000r\000c\000o\000t\000e\000s\000\040\000m\000a\000r\000i\000n\000e\000s}{subsection.4.2}% 22
\BOOKMARK [2][-]{subsection.4.3}{\376\377\000R\000e\000c\000o\000n\000s\000t\000i\000t\000u\000t\000i\000o\000n\000\040\000d\000e\000\040\000l\000'\000h\000y\000d\000r\000a\000u\000l\000i\000q\000u\000e\000\040\000a\000n\000c\000i\000e\000n\000n\000e}{section.4}% 23
\BOOKMARK [2][-]{subsection.4.4}{\376\377\000L\000i\000m\000i\000t\000e\000s\000\040\000e\000t\000\040\000i\000n\000c\000e\000r\000t\000i\000t\000u\000d\000e\000\040\000d\000e\000\040\000l\000a\000\040\000m\000o\000d\000\351\000l\000i\000s\000a\000t\000i\000o\000n\000\040\000h\000y\000d\000r\000a\000u\000l\000i\000q\000u\000e\000\040\000d\000e\000s\000\040\000\351\000v\000\351\000n\000e\000m\000e\000n\000t\000s\000\040\000h\000i\000s\000t\000o\000r\000i\000q\000u\000e\000s}{section.4}% 24
\BOOKMARK [1][-]{section.5}{\376\377\000\311\000v\000o\000l\000u\000t\000i\000o\000n\000\040\000d\000u\000\040\000t\000e\000m\000p\000s\000\040\000d\000e\000\040\000p\000r\000o\000p\000a\000g\000a\000t\000i\000o\000n\000\040\000d\000e\000s\000\040\000c\000r\000u\000e\000s}{}% 25
\BOOKMARK [2][-]{subsection.5.1}{\376\377\000S\000\351\000l\000e\000c\000t\000i\000o\000n\000\040\000d\000e\000\040\000c\000r\000u\000e\000s\000\040\000o\000c\000\351\000a\000n\000i\000q\000u\000e\000s}{section.5}% 26
\BOOKMARK [2][-]{subsection.5.2}{\376\377\000R\000\351\000s\000u\000l\000t\000a\000t\000s}{section.5}% 27
\BOOKMARK [1][-]{section.6}{\376\377\000C\000o\000n\000c\000l\000u\000s\000i\000o\000n}{}% 28
\BOOKMARK [1][-]{section.7}{\376\377\000A\000n\000n\000e\000x\000e\000\040\0001\000\040\000:\000\040\000T\000a\000b\000l\000e\000a\000u\000\040\000r\000\351\000c\000a\000p\000\040\000d\000e\000s\000\040\000c\000r\000u\000e\000s\000\040\000C\0004\000\040\000d\000e\000\040\000l\000a\000\040\000b\000a\000s\000e}{}% 29
\BOOKMARK [1][-]{section.8}{\376\377\000A\000n\000n\000e\000x\000e\000\040\0002\000\040\000:\000\040\000T\000a\000b\000l\000e\000a\000u\000\040\000d\000e\000s\000\040\000t\000e\000m\000p\000s\000\040\000d\000e\000\040\000p\000r\000o\000p\000a\000g\000a\000t\000i\000o\000n\000\040\000d\000e\000s\000\040\000c\000r\000u\000e\000s\000\040\000o\000c\000\351\000a\000n\000i\000q\000u\000e\000s\000\040\000e\000n\000t\000r\000e\000\040\000G\000i\000v\000o\000r\000s\000\040\000e\000t\000\040\000B\000e\000a\000u\000c\000a\000i\000r\000e}{}% 30
