\BOOKMARK [1][-]{section.1}{\376\377\000L\000'\000e\000s\000t\000i\000m\000a\000t\000i\000o\000n\000\040\000d\000u\000\040\000r\000i\000s\000q\000u\000e\000\040\000i\000n\000o\000n\000d\000a\000t\000i\000o\000n}{}% 1
\BOOKMARK [1][-]{section.2}{\376\377\000A\000n\000a\000l\000y\000s\000e\000\040\000f\000r\000\351\000q\000u\000e\000n\000t\000i\000e\000l\000l\000e\000\040\000d\000e\000s\000\040\000c\000r\000u\000e\000s\000\040\000e\000t\000\040\000i\000n\000c\000e\000r\000t\000i\000t\000u\000d\000e\000s}{}% 2
\BOOKMARK [2][-]{subsection.2.1}{\376\377\000I\000n\000c\000e\000r\000t\000i\000t\000u\000d\000e\000s\000\040\000h\000y\000d\000r\000o\000m\000\351\000t\000r\000i\000q\000u\000e\000s}{section.2}% 3
\BOOKMARK [2][-]{subsection.2.2}{\376\377\000I\000n\000c\000e\000r\000t\000i\000t\000u\000d\000e\000\040\000d\000'\000\351\000c\000h\000a\000n\000t\000i\000l\000l\000o\000n\000n\000a\000g\000e}{section.2}% 4
\BOOKMARK [3][-]{subsubsection.2.2.1}{\376\377\000A\000n\000a\000l\000y\000s\000e\000\040\000r\000\351\000g\000i\000o\000n\000a\000l\000e}{subsection.2.2}% 5
\BOOKMARK [3][-]{subsubsection.2.2.2}{\376\377\040\042}{subsection.2.2}% 6
\BOOKMARK [2][-]{subsection.2.3}{\376\377\000H\000y\000p\000o\000t\000h\000\350\000s\000e\000s\000\040\000d\000e\000\040\000m\000o\000d\000\351\000l\000i\000s\000a\000t\000i\000o\000n}{section.2}% 7
\BOOKMARK [1][-]{section.3}{\376\377\000E\000s\000t\000i\000m\000a\000t\000i\000o\000n\000\040\000d\000u\000\040\000r\000i\000s\000q\000u\000e\000\040\000i\000n\000o\000n\000d\000a\000t\000i\000o\000n}{}% 8
\BOOKMARK [2][-]{subsection.3.1}{\376\377\000C\000o\000n\000c\000e\000p\000t\000\040\000d\000e\000\040\000p\000\351\000r\000i\000o\000d\000e\000\040\000d\000e\000\040\000r\000e\000t\000o\000u\000r}{section.3}% 9
\BOOKMARK [2][-]{subsection.3.2}{\376\377\000E\000s\000t\000i\000m\000a\000t\000i\000o\000n\000s\000\040\000e\000m\000p\000i\000r\000i\000q\000u\000e\000s}{section.3}% 10
\BOOKMARK [2][-]{subsection.3.3}{\376\377\000A\000j\000u\000s\000t\000e\000m\000e\000n\000t\000s\000\040\000s\000t\000a\000t\000i\000s\000t\000i\000q\000u\000e\000s}{section.3}% 11
\BOOKMARK [2][-]{subsection.3.4}{\376\377\000M\000\351\000t\000h\000o\000d\000e\000s\000\040\000r\000\351\000g\000i\000o\000n\000a\000l\000e\000s}{section.3}% 12
\BOOKMARK [2][-]{subsection.3.5}{\376\377\000M\000\351\000t\000h\000o\000d\000e\000s\000\040\000p\000l\000u\000i\000e\000/\000d\000\351\000b\000i\000t}{section.3}% 13
\BOOKMARK [1][-]{section.4}{\376\377\000\311\000l\000a\000b\000o\000r\000a\000t\000i\000o\000n\000\040\000d\000e\000s\000\040\000c\000h\000r\000o\000n\000i\000q\000u\000e\000s\000\040\000d\000e\000\040\000d\000\351\000b\000i\000t}{}% 14
\BOOKMARK [2][-]{subsection.4.1}{\376\377\000S\000c\000h\000\351\000m\000a\000\040\000h\000y\000d\000r\000o\000m\000\351\000t\000r\000i\000q\000u\000e\000\040\000u\000s\000u\000e\000l}{section.4}% 15
\BOOKMARK [2][-]{subsection.4.2}{\376\377\000Q\000u\000a\000n\000t\000i\000f\000i\000c\000a\000t\000i\000o\000n\000\040\000d\000e\000s\000\040\000i\000n\000c\000e\000r\000t\000i\000t\000u\000d\000e\000s}{section.4}% 16
\BOOKMARK [2][-]{subsection.4.3}{\376\377\000H\000y\000d\000r\000o\000m\000\351\000t\000r\000i\000e\000\040\000e\000n\000\040\000c\000o\000n\000t\000e\000x\000t\000e\000\040\000h\000i\000s\000t\000o\000r\000i\000q\000u\000e}{section.4}% 17
\BOOKMARK [1][-]{section.5}{\376\377\000A\000n\000a\000l\000y\000s\000e\000\040\000f\000r\000\351\000q\000u\000e\000n\000t\000i\000e\000l\000l\000e\000\040\000d\000e\000s\000\040\000c\000r\000u\000e\000s}{}% 18
\BOOKMARK [2][-]{subsection.5.1}{\376\377\000M\000\351\000t\000h\000o\000d\000e\000s\000\040\000d\000'\000\351\000c\000h\000a\000n\000t\000i\000l\000l\000o\000n\000n\000a\000g\000e}{section.5}% 19
\BOOKMARK [3][-]{subsubsection.5.1.1}{\376\377\000M\000a\000x\000\040\000a\000n\000n\000u\000e\000l\000s}{subsection.5.1}% 20
\BOOKMARK [3][-]{subsubsection.5.1.2}{\376\377\000S\000u\000p\000-\000s\000e\000u\000i\000l}{subsection.5.1}% 21
\BOOKMARK [2][-]{subsection.5.2}{\376\377\000S\000o\000u\000r\000c\000e\000s\000\040\000d\000'\000i\000n\000c\000e\000r\000t\000i\000t\000u\000d\000e}{section.5}% 22
\BOOKMARK [3][-]{subsubsection.5.2.1}{\376\377\000C\000h\000r\000o\000n\000i\000q\000u\000e\000s\000\040\000d\000e\000\040\000d\000\351\000b\000i\000t}{subsection.5.2}% 23
\BOOKMARK [3][-]{subsubsection.5.2.2}{\376\377\000\311\000c\000h\000a\000n\000t\000i\000l\000l\000o\000n\000n\000a\000g\000e}{subsection.5.2}% 24
\BOOKMARK [3][-]{subsubsection.5.2.3}{\376\377\000C\000h\000o\000i\000x\000\040\000d\000e\000\040\000d\000i\000s\000t\000r\000i\000b\000u\000t\000i\000o\000n}{subsection.5.2}% 25
\BOOKMARK [3][-]{subsubsection.5.2.4}{\376\377\000R\000e\000s\000p\000e\000c\000t\000\040\000d\000e\000\040\000l\000'\000h\000y\000p\000o\000t\000h\000\350\000s\000e\000\040\000d\000e\000\040\000s\000t\000a\000t\000i\000o\000n\000n\000a\000r\000i\000t\000\351}{subsection.5.2}% 26
\BOOKMARK [1][-]{section.6}{\376\377\000A\000n\000a\000l\000y\000s\000e\000\040\000f\000r\000\351\000q\000u\000e\000n\000t\000i\000e\000l\000l\000e\000\040\000d\000e\000s\000\040\000c\000r\000u\000e\000s\000\040\000e\000n\000\040\000c\000o\000n\000t\000e\000x\000t\000e\000\040\000h\000i\000s\000t\000o\000r\000i\000q\000u\000e}{}% 27
\BOOKMARK [2][-]{subsection.6.1}{\376\377\000I\000n\000t\000\351\000r\000\352\000t\000\040\000d\000e\000\040\000l\000'\000u\000t\000i\000l\000i\000s\000a\000t\000i\000o\000n\000\040\000d\000e\000s\000\040\000d\000o\000n\000n\000\351\000e\000s\000\040\000h\000i\000s\000t\000o\000r\000i\000q\000u\000e\000s}{section.6}% 28
\BOOKMARK [2][-]{subsection.6.2}{\376\377\000D\000o\000n\000n\000\351\000e\000s\000\040\000c\000o\000n\000t\000i\000n\000u\000e\000s\000\040\000a\000n\000c\000i\000e\000n\000n\000e\000s}{section.6}% 29
\BOOKMARK [2][-]{subsection.6.3}{\376\377\000D\000o\000n\000n\000\351\000e\000s\000\040\000p\000r\000\351\000-\000e\000n\000r\000e\000g\000i\000s\000t\000r\000e\000m\000e\000n\000t\000s\000\040\000c\000o\000n\000t\000i\000n\000u\000s}{section.6}% 30
\BOOKMARK [2][-]{subsection.6.4}{\376\377\000I\000n\000c\000e\000r\000t\000i\000t\000u\000d\000e\000s\000\040\000a\000u\000t\000o\000u\000r\000\040\000d\000e\000\040\000l\000'\000a\000n\000a\000l\000y\000s\000e\000\040\000f\000r\000\351\000q\000u\000e\000n\000t\000i\000e\000l\000l\000e\000\040\000h\000i\000s\000t\000o\000r\000i\000q\000u\000e}{section.6}% 31
\BOOKMARK [1][-]{section.7}{\376\377\000L\000e\000\040\000r\000i\000s\000q\000u\000e\000\040\000i\000n\000o\000n\000d\000a\000t\000i\000o\000n\000\040\000d\000a\000n\000s\000\040\000l\000a\000\040\000b\000a\000s\000s\000e\000\040\000v\000a\000l\000l\000\351\000e\000\040\000d\000u\000\040\000R\000h\000\364\000n\000e}{}% 32
\BOOKMARK [1][-]{section.8}{\376\377\000O\000r\000g\000a\000n\000i\000s\000a\000t\000i\000o\000n\000\040\000d\000u\000\040\000m\000a\000n\000u\000s\000c\000r\000i\000t}{}% 33
