\BOOKMARK [1][-]{section.1}{\376\377\000I\000n\000t\000r\000o\000d\000u\000c\000t\000i\000o\000n}{}% 1
\BOOKMARK [2][-]{subsection.1.1}{\376\377\000E\000s\000t\000i\000m\000a\000t\000i\000o\000n\000\040\000d\000u\000\040\000r\000i\000s\000q\000u\000e\000\040\000i\000n\000o\000n\000d\000a\000t\000i\000o\000n}{section.1}% 2
\BOOKMARK [3][-]{subsubsection.1.1.1}{\376\377\000E\000n\000\040\000c\000o\000n\000t\000e\000x\000t\000e\000\040\000j\000a\000u\000g\000\351}{subsection.1.1}% 3
\BOOKMARK [3][-]{subsubsection.1.1.2}{\376\377\000E\000n\000\040\000c\000o\000n\000t\000e\000x\000t\000e\000\040\000n\000o\000n\000-\000j\000a\000u\000g\000\351}{subsection.1.1}% 4
\BOOKMARK [2][-]{subsection.1.2}{\376\377\000H\000y\000d\000r\000o\000m\000\351\000t\000r\000i\000e}{section.1}% 5
\BOOKMARK [3][-]{subsubsection.1.2.1}{\376\377\000M\000\351\000t\000h\000o\000d\000e\000s\000\040\000d\000'\000h\000y\000d\000r\000o\000m\000\351\000t\000r\000i\000e\000\040\000c\000l\000a\000s\000s\000i\000q\000u\000e\000s}{subsection.1.2}% 6
\BOOKMARK [3][-]{subsubsection.1.2.2}{\376\377\000Q\000u\000a\000n\000t\000i\000f\000i\000c\000a\000t\000i\000o\000n\000\040\000d\000e\000s\000\040\000i\000n\000c\000e\000r\000t\000i\000t\000u\000d\000e\000s\000\040\000h\000y\000d\000r\000o\000m\000\351\000t\000r\000i\000q\000u\000e\000s}{subsection.1.2}% 7
\BOOKMARK [3][-]{subsubsection.1.2.3}{\376\377\000H\000y\000d\000r\000o\000m\000\351\000t\000r\000i\000e\000\040\000e\000n\000\040\000c\000o\000n\000t\000e\000x\000t\000e\000\040\000h\000i\000s\000t\000o\000r\000i\000q\000u\000e}{subsection.1.2}% 8
\BOOKMARK [2][-]{subsection.1.3}{\376\377\000A\000n\000a\000l\000y\000s\000e\000\040\000f\000r\000\351\000q\000u\000e\000n\000t\000i\000e\000l\000l\000e\000\040\000e\000t\000\040\000i\000n\000c\000e\000r\000t\000i\000t\000u\000d\000e\000s}{section.1}% 9
\BOOKMARK [3][-]{subsubsection.1.3.1}{\376\377\000S\000o\000u\000r\000c\000e\000s\000\040\000d\000'\000i\000n\000c\000e\000r\000t\000i\000t\000u\000d\000e}{subsection.1.3}% 10
\BOOKMARK [3][-]{subsubsection.1.3.2}{\376\377\000P\000r\000o\000p\000a\000g\000a\000t\000i\000o\000n}{subsection.1.3}% 11
\BOOKMARK [2][-]{subsection.1.4}{\376\377\000A\000n\000a\000l\000y\000s\000e\000\040\000f\000r\000\351\000q\000u\000e\000n\000t\000i\000e\000l\000l\000e\000\040\000d\000e\000s\000\040\000c\000r\000u\000e\000s\000\040\000e\000n\000\040\000c\000o\000n\000t\000e\000x\000t\000e\000\040\000h\000i\000s\000t\000o\000r\000i\000q\000u\000e}{section.1}% 12
\BOOKMARK [3][-]{subsubsection.1.4.1}{\376\377\000B\000a\000s\000\351\000e\000\040\000s\000u\000r\000\040\000d\000e\000s\000\040\000d\000o\000n\000n\000\351\000e\000s\000\040\000c\000o\000n\000t\000i\000n\000u\000e\000s}{subsection.1.4}% 13
\BOOKMARK [3][-]{subsubsection.1.4.2}{\376\377\000B\000a\000s\000\351\000e\000\040\000s\000u\000r\000\040\000d\000e\000s\000\040\000d\000o\000n\000n\000\351\000e\000s\000\040\000p\000r\000\351\000-\000e\000n\000r\000e\000g\000i\000s\000t\000r\000e\000m\000e\000n\000t\000s\000\040\000c\000o\000n\000t\000i\000n\000u\000s}{subsection.1.4}% 14
\BOOKMARK [3][-]{subsubsection.1.4.3}{\376\377\000T\000r\000a\000i\000t\000e\000m\000e\000n\000t\000\040\000d\000'\000\351\000c\000h\000a\000n\000t\000i\000l\000l\000o\000n\000s\000\040\000m\000i\000x\000t\000e\000s}{subsection.1.4}% 15
\BOOKMARK [3][-]{subsubsection.1.4.4}{\376\377\000Q\000u\000a\000n\000t\000i\000f\000i\000c\000a\000t\000i\000o\000n\000\040\000d\000e\000\040\000l\000'\000a\000p\000p\000o\000r\000t\000\040\000d\000e\000s\000\040\000d\000o\000n\000n\000\351\000e\000s\000\040\000a\000n\000c\000i\000e\000n\000n\000e\000s}{subsection.1.4}% 16
\BOOKMARK [2][-]{subsection.1.5}{\376\377\000E\000s\000t\000i\000m\000a\000t\000i\000o\000n\000\040\000d\000u\000\040\000r\000i\000s\000q\000u\000e\000\040\000i\000n\000o\000n\000d\000a\000t\000i\000o\000n\000\040\000e\000n\000\040\000c\000o\000n\000t\000e\000x\000t\000e\000\040\000n\000o\000n\000-\000s\000t\000a\000t\000i\000o\000n\000n\000a\000i\000r\000e}{section.1}% 17
\BOOKMARK [3][-]{subsubsection.1.5.1}{\376\377\000H\000o\000m\000o\000g\000\351\000n\000\351\000i\000t\000\351\000\040\000d\000e\000s\000\040\000s\000\351\000r\000i\000e\000s}{subsection.1.5}% 18
\BOOKMARK [3][-]{subsubsection.1.5.2}{\376\377\000C\000o\000n\000s\000\351\000q\000u\000e\000n\000c\000e\000s\000\040\000d\000u\000\040\000c\000h\000a\000n\000g\000e\000m\000e\000n\000t\000\040\000c\000l\000i\000m\000a\000t\000i\000q\000u\000e\000s\000\040\000s\000u\000r\000\040\000l\000e\000\040\000r\000i\000s\000q\000u\000e\000\040\000i\000n\000o\000n\000d\000a\000t\000i\000o\000n}{subsection.1.5}% 19
\BOOKMARK [3][-]{subsubsection.1.5.3}{\376\377\000C\000o\000n\000s\000\351\000q\000u\000e\000n\000c\000e\000s\000\040\000d\000e\000\040\000c\000h\000a\000n\000g\000e\000m\000e\000n\000t\000s\000\040\000d\000e\000s\000\040\000p\000r\000o\000c\000e\000s\000s\000u\000s\000\040\000h\000y\000d\000r\000o\000l\000o\000g\000i\000q\000u\000e\000s}{subsection.1.5}% 20
\BOOKMARK [2][-]{subsection.1.6}{\376\377\000L\000e\000\040\000R\000h\000\364\000n\000e\000\040\000\340\000\040\000B\000e\000a\000u\000c\000a\000i\000r\000e}{section.1}% 21
\BOOKMARK [3][-]{subsubsection.1.6.1}{\376\377\000C\000o\000n\000t\000e\000x\000t\000e\000\040\000g\000\351\000o\000g\000r\000a\000p\000h\000i\000q\000u\000e\000\040\000e\000t\000\040\000h\000y\000d\000r\000o\000l\000o\000g\000i\000q\000u\000e}{subsection.1.6}% 22
\BOOKMARK [3][-]{subsubsection.1.6.2}{\376\377\000H\000i\000s\000t\000o\000i\000r\000e\000\040\000h\000y\000d\000r\000o\000m\000\351\000t\000r\000i\000q\000u\000e}{subsection.1.6}% 23
\BOOKMARK [3][-]{subsubsection.1.6.3}{\376\377\000D\000o\000n\000n\000\351\000e\000s\000\040\000d\000i\000s\000p\000o\000n\000i\000b\000l\000e\000s}{subsection.1.6}% 24
