This is pdfTeX, Version 3.141592653-2.6-1.40.24 (MiKTeX 21.12 32-bit) (preloaded format=pdflatex 2021.12.8)  2 MAY 2023 18:09
entering extended mode
 restricted \write18 enabled.
 %&-line parsing enabled.
**./Introduction.tex
(Introduction.tex
LaTeX2e <2021-11-15> patch level 1
L3 programming layer <2021-11-22>
(C:\Users\mathieu.lucas\AppData\Local\Programs\MiKTeX\tex/latex/base\article.cl
s
Document Class: article 2021/10/04 v1.4n Standard LaTeX document class

(C:\Users\mathieu.lucas\AppData\Local\Programs\MiKTeX\tex/latex/base\size11.clo
File: size11.clo 2021/10/04 v1.4n Standard LaTeX file (size option)
)
\c@part=\count183
\c@section=\count184
\c@subsection=\count185
\c@subsubsection=\count186
\c@paragraph=\count187
\c@subparagraph=\count188
\c@figure=\count189
\c@table=\count190
\abovecaptionskip=\skip47
\belowcaptionskip=\skip48
\bibindent=\dimen138
)
(C:\Users\mathieu.lucas\AppData\Local\Programs\MiKTeX\tex/generic/babel\babel.s
ty
Package: babel 2021/11/29 3.67 The Babel package
\babel@savecnt=\count191
\U@D=\dimen139
\l@unhyphenated=\language79

(C:\Users\mathieu.lucas\AppData\Local\Programs\MiKTeX\tex/generic/babel\txtbabe
l.def)
\bbl@readstream=\read2
\bbl@dirlevel=\count192

*************************************
* Local config file bblopts.cfg used
*

(C:\Users\mathieu.lucas\AppData\Local\Programs\MiKTeX\tex/latex/arabi\bblopts.c
fg
File: bblopts.cfg 2005/09/08 v0.1 add Arabic and Farsi to "declared" options of
 babel
)
(C:\Users\mathieu.lucas\AppData\Local\Programs\MiKTeX\tex/generic/babel-french\
french.ldf
Language: french 2021/07/20 v3.5m French support from the babel system
Package babel Info: Hyphen rules for 'acadian' set to \l@french
(babel)             (\language22). Reported on input line 91.
Package babel Info: Hyphen rules for 'canadien' set to \l@french
(babel)             (\language22). Reported on input line 92.
\FB@nonchar=\count193
Package babel Info: Making : an active character on input line 430.
Package babel Info: Making ; an active character on input line 431.
Package babel Info: Making ! an active character on input line 432.
Package babel Info: Making ? an active character on input line 433.
\FBguill@level=\count194
\FBold@everypar=\toks16
\FB@Mht=\dimen140
\mc@charclass=\count195
\mc@charfam=\count196
\mc@charslot=\count197
\std@mcc=\count198
\dec@mcc=\count199
\listindentFB=\dimen141
\descindentFB=\dimen142
\labelindentFB=\dimen143
\labelwidthFB=\dimen144
\leftmarginFB=\dimen145
\parindentFFN=\dimen146
\FBfnindent=\dimen147
))
(C:\Users\mathieu.lucas\AppData\Local\Programs\MiKTeX\tex/latex/carlisle\scalef
nt.sty)
(C:\Users\mathieu.lucas\AppData\Local\Programs\MiKTeX\tex/latex/graphics\keyval
.sty
Package: keyval 2014/10/28 v1.15 key=value parser (DPC)
\KV@toks@=\toks17
)
(C:\Users\mathieu.lucas\AppData\Local\Programs\MiKTeX\tex/latex/base\inputenc.s
ty
Package: inputenc 2021/02/14 v1.3d Input encoding file
\inpenc@prehook=\toks18
\inpenc@posthook=\toks19
)
(C:\Users\mathieu.lucas\AppData\Local\Programs\MiKTeX\tex/latex/geometry\geomet
ry.sty
Package: geometry 2020/01/02 v5.9 Page Geometry

(C:\Users\mathieu.lucas\AppData\Local\Programs\MiKTeX\tex/generic/iftex\ifvtex.
sty
Package: ifvtex 2019/10/25 v1.7 ifvtex legacy package. Use iftex instead.

(C:\Users\mathieu.lucas\AppData\Local\Programs\MiKTeX\tex/generic/iftex\iftex.s
ty
Package: iftex 2020/03/06 v1.0d TeX engine tests
))
\Gm@cnth=\count266
\Gm@cntv=\count267
\c@Gm@tempcnt=\count268
\Gm@bindingoffset=\dimen148
\Gm@wd@mp=\dimen149
\Gm@odd@mp=\dimen150
\Gm@even@mp=\dimen151
\Gm@layoutwidth=\dimen152
\Gm@layoutheight=\dimen153
\Gm@layouthoffset=\dimen154
\Gm@layoutvoffset=\dimen155
\Gm@dimlist=\toks20

(C:\Users\mathieu.lucas\AppData\Local\Programs\MiKTeX\tex/latex/geometry\geomet
ry.cfg))
(C:\Users\mathieu.lucas\AppData\Local\Programs\MiKTeX\tex/latex/graphics\graphi
cx.sty
Package: graphicx 2021/09/16 v1.2d Enhanced LaTeX Graphics (DPC,SPQR)

(C:\Users\mathieu.lucas\AppData\Local\Programs\MiKTeX\tex/latex/graphics\graphi
cs.sty
Package: graphics 2021/03/04 v1.4d Standard LaTeX Graphics (DPC,SPQR)

(C:\Users\mathieu.lucas\AppData\Local\Programs\MiKTeX\tex/latex/graphics\trig.s
ty
Package: trig 2021/08/11 v1.11 sin cos tan (DPC)
)
(C:\Users\mathieu.lucas\AppData\Local\Programs\MiKTeX\tex/latex/graphics-cfg\gr
aphics.cfg
File: graphics.cfg 2016/06/04 v1.11 sample graphics configuration
)
Package graphics Info: Driver file: pdftex.def on input line 107.

(C:\Users\mathieu.lucas\AppData\Local\Programs\MiKTeX\tex/latex/graphics-def\pd
ftex.def
File: pdftex.def 2020/10/05 v1.2a Graphics/color driver for pdftex
))
\Gin@req@height=\dimen156
\Gin@req@width=\dimen157
)
(C:\Users\mathieu.lucas\AppData\Local\Programs\MiKTeX\tex/latex/tools\tabularx.
sty
Package: tabularx 2020/01/15 v2.11c `tabularx' package (DPC)

(C:\Users\mathieu.lucas\AppData\Local\Programs\MiKTeX\tex/latex/tools\array.sty
Package: array 2021/10/04 v2.5f Tabular extension package (FMi)
\col@sep=\dimen158
\ar@mcellbox=\box50
\extrarowheight=\dimen159
\NC@list=\toks21
\extratabsurround=\skip49
\backup@length=\skip50
\ar@cellbox=\box51
)
\TX@col@width=\dimen160
\TX@old@table=\dimen161
\TX@old@col=\dimen162
\TX@target=\dimen163
\TX@delta=\dimen164
\TX@cols=\count269
\TX@ftn=\toks22
)
(C:\Users\mathieu.lucas\AppData\Local\Programs\MiKTeX\tex/latex/doublestroke\ds
font.sty
Package: dsfont 1995/08/01 v0.1 Double stroke roman fonts
)
(C:\Users\mathieu.lucas\AppData\Local\Programs\MiKTeX\tex/latex/multirow\multir
ow.sty
Package: multirow 2021/03/15 v2.8 Span multiple rows of a table
\multirow@colwidth=\skip51
\multirow@cntb=\count270
\multirow@dima=\skip52
\bigstrutjot=\dimen165
)
(C:\Users\mathieu.lucas\AppData\Local\Programs\MiKTeX\tex/latex/amsmath\amsmath
.sty
Package: amsmath 2021/10/15 v2.17l AMS math features
\@mathmargin=\skip53

For additional information on amsmath, use the `?' option.

(C:\Users\mathieu.lucas\AppData\Local\Programs\MiKTeX\tex/latex/amsmath\amstext
.sty
Package: amstext 2021/08/26 v2.01 AMS text

(C:\Users\mathieu.lucas\AppData\Local\Programs\MiKTeX\tex/latex/amsmath\amsgen.
sty
File: amsgen.sty 1999/11/30 v2.0 generic functions
\@emptytoks=\toks23
\ex@=\dimen166
))
(C:\Users\mathieu.lucas\AppData\Local\Programs\MiKTeX\tex/latex/amsmath\amsbsy.
sty
Package: amsbsy 1999/11/29 v1.2d Bold Symbols
\pmbraise@=\dimen167
)
(C:\Users\mathieu.lucas\AppData\Local\Programs\MiKTeX\tex/latex/amsmath\amsopn.
sty
Package: amsopn 2021/08/26 v2.02 operator names
)
\inf@bad=\count271
LaTeX Info: Redefining \frac on input line 234.
\uproot@=\count272
\leftroot@=\count273
LaTeX Info: Redefining \overline on input line 399.
\classnum@=\count274
\DOTSCASE@=\count275
LaTeX Info: Redefining \ldots on input line 496.
LaTeX Info: Redefining \dots on input line 499.
LaTeX Info: Redefining \cdots on input line 620.
\Mathstrutbox@=\box52
\strutbox@=\box53
\big@size=\dimen168
LaTeX Font Info:    Redeclaring font encoding OML on input line 743.
LaTeX Font Info:    Redeclaring font encoding OMS on input line 744.
\macc@depth=\count276
\c@MaxMatrixCols=\count277
\dotsspace@=\muskip16
\c@parentequation=\count278
\dspbrk@lvl=\count279
\tag@help=\toks24
\row@=\count280
\column@=\count281
\maxfields@=\count282
\andhelp@=\toks25
\eqnshift@=\dimen169
\alignsep@=\dimen170
\tagshift@=\dimen171
\tagwidth@=\dimen172
\totwidth@=\dimen173
\lineht@=\dimen174
\@envbody=\toks26
\multlinegap=\skip54
\multlinetaggap=\skip55
\mathdisplay@stack=\toks27
LaTeX Info: Redefining \[ on input line 2938.
LaTeX Info: Redefining \] on input line 2939.
)
(C:\Users\mathieu.lucas\AppData\Local\Programs\MiKTeX\tex/latex/amsfonts\amsfon
ts.sty
Package: amsfonts 2013/01/14 v3.01 Basic AMSFonts support
\symAMSa=\mathgroup4
\symAMSb=\mathgroup5
LaTeX Font Info:    Redeclaring math symbol \hbar on input line 98.
LaTeX Font Info:    Overwriting math alphabet `\mathfrak' in version `bold'
(Font)                  U/euf/m/n --> U/euf/b/n on input line 106.
)
(C:\Users\mathieu.lucas\AppData\Local\Programs\MiKTeX\tex/latex/amsfonts\amssym
b.sty
Package: amssymb 2013/01/14 v3.01 AMS font symbols
)
(C:\Users\mathieu.lucas\AppData\Local\Programs\MiKTeX\tex/latex/caption\subcapt
ion.sty
Package: subcaption 2020/10/07 v1.3j Sub-captions (AR)

(C:\Users\mathieu.lucas\AppData\Local\Programs\MiKTeX\tex/latex/caption\caption
.sty
Package: caption 2020/10/26 v3.5g Customizing captions (AR)

(C:\Users\mathieu.lucas\AppData\Local\Programs\MiKTeX\tex/latex/caption\caption
3.sty
Package: caption3 2020/10/21 v2.2e caption3 kernel (AR)
\captionmargin=\dimen175
\captionmargin@=\dimen176
\captionwidth=\dimen177
\caption@tempdima=\dimen178
\caption@indent=\dimen179
\caption@parindent=\dimen180
\caption@hangindent=\dimen181
Package caption Info: Standard document class detected.
Package caption Info: french babel package is loaded.
)
\c@caption@flags=\count283
\c@continuedfloat=\count284
)
\c@subfigure=\count285
\c@subtable=\count286
)
(C:\Users\mathieu.lucas\AppData\Local\Programs\MiKTeX\tex/latex/preprint\authbl
k.sty
Package: authblk 2001/02/27 1.3 (PWD)
\affilsep=\skip56
\@affilsep=\skip57
\c@Maxaffil=\count287
\c@authors=\count288
\c@affil=\count289
)
(C:\Users\mathieu.lucas\AppData\Local\Programs\MiKTeX\tex/latex/hyperref\hyperr
ef.sty
Package: hyperref 2021-06-07 v7.00m Hypertext links for LaTeX

(C:\Users\mathieu.lucas\AppData\Local\Programs\MiKTeX\tex/generic/ltxcmds\ltxcm
ds.sty
Package: ltxcmds 2020-05-10 v1.25 LaTeX kernel commands for general use (HO)
)
(C:\Users\mathieu.lucas\AppData\Local\Programs\MiKTeX\tex/generic/pdftexcmds\pd
ftexcmds.sty
Package: pdftexcmds 2020-06-27 v0.33 Utility functions of pdfTeX for LuaTeX (HO
)

(C:\Users\mathieu.lucas\AppData\Local\Programs\MiKTeX\tex/generic/infwarerr\inf
warerr.sty
Package: infwarerr 2019/12/03 v1.5 Providing info/warning/error messages (HO)
)
Package pdftexcmds Info: \pdf@primitive is available.
Package pdftexcmds Info: \pdf@ifprimitive is available.
Package pdftexcmds Info: \pdfdraftmode found.
)
(C:\Users\mathieu.lucas\AppData\Local\Programs\MiKTeX\tex/generic/kvsetkeys\kvs
etkeys.sty
Package: kvsetkeys 2019/12/15 v1.18 Key value parser (HO)
)
(C:\Users\mathieu.lucas\AppData\Local\Programs\MiKTeX\tex/generic/kvdefinekeys\
kvdefinekeys.sty
Package: kvdefinekeys 2019-12-19 v1.6 Define keys (HO)
)
(C:\Users\mathieu.lucas\AppData\Local\Programs\MiKTeX\tex/generic/pdfescape\pdf
escape.sty
Package: pdfescape 2019/12/09 v1.15 Implements pdfTeX's escape features (HO)
)
(C:\Users\mathieu.lucas\AppData\Local\Programs\MiKTeX\tex/latex/hycolor\hycolor
.sty
Package: hycolor 2020-01-27 v1.10 Color options for hyperref/bookmark (HO)
)
(C:\Users\mathieu.lucas\AppData\Local\Programs\MiKTeX\tex/latex/letltxmacro\let
ltxmacro.sty
Package: letltxmacro 2019/12/03 v1.6 Let assignment for LaTeX macros (HO)
)
(C:\Users\mathieu.lucas\AppData\Local\Programs\MiKTeX\tex/latex/auxhook\auxhook
.sty
Package: auxhook 2019-12-17 v1.6 Hooks for auxiliary files (HO)
)
(C:\Users\mathieu.lucas\AppData\Local\Programs\MiKTeX\tex/latex/kvoptions\kvopt
ions.sty
Package: kvoptions 2020-10-07 v3.14 Key value format for package options (HO)
)
\@linkdim=\dimen182
\Hy@linkcounter=\count290
\Hy@pagecounter=\count291

(C:\Users\mathieu.lucas\AppData\Local\Programs\MiKTeX\tex/latex/hyperref\pd1enc
.def
File: pd1enc.def 2021-06-07 v7.00m Hyperref: PDFDocEncoding definition (HO)
Now handling font encoding PD1 ...
... no UTF-8 mapping file for font encoding PD1
)
(C:\Users\mathieu.lucas\AppData\Local\Programs\MiKTeX\tex/latex/hyperref\hyperr
ef-langpatches.def
File: hyperref-langpatches.def 2021-06-07 v7.00m Hyperref: patches for babel la
nguages
)
(C:\Users\mathieu.lucas\AppData\Local\Programs\MiKTeX\tex/generic/intcalc\intca
lc.sty
Package: intcalc 2019/12/15 v1.3 Expandable calculations with integers (HO)
)
(C:\Users\mathieu.lucas\AppData\Local\Programs\MiKTeX\tex/generic/etexcmds\etex
cmds.sty
Package: etexcmds 2019/12/15 v1.7 Avoid name clashes with e-TeX commands (HO)
)
\Hy@SavedSpaceFactor=\count292

(C:\Users\mathieu.lucas\AppData\Local\Programs\MiKTeX\tex/latex/hyperref\puenc.
def
File: puenc.def 2021-06-07 v7.00m Hyperref: PDF Unicode definition (HO)
Now handling font encoding PU ...
... no UTF-8 mapping file for font encoding PU
)
Package hyperref Info: Hyper figures OFF on input line 4192.
Package hyperref Info: Link nesting OFF on input line 4197.
Package hyperref Info: Hyper index ON on input line 4200.
Package hyperref Info: Plain pages OFF on input line 4207.
Package hyperref Info: Backreferencing OFF on input line 4212.
Package hyperref Info: Implicit mode ON; LaTeX internals redefined.
Package hyperref Info: Bookmarks ON on input line 4445.
\c@Hy@tempcnt=\count293

(C:\Users\mathieu.lucas\AppData\Local\Programs\MiKTeX\tex/latex/url\url.sty
\Urlmuskip=\muskip17
Package: url 2013/09/16  ver 3.4  Verb mode for urls, etc.
)
LaTeX Info: Redefining \url on input line 4804.
\XeTeXLinkMargin=\dimen183

(C:\Users\mathieu.lucas\AppData\Local\Programs\MiKTeX\tex/generic/bitset\bitset
.sty
Package: bitset 2019/12/09 v1.3 Handle bit-vector datatype (HO)

(C:\Users\mathieu.lucas\AppData\Local\Programs\MiKTeX\tex/generic/bigintcalc\bi
gintcalc.sty
Package: bigintcalc 2019/12/15 v1.5 Expandable calculations on big integers (HO
)
))
\Fld@menulength=\count294
\Field@Width=\dimen184
\Fld@charsize=\dimen185
Package hyperref Info: Hyper figures OFF on input line 6076.
Package hyperref Info: Link nesting OFF on input line 6081.
Package hyperref Info: Hyper index ON on input line 6084.
Package hyperref Info: backreferencing OFF on input line 6091.
Package hyperref Info: Link coloring OFF on input line 6096.
Package hyperref Info: Link coloring with OCG OFF on input line 6101.
Package hyperref Info: PDF/A mode OFF on input line 6106.
LaTeX Info: Redefining \ref on input line 6146.
LaTeX Info: Redefining \pageref on input line 6150.

(C:\Users\mathieu.lucas\AppData\Local\Programs\MiKTeX\tex/latex/base\atbegshi-l
tx.sty
Package: atbegshi-ltx 2021/01/10 v1.0c Emulation of the original atbegshi
package with kernel methods
)
\Hy@abspage=\count295
\c@Item=\count296
\c@Hfootnote=\count297
)
Package hyperref Info: Driver (autodetected): hpdftex.

(C:\Users\mathieu.lucas\AppData\Local\Programs\MiKTeX\tex/latex/hyperref\hpdfte
x.def
File: hpdftex.def 2021-06-07 v7.00m Hyperref driver for pdfTeX

(C:\Users\mathieu.lucas\AppData\Local\Programs\MiKTeX\tex/latex/base\atveryend-
ltx.sty
Package: atveryend-ltx 2020/08/19 v1.0a Emulation of the original atveryend pac
kage
with kernel methods
)
\Fld@listcount=\count298
\c@bookmark@seq@number=\count299

(C:\Users\mathieu.lucas\AppData\Local\Programs\MiKTeX\tex/latex/rerunfilecheck\
rerunfilecheck.sty
Package: rerunfilecheck 2019/12/05 v1.9 Rerun checks for auxiliary files (HO)

(C:\Users\mathieu.lucas\AppData\Local\Programs\MiKTeX\tex/generic/uniquecounter
\uniquecounter.sty
Package: uniquecounter 2019/12/15 v1.4 Provide unlimited unique counter (HO)
)
Package uniquecounter Info: New unique counter `rerunfilecheck' on input line 2
86.
)
\Hy@SectionHShift=\skip58
)
Package hyperref Info: Option `colorlinks' set `true' on input line 16.

(C:\Users\mathieu.lucas\AppData\Local\Programs\MiKTeX\tex/latex/biblatex\biblat
ex.sty
Package: biblatex 2020/12/31 v3.16 programmable bibliographies (PK/MW)

(C:\Users\mathieu.lucas\AppData\Local\Programs\MiKTeX\tex/latex/etoolbox\etoolb
ox.sty
Package: etoolbox 2020/10/05 v2.5k e-TeX tools for LaTeX (JAW)
\etb@tempcnta=\count300
)
(C:\Users\mathieu.lucas\AppData\Local\Programs\MiKTeX\tex/latex/logreq\logreq.s
ty
Package: logreq 2010/08/04 v1.0 xml request logger
\lrq@indent=\count301

(C:\Users\mathieu.lucas\AppData\Local\Programs\MiKTeX\tex/latex/logreq\logreq.d
ef
File: logreq.def 2010/08/04 v1.0 logreq spec v1.0
))
(C:\Users\mathieu.lucas\AppData\Local\Programs\MiKTeX\tex/latex/base\ifthen.sty
Package: ifthen 2020/11/24 v1.1c Standard LaTeX ifthen package (DPC)
)
\c@tabx@nest=\count302
\c@listtotal=\count303
\c@listcount=\count304
\c@liststart=\count305
\c@liststop=\count306
\c@citecount=\count307
\c@citetotal=\count308
\c@multicitecount=\count309
\c@multicitetotal=\count310
\c@instcount=\count311
\c@maxnames=\count312
\c@minnames=\count313
\c@maxitems=\count314
\c@minitems=\count315
\c@citecounter=\count316
\c@maxcitecounter=\count317
\c@savedcitecounter=\count318
\c@uniquelist=\count319
\c@uniquename=\count320
\c@refsection=\count321
\c@refsegment=\count322
\c@maxextratitle=\count323
\c@maxextratitleyear=\count324
\c@maxextraname=\count325
\c@maxextradate=\count326
\c@maxextraalpha=\count327
\c@abbrvpenalty=\count328
\c@highnamepenalty=\count329
\c@lownamepenalty=\count330
\c@maxparens=\count331
\c@parenlevel=\count332
\blx@tempcnta=\count333
\blx@tempcntb=\count334
\blx@tempcntc=\count335
\blx@maxsection=\count336
\blx@maxsegment@0=\count337
\blx@notetype=\count338
\blx@parenlevel@text=\count339
\blx@parenlevel@foot=\count340
\blx@sectionciteorder@0=\count341
\blx@entrysetcounter=\count342
\blx@biblioinstance=\count343
\labelnumberwidth=\skip59
\labelalphawidth=\skip60
\biblabelsep=\skip61
\bibitemsep=\skip62
\bibnamesep=\skip63
\bibinitsep=\skip64
\bibparsep=\skip65
\bibhang=\skip66
\blx@bcfin=\read3
\blx@bcfout=\write3
\blx@langwohyphens=\language80
\c@mincomprange=\count344
\c@maxcomprange=\count345
\c@mincompwidth=\count346
Package biblatex Info: Trying to load biblatex default data model...
Package biblatex Info: ... file 'blx-dm.def' found.

(C:\Users\mathieu.lucas\AppData\Local\Programs\MiKTeX\tex/latex/biblatex\blx-dm
.def
File: blx-dm.def 2020/12/31 v3.16 biblatex localization (PK/MW)
)
Package biblatex Info: Trying to load biblatex style data model...
Package biblatex Info: ... file 'authoryear.dbx' not found.
Package biblatex Info: Trying to load biblatex custom data model...
Package biblatex Info: ... file 'biblatex-dm.cfg' not found.
\c@afterword=\count347
\c@savedafterword=\count348
\c@annotator=\count349
\c@savedannotator=\count350
\c@author=\count351
\c@savedauthor=\count352
\c@bookauthor=\count353
\c@savedbookauthor=\count354
\c@commentator=\count355
\c@savedcommentator=\count356
\c@editor=\count357
\c@savededitor=\count358
\c@editora=\count359
\c@savededitora=\count360
\c@editorb=\count361
\c@savededitorb=\count362
\c@editorc=\count363
\c@savededitorc=\count364
\c@foreword=\count365
\c@savedforeword=\count366
\c@holder=\count367
\c@savedholder=\count368
\c@introduction=\count369
\c@savedintroduction=\count370
\c@namea=\count371
\c@savednamea=\count372
\c@nameb=\count373
\c@savednameb=\count374
\c@namec=\count375
\c@savednamec=\count376
\c@translator=\count377
\c@savedtranslator=\count378
\c@shortauthor=\count379
\c@savedshortauthor=\count380
\c@shorteditor=\count381
\c@savedshorteditor=\count382
\c@labelname=\count383
\c@savedlabelname=\count384
\c@institution=\count385
\c@savedinstitution=\count386
\c@lista=\count387
\c@savedlista=\count388
\c@listb=\count389
\c@savedlistb=\count390
\c@listc=\count391
\c@savedlistc=\count392
\c@listd=\count393
\c@savedlistd=\count394
\c@liste=\count395
\c@savedliste=\count396
\c@listf=\count397
\c@savedlistf=\count398
\c@location=\count399
\c@savedlocation=\count400
\c@organization=\count401
\c@savedorganization=\count402
\c@origlocation=\count403
\c@savedoriglocation=\count404
\c@origpublisher=\count405
\c@savedorigpublisher=\count406
\c@publisher=\count407
\c@savedpublisher=\count408
\c@language=\count409
\c@savedlanguage=\count410
\c@origlanguage=\count411
\c@savedoriglanguage=\count412
\c@pageref=\count413
\c@savedpageref=\count414
\shorthandwidth=\skip67
\shortjournalwidth=\skip68
\shortserieswidth=\skip69
\shorttitlewidth=\skip70
\shortauthorwidth=\skip71
\shorteditorwidth=\skip72
\locallabelnumberwidth=\skip73
\locallabelalphawidth=\skip74
\localshorthandwidth=\skip75
\localshortjournalwidth=\skip76
\localshortserieswidth=\skip77
\localshorttitlewidth=\skip78
\localshortauthorwidth=\skip79
\localshorteditorwidth=\skip80
Package biblatex Info: Trying to load compatibility code...
Package biblatex Info: ... file 'blx-compat.def' found.

(C:\Users\mathieu.lucas\AppData\Local\Programs\MiKTeX\tex/latex/biblatex\blx-co
mpat.def
File: blx-compat.def 2020/12/31 v3.16 biblatex compatibility (PK/MW)
)
Package biblatex Info: Trying to load generic definitions...
Package biblatex Info: ... file 'biblatex.def' found.

(C:\Users\mathieu.lucas\AppData\Local\Programs\MiKTeX\tex/latex/biblatex\biblat
ex.def
File: biblatex.def 2020/12/31 v3.16 biblatex compatibility (PK/MW)
\c@textcitecount=\count415
\c@textcitetotal=\count416
\c@textcitemaxnames=\count417
\c@biburlbigbreakpenalty=\count418
\c@biburlbreakpenalty=\count419
\c@biburlnumpenalty=\count420
\c@biburlucpenalty=\count421
\c@biburllcpenalty=\count422
\biburlbigskip=\muskip18
\biburlnumskip=\muskip19
\biburlucskip=\muskip20
\biburllcskip=\muskip21
\c@smartand=\count423
)
Package biblatex Info: Trying to load natbib compatibility...
Package biblatex Info: ... file 'blx-natbib.def' found.

(C:\Users\mathieu.lucas\AppData\Local\Programs\MiKTeX\tex/latex/biblatex\blx-na
tbib.def
File: blx-natbib.def 2020/12/31 v3.16 biblatex compatibility (PK/MW)
Package biblatex Info: Delimiter 'nameyeardelim' in context '' already defined,
 overwriting.
)
Package biblatex Info: Trying to load bibliography style 'authoryear'...
Package biblatex Info: ... file 'authoryear.bbx' found.

(C:\Users\mathieu.lucas\AppData\Local\Programs\MiKTeX\tex/latex/biblatex/bbx\au
thoryear.bbx
File: authoryear.bbx 2020/12/31 v3.16 biblatex bibliography style (PK/MW)
Package biblatex Info: Trying to load bibliography style 'standard'...
Package biblatex Info: ... file 'standard.bbx' found.

(C:\Users\mathieu.lucas\AppData\Local\Programs\MiKTeX\tex/latex/biblatex/bbx\st
andard.bbx
File: standard.bbx 2020/12/31 v3.16 biblatex bibliography style (PK/MW)
\c@bbx:relatedcount=\count424
\c@bbx:relatedtotal=\count425
))
Package biblatex Info: Trying to load citation style 'authoryear'...
Package biblatex Info: ... file 'authoryear.cbx' found.

(C:\Users\mathieu.lucas\AppData\Local\Programs\MiKTeX\tex/latex/biblatex/cbx\au
thoryear.cbx
File: authoryear.cbx 2020/12/31 v3.16 biblatex citation style (PK/MW)
Package biblatex Info: Redefining '\cite'.
Package biblatex Info: Redefining '\parencite'.
Package biblatex Info: Redefining '\footcite'.
Package biblatex Info: Redefining '\footcitetext'.
Package biblatex Info: Redefining '\smartcite'.
Package biblatex Info: Redefining '\textcite'.
Package biblatex Info: Redefining '\textcites'.
)
Package biblatex Info: Trying to load configuration file...
Package biblatex Info: ... file 'biblatex.cfg' found.

(C:\Users\mathieu.lucas\AppData\Local\Programs\MiKTeX\tex/latex/biblatex\biblat
ex.cfg
File: biblatex.cfg 
))
(C:\Users\mathieu.lucas\AppData\Local\Programs\MiKTeX\tex/latex/placeins\placei
ns.sty
Package: placeins 2005/04/18  v 2.2
)

Package biblatex Warning: 'babel/polyglossia' detected but 'csquotes' missing.
(biblatex)                Loading 'csquotes' recommended.

\@quotelevel=\count426
\@quotereset=\count427

(C:\Users\mathieu.lucas\AppData\Local\Programs\MiKTeX\tex/latex/l3backend\l3bac
kend-pdftex.def
File: l3backend-pdftex.def 2021-10-18 L3 backend support: PDF output (pdfTeX)
\l__color_backend_stack_int=\count428
\l__pdf_internal_box=\box54
) (Introduction.aux)
\openout1 = `Introduction.aux'.

LaTeX Font Info:    Checking defaults for OML/cmm/m/it on input line 29.
LaTeX Font Info:    ... okay on input line 29.
LaTeX Font Info:    Checking defaults for OMS/cmsy/m/n on input line 29.
LaTeX Font Info:    ... okay on input line 29.
LaTeX Font Info:    Checking defaults for OT1/cmr/m/n on input line 29.
LaTeX Font Info:    ... okay on input line 29.
LaTeX Font Info:    Checking defaults for T1/cmr/m/n on input line 29.
LaTeX Font Info:    ... okay on input line 29.
LaTeX Font Info:    Checking defaults for TS1/cmr/m/n on input line 29.
LaTeX Font Info:    ... okay on input line 29.
LaTeX Font Info:    Checking defaults for OMX/cmex/m/n on input line 29.
LaTeX Font Info:    ... okay on input line 29.
LaTeX Font Info:    Checking defaults for U/cmr/m/n on input line 29.
LaTeX Font Info:    ... okay on input line 29.
LaTeX Font Info:    Checking defaults for PD1/pdf/m/n on input line 29.
LaTeX Font Info:    ... okay on input line 29.
LaTeX Font Info:    Checking defaults for PU/pdf/m/n on input line 29.
LaTeX Font Info:    ... okay on input line 29.
LaTeX Info: Redefining \degres on input line 29.
LaTeX Info: Redefining \up on input line 29.


Package french.ldf Warning: OT1 encoding should not be used for French.
(french.ldf)                Add \usepackage[T1]{fontenc} to the preamble
(french.ldf)                of your document; reported on input line 29.

*geometry* driver: auto-detecting
*geometry* detected driver: pdftex
*geometry* verbose mode - [ preamble ] result:
* driver: pdftex
* paper: <default>
* layout: <same size as paper>
* layoutoffset:(h,v)=(0.0pt,0.0pt)
* modes: 
* h-part:(L,W,R)=(56.9055pt, 500.484pt, 56.9055pt)
* v-part:(T,H,B)=(56.9055pt, 642.66711pt, 95.39737pt)
* \paperwidth=614.295pt
* \paperheight=794.96999pt
* \textwidth=500.484pt
* \textheight=642.66711pt
* \oddsidemargin=-15.36449pt
* \evensidemargin=-15.36449pt
* \topmargin=-52.36449pt
* \headheight=12.0pt
* \headsep=25.0pt
* \topskip=11.0pt
* \footskip=30.0pt
* \marginparwidth=59.0pt
* \marginparsep=10.0pt
* \columnsep=10.0pt
* \skip\footins=10.0pt plus 4.0pt minus 2.0pt
* \hoffset=0.0pt
* \voffset=0.0pt
* \mag=1000
* \@twocolumnfalse
* \@twosidefalse
* \@mparswitchfalse
* \@reversemarginfalse
* (1in=72.27pt=25.4mm, 1cm=28.453pt)


(C:\Users\mathieu.lucas\AppData\Local\Programs\MiKTeX\tex/context/base/mkii\sup
p-pdf.mkii
[Loading MPS to PDF converter (version 2006.09.02).]
\scratchcounter=\count429
\scratchdimen=\dimen186
\scratchbox=\box55
\nofMPsegments=\count430
\nofMParguments=\count431
\everyMPshowfont=\toks28
\MPscratchCnt=\count432
\MPscratchDim=\dimen187
\MPnumerator=\count433
\makeMPintoPDFobject=\count434
\everyMPtoPDFconversion=\toks29
)
(C:\Users\mathieu.lucas\AppData\Local\Programs\MiKTeX\tex/latex/epstopdf-pkg\ep
stopdf-base.sty
Package: epstopdf-base 2020-01-24 v2.11 Base part for package epstopdf
Package epstopdf-base Info: Redefining graphics rule for `.eps' on input line 4
85.

(C:\Users\mathieu.lucas\AppData\Local\Programs\MiKTeX\tex/latex/00miktex\epstop
df-sys.cfg
File: epstopdf-sys.cfg 2021/03/18 v2.0 Configuration of epstopdf for MiKTeX
))
Package caption Info: Begin \AtBeginDocument code.
Package caption Info: hyperref package is loaded.
Package caption Info: End \AtBeginDocument code.

(C:\Users\mathieu.lucas\AppData\Local\Programs\MiKTeX\tex/latex/graphics\color.
sty
Package: color 2021/10/11 v1.3b Standard LaTeX Color (DPC)

(C:\Users\mathieu.lucas\AppData\Local\Programs\MiKTeX\tex/latex/graphics-cfg\co
lor.cfg
File: color.cfg 2016/01/02 v1.6 sample color configuration
)
Package color Info: Driver file: pdftex.def on input line 149.
)
Package hyperref Info: Link coloring ON on input line 29.

(C:\Users\mathieu.lucas\AppData\Local\Programs\MiKTeX\tex/latex/hyperref\namere
f.sty
Package: nameref 2021-04-02 v2.47 Cross-referencing by name of section

(C:\Users\mathieu.lucas\AppData\Local\Programs\MiKTeX\tex/latex/refcount\refcou
nt.sty
Package: refcount 2019/12/15 v3.6 Data extraction from label references (HO)
)
(C:\Users\mathieu.lucas\AppData\Local\Programs\MiKTeX\tex/generic/gettitlestrin
g\gettitlestring.sty
Package: gettitlestring 2019/12/15 v1.6 Cleanup title references (HO)
)
\c@section@level=\count435
)
LaTeX Info: Redefining \ref on input line 29.
LaTeX Info: Redefining \pageref on input line 29.
LaTeX Info: Redefining \nameref on input line 29.
 (Introduction.out) (Introduction.out)
\@outlinefile=\write4
\openout4 = `Introduction.out'.

Package biblatex Info: Trying to load language 'french'...
Package biblatex Info: ... file 'french.lbx' found.

(C:\Users\mathieu.lucas\AppData\Local\Programs\MiKTeX\tex/latex/biblatex/lbx\fr
ench.lbx
File: french.lbx 2020/12/31 v3.16 biblatex localization (PK/MW)
)
Package biblatex Info: Input encoding 'utf8' detected.
Package biblatex Info: Automatic encoding selection.
(biblatex)             Assuming data encoding 'utf8'.
Package biblatex Info: Document encoding is UTF8 ....

(C:\Users\mathieu.lucas\AppData\Local\Programs\MiKTeX\tex/latex/l3kernel\expl3.
sty
Package: expl3 2021-11-22 L3 programming layer (loader) 
)
Package biblatex Info: ... and expl3
(biblatex)             2021-11-22 L3 programming layer (loader) 
(biblatex)             is new enough (at least 2020/04/06),
(biblatex)             setting 'casechanger=expl3'.

(C:\Users\mathieu.lucas\AppData\Local\Programs\MiKTeX\tex/latex/biblatex\blx-ca
se-expl3.sty
(C:\Users\mathieu.lucas\AppData\Local\Programs\MiKTeX\tex/latex/l3packages/xpar
se\xparse.sty
Package: xparse 2021-11-12 L3 Experimental document command parser
)
Package: blx-case-expl3 2020/12/31 v3.16 expl3 case changing code for biblatex
)
\openout3 = `Introduction.bcf'.

Package biblatex Info: Trying to load bibliographic data...
Package biblatex Info: ... file 'Introduction.bbl' found.
 (Introduction.bbl)
Package biblatex Info: Reference section=0 on input line 29.
Package biblatex Info: Reference segment=0 on input line 29.
 (Introduction.toc
LaTeX Font Info:    Trying to load font information for U+msa on input line 6.

(C:\Users\mathieu.lucas\AppData\Local\Programs\MiKTeX\tex/latex/amsfonts\umsa.f
d
File: umsa.fd 2013/01/14 v3.01 AMS symbols A
)
LaTeX Font Info:    Trying to load font information for U+msb on input line 6.

(C:\Users\mathieu.lucas\AppData\Local\Programs\MiKTeX\tex/latex/amsfonts\umsb.f
d
File: umsb.fd 2013/01/14 v3.01 AMS symbols B
))
\tf@toc=\write5
\openout5 = `Introduction.toc'.

 [1

{C:/Users/mathieu.lucas/AppData/Local/MiKTeX/fonts/map/pdftex/pdftex.map}] [2] 
[3] [4] [5] [6] [7] [8] [9]
<Figures/SchemaThese.pdf, id=315, 932.54924pt x 929.25624pt>
File: Figures/SchemaThese.pdf Graphic file (type pdf)
<use Figures/SchemaThese.pdf>
Package pdftex.def Info: Figures/SchemaThese.pdf  used on input line 158.
(pdftex.def)             Requested size: 400.38872pt x 398.97687pt.
 [10 <./Figures/SchemaThese.pdf>] [11]
Overfull \hbox (1.65985pt too wide) in paragraph at lines 168--168
[][][]\OT1/cmr/m/sc/10.95 Hall[]\OT1/cmr/m/n/10.95 , J., B. []\OT1/cmr/m/sc/10.
95 Arheimer[]\OT1/cmr/m/n/10.95 , M. []\OT1/cmr/m/sc/10.95 Borga[]\OT1/cmr/m/n/
10.95 , R. []\OT1/cmr/m/sc/10.95 Br[]azdil[]\OT1/cmr/m/n/10.95 , P. []\OT1/cmr/
m/sc/10.95 Claps[]\OT1/cmr/m/n/10.95 , A. []\OT1/cmr/m/sc/10.95 Kiss[]\OT1/cmr/
m/n/10.95 , T. R. []\OT1/cmr/m/sc/10.95 Kjeldsen[]\OT1/cmr/m/n/10.95 , J. []\OT
1/cmr/m/sc/10.95 Kriau[]ci[]unien[]e[]\OT1/cmr/m/n/10.95 ,
 []


Overfull \hbox (7.3632pt too wide) in paragraph at lines 168--168
\OT1/cmr/m/it/10.95 ter Re-sources Re-search \OT1/cmr/m/n/10.95 56.3. []eprint 
: https ://on-li-ne-li-brary.wiley.com/doi/pdf/10.1029/2019WR025910,
 []

[12]
Overfull \hbox (136.6048pt too wide) in paragraph at lines 168--168
\OT1/cmr/m/n/10.95 gres-sion mo-de-ling''. In : \OT1/cmr/m/it/10.95 Wa-ter Re-s
ources Re-search \OT1/cmr/m/n/10.95 45.2. []eprint : https ://on-li-ne-li-brary
.wiley.com/doi/pdf/10.1029/2007WR006283.
 []


Overfull \hbox (8.64044pt too wide) in paragraph at lines 168--168
[][][]\OT1/cmr/m/sc/10.95 Kuentz[]\OT1/cmr/m/n/10.95 , A., T. []\OT1/cmr/m/sc/1
0.95 Mathevet[]\OT1/cmr/m/n/10.95 , D. []\OT1/cmr/m/sc/10.95 Cur[]\OT1/cmr/m/n
/10.95 , C. []\OT1/cmr/m/sc/10.95 Perret[]\OT1/cmr/m/n/10.95 , J. []\OT1/cmr/m/
sc/10.95 Gailhard[]\OT1/cmr/m/n/10.95 , L. []\OT1/cmr/m/sc/10.95 Gu[]erin[]\OT1
/cmr/m/n/10.95 , Y. []\OT1/cmr/m/sc/10.95 Gash []\OT1/cmr/m/n/10.95 et V. []\OT
1/cmr/m/sc/10.95 Andr[]eassian
 []

[13]
Overfull \hbox (22.3958pt too wide) in paragraph at lines 168--168
\OT1/cmr/m/n/10.95 In : \OT1/cmr/m/it/10.95 Aus-tra-lian Geo-gra-phi-cal Stu-di
es \OT1/cmr/m/n/10.95 30.1. []eprint : https ://onlinelibrary.wiley.com/doi/pdf
/10.1111/j.1467-
 []


Overfull \hbox (17.10919pt too wide) in paragraph at lines 168--168
[][][]\OT1/cmr/m/sc/10.95 Milly[]\OT1/cmr/m/n/10.95 , P. C. D., J. []\OT1/cmr/m
/sc/10.95 Betancourt[]\OT1/cmr/m/n/10.95 , M. []\OT1/cmr/m/sc/10.95 Falkenmark[
]\OT1/cmr/m/n/10.95 , R. M. []\OT1/cmr/m/sc/10.95 Hirsch[]\OT1/cmr/m/n/10.95 , 
Z. W. []\OT1/cmr/m/sc/10.95 Kundzewicz[]\OT1/cmr/m/n/10.95 , D. P. []\OT1/cmr/m
/sc/10.95 Lettenmaier
 []

[14] [15]
Overfull \hbox (9.18376pt too wide) in paragraph at lines 168--168
[][][]\OT1/cmr/m/sc/10.95 Steinbakk[]\OT1/cmr/m/n/10.95 , G. H., T. L. []\OT1/c
mr/m/sc/10.95 Thorarinsdottir[]\OT1/cmr/m/n/10.95 , T. []\OT1/cmr/m/sc/10.95 Re
itan[]\OT1/cmr/m/n/10.95 , L. []\OT1/cmr/m/sc/10.95 Schlichting[]\OT1/cmr/m/n/1
0.95 , S. []\OT1/cmr/m/sc/10.95 Hlleland []\OT1/cmr/m/n/10.95 et K. []\OT1/cmr
/m/sc/10.95 Engeland
 []


Overfull \hbox (105.26155pt too wide) in paragraph at lines 168--168
\OT1/cmr/m/n/10.95 In : \OT1/cmr/m/it/10.95 Hy-dro-lo-gi-cal Sciences Jour-nal 
\OT1/cmr/m/n/10.95 56.5. Pu-bli-sher : Tay-lor & Fran-cis []eprint : https ://d
oi.org/10.1080/02626667.2011.583613,
 []


Overfull \hbox (2.34798pt too wide) in paragraph at lines 168--168
[][][]\OT1/cmr/m/sc/10.95 WHS []\OT1/cmr/m/n/10.95 (2008). \OT1/cmr/m/it/10.95 
Flood Es-ti-ma-tion Hand-book\OT1/cmr/m/n/10.95 . WHS. Sec-tion : Soft-ware. \O
T1/cmr/m/sc/10.95 url \OT1/cmr/m/n/10.95 : [][]$\OT1/cmtt/m/n/10.95 https : / /
 www . hydrosolutions .
 []

[16] (Introduction.aux)
Package rerunfilecheck Info: File `Introduction.out' has not changed.
(rerunfilecheck)             Checksum: 9DCCD3482E92B7B68BE5B44F010E4BC5;2469.
Package logreq Info: Writing requests to 'Introduction.run.xml'.
\openout1 = `Introduction.run.xml'.

 ) 
Here is how much of TeX's memory you used:
 21271 strings out of 478659
 383126 string characters out of 2842128
 1102109 words of memory out of 3000000
 38995 multiletter control sequences out of 15000+600000
 410710 words of font info for 54 fonts, out of 8000000 for 9000
 1141 hyphenation exceptions out of 8191
 67i,6n,77p,4438b,1866s stack positions out of 5000i,500n,10000p,200000b,80000s
<C:/Users/mathieu.lucas/AppData/Local/Programs/MiKTeX/fonts/type1/public/amsf
onts/cm/cmbx10.pfb><C:/Users/mathieu.lucas/AppData/Local/Programs/MiKTeX/fonts/
type1/public/amsfonts/cm/cmbx12.pfb><C:/Users/mathieu.lucas/AppData/Local/Progr
ams/MiKTeX/fonts/type1/public/amsfonts/cm/cmcsc10.pfb><C:/Users/mathieu.lucas/A
ppData/Local/Programs/MiKTeX/fonts/type1/public/amsfonts/cm/cmmi10.pfb><C:/User
s/mathieu.lucas/AppData/Local/Programs/MiKTeX/fonts/type1/public/amsfonts/cm/cm
r10.pfb><C:/Users/mathieu.lucas/AppData/Local/Programs/MiKTeX/fonts/type1/publi
c/amsfonts/cm/cmr12.pfb><C:/Users/mathieu.lucas/AppData/Local/Programs/MiKTeX/f
onts/type1/public/amsfonts/cm/cmr17.pfb><C:/Users/mathieu.lucas/AppData/Local/P
rograms/MiKTeX/fonts/type1/public/amsfonts/cm/cmr8.pfb><C:/Users/mathieu.lucas/
AppData/Local/Programs/MiKTeX/fonts/type1/public/amsfonts/cm/cmsy10.pfb><C:/Use
rs/mathieu.lucas/AppData/Local/Programs/MiKTeX/fonts/type1/public/amsfonts/cm/c
msy6.pfb><C:/Users/mathieu.lucas/AppData/Local/Programs/MiKTeX/fonts/type1/publ
ic/amsfonts/cm/cmti10.pfb><C:/Users/mathieu.lucas/AppData/Local/Programs/MiKTeX
/fonts/type1/public/amsfonts/cm/cmtt10.pfb>
Output written on Introduction.pdf (16 pages, 651342 bytes).
PDF statistics:
 1022 PDF objects out of 1200 (max. 8388607)
 138 named destinations out of 1000 (max. 500000)
 86 words of extra memory for PDF output out of 10000 (max. 10000000)

