This is pdfTeX, Version 3.141592653-2.6-1.40.24 (MiKTeX 21.12 32-bit) (preloaded format=pdflatex 2021.12.8)  26 JAN 2023 15:52
entering extended mode
 restricted \write18 enabled.
 %&-line parsing enabled.
**./main.tex
(main.tex
LaTeX2e <2021-11-15> patch level 1
L3 programming layer <2021-11-22>
(C:\Users\mathieu.lucas\AppData\Local\Programs\MiKTeX\tex/latex/base\article.cl
s
Document Class: article 2021/10/04 v1.4n Standard LaTeX document class

(C:\Users\mathieu.lucas\AppData\Local\Programs\MiKTeX\tex/latex/base\size11.clo
File: size11.clo 2021/10/04 v1.4n Standard LaTeX file (size option)
)
\c@part=\count183
\c@section=\count184
\c@subsection=\count185
\c@subsubsection=\count186
\c@paragraph=\count187
\c@subparagraph=\count188
\c@figure=\count189
\c@table=\count190
\abovecaptionskip=\skip47
\belowcaptionskip=\skip48
\bibindent=\dimen138
)
(C:\Users\mathieu.lucas\AppData\Local\Programs\MiKTeX\tex/latex/base\inputenc.s
ty
Package: inputenc 2021/02/14 v1.3d Input encoding file
\inpenc@prehook=\toks16
\inpenc@posthook=\toks17
)
(C:\Users\mathieu.lucas\AppData\Local\Programs\MiKTeX\tex/latex/geometry\geomet
ry.sty
Package: geometry 2020/01/02 v5.9 Page Geometry

(C:\Users\mathieu.lucas\AppData\Local\Programs\MiKTeX\tex/latex/graphics\keyval
.sty
Package: keyval 2014/10/28 v1.15 key=value parser (DPC)
\KV@toks@=\toks18
)
(C:\Users\mathieu.lucas\AppData\Local\Programs\MiKTeX\tex/generic/iftex\ifvtex.
sty
Package: ifvtex 2019/10/25 v1.7 ifvtex legacy package. Use iftex instead.

(C:\Users\mathieu.lucas\AppData\Local\Programs\MiKTeX\tex/generic/iftex\iftex.s
ty
Package: iftex 2020/03/06 v1.0d TeX engine tests
))
\Gm@cnth=\count191
\Gm@cntv=\count192
\c@Gm@tempcnt=\count193
\Gm@bindingoffset=\dimen139
\Gm@wd@mp=\dimen140
\Gm@odd@mp=\dimen141
\Gm@even@mp=\dimen142
\Gm@layoutwidth=\dimen143
\Gm@layoutheight=\dimen144
\Gm@layouthoffset=\dimen145
\Gm@layoutvoffset=\dimen146
\Gm@dimlist=\toks19

(C:\Users\mathieu.lucas\AppData\Local\Programs\MiKTeX\tex/latex/geometry\geomet
ry.cfg))
(C:\Users\mathieu.lucas\AppData\Local\Programs\MiKTeX\tex/latex/graphics\graphi
cx.sty
Package: graphicx 2021/09/16 v1.2d Enhanced LaTeX Graphics (DPC,SPQR)

(C:\Users\mathieu.lucas\AppData\Local\Programs\MiKTeX\tex/latex/graphics\graphi
cs.sty
Package: graphics 2021/03/04 v1.4d Standard LaTeX Graphics (DPC,SPQR)

(C:\Users\mathieu.lucas\AppData\Local\Programs\MiKTeX\tex/latex/graphics\trig.s
ty
Package: trig 2021/08/11 v1.11 sin cos tan (DPC)
)
(C:\Users\mathieu.lucas\AppData\Local\Programs\MiKTeX\tex/latex/graphics-cfg\gr
aphics.cfg
File: graphics.cfg 2016/06/04 v1.11 sample graphics configuration
)
Package graphics Info: Driver file: pdftex.def on input line 107.

(C:\Users\mathieu.lucas\AppData\Local\Programs\MiKTeX\tex/latex/graphics-def\pd
ftex.def
File: pdftex.def 2020/10/05 v1.2a Graphics/color driver for pdftex
))
\Gin@req@height=\dimen147
\Gin@req@width=\dimen148
)
(C:\Users\mathieu.lucas\AppData\Local\Programs\MiKTeX\tex/latex/tools\tabularx.
sty
Package: tabularx 2020/01/15 v2.11c `tabularx' package (DPC)

(C:\Users\mathieu.lucas\AppData\Local\Programs\MiKTeX\tex/latex/tools\array.sty
Package: array 2021/10/04 v2.5f Tabular extension package (FMi)
\col@sep=\dimen149
\ar@mcellbox=\box50
\extrarowheight=\dimen150
\NC@list=\toks20
\extratabsurround=\skip49
\backup@length=\skip50
\ar@cellbox=\box51
)
\TX@col@width=\dimen151
\TX@old@table=\dimen152
\TX@old@col=\dimen153
\TX@target=\dimen154
\TX@delta=\dimen155
\TX@cols=\count194
\TX@ftn=\toks21
)
(C:\Users\mathieu.lucas\AppData\Local\Programs\MiKTeX\tex/latex/placeins\placei
ns.sty
Package: placeins 2005/04/18  v 2.2
)
(C:\Users\mathieu.lucas\AppData\Local\Programs\MiKTeX\tex/latex/biblatex\biblat
ex.sty
Package: biblatex 2020/12/31 v3.16 programmable bibliographies (PK/MW)

(C:\Users\mathieu.lucas\AppData\Local\Programs\MiKTeX\tex/generic/pdftexcmds\pd
ftexcmds.sty
Package: pdftexcmds 2020-06-27 v0.33 Utility functions of pdfTeX for LuaTeX (HO
)

(C:\Users\mathieu.lucas\AppData\Local\Programs\MiKTeX\tex/generic/infwarerr\inf
warerr.sty
Package: infwarerr 2019/12/03 v1.5 Providing info/warning/error messages (HO)
)
(C:\Users\mathieu.lucas\AppData\Local\Programs\MiKTeX\tex/generic/ltxcmds\ltxcm
ds.sty
Package: ltxcmds 2020-05-10 v1.25 LaTeX kernel commands for general use (HO)
)
Package pdftexcmds Info: \pdf@primitive is available.
Package pdftexcmds Info: \pdf@ifprimitive is available.
Package pdftexcmds Info: \pdfdraftmode found.
)
(C:\Users\mathieu.lucas\AppData\Local\Programs\MiKTeX\tex/latex/etoolbox\etoolb
ox.sty
Package: etoolbox 2020/10/05 v2.5k e-TeX tools for LaTeX (JAW)
\etb@tempcnta=\count195
)
(C:\Users\mathieu.lucas\AppData\Local\Programs\MiKTeX\tex/latex/kvoptions\kvopt
ions.sty
Package: kvoptions 2020-10-07 v3.14 Key value format for package options (HO)

(C:\Users\mathieu.lucas\AppData\Local\Programs\MiKTeX\tex/generic/kvsetkeys\kvs
etkeys.sty
Package: kvsetkeys 2019/12/15 v1.18 Key value parser (HO)
))
(C:\Users\mathieu.lucas\AppData\Local\Programs\MiKTeX\tex/latex/logreq\logreq.s
ty
Package: logreq 2010/08/04 v1.0 xml request logger
\lrq@indent=\count196

(C:\Users\mathieu.lucas\AppData\Local\Programs\MiKTeX\tex/latex/logreq\logreq.d
ef
File: logreq.def 2010/08/04 v1.0 logreq spec v1.0
))
(C:\Users\mathieu.lucas\AppData\Local\Programs\MiKTeX\tex/latex/base\ifthen.sty
Package: ifthen 2020/11/24 v1.1c Standard LaTeX ifthen package (DPC)
) (C:\Users\mathieu.lucas\AppData\Local\Programs\MiKTeX\tex/latex/url\url.sty
\Urlmuskip=\muskip16
Package: url 2013/09/16  ver 3.4  Verb mode for urls, etc.
)
\c@tabx@nest=\count197
\c@listtotal=\count198
\c@listcount=\count199
\c@liststart=\count266
\c@liststop=\count267
\c@citecount=\count268
\c@citetotal=\count269
\c@multicitecount=\count270
\c@multicitetotal=\count271
\c@instcount=\count272
\c@maxnames=\count273
\c@minnames=\count274
\c@maxitems=\count275
\c@minitems=\count276
\c@citecounter=\count277
\c@maxcitecounter=\count278
\c@savedcitecounter=\count279
\c@uniquelist=\count280
\c@uniquename=\count281
\c@refsection=\count282
\c@refsegment=\count283
\c@maxextratitle=\count284
\c@maxextratitleyear=\count285
\c@maxextraname=\count286
\c@maxextradate=\count287
\c@maxextraalpha=\count288
\c@abbrvpenalty=\count289
\c@highnamepenalty=\count290
\c@lownamepenalty=\count291
\c@maxparens=\count292
\c@parenlevel=\count293
\blx@tempcnta=\count294
\blx@tempcntb=\count295
\blx@tempcntc=\count296
\blx@maxsection=\count297
\blx@maxsegment@0=\count298
\blx@notetype=\count299
\blx@parenlevel@text=\count300
\blx@parenlevel@foot=\count301
\blx@sectionciteorder@0=\count302
\blx@entrysetcounter=\count303
\blx@biblioinstance=\count304
\labelnumberwidth=\skip51
\labelalphawidth=\skip52
\biblabelsep=\skip53
\bibitemsep=\skip54
\bibnamesep=\skip55
\bibinitsep=\skip56
\bibparsep=\skip57
\bibhang=\skip58
\blx@bcfin=\read2
\blx@bcfout=\write3
\blx@langwohyphens=\language79
\c@mincomprange=\count305
\c@maxcomprange=\count306
\c@mincompwidth=\count307
Package biblatex Info: Trying to load biblatex default data model...
Package biblatex Info: ... file 'blx-dm.def' found.

(C:\Users\mathieu.lucas\AppData\Local\Programs\MiKTeX\tex/latex/biblatex\blx-dm
.def
File: blx-dm.def 2020/12/31 v3.16 biblatex localization (PK/MW)
)
Package biblatex Info: Trying to load biblatex style data model...
Package biblatex Info: ... file 'authoryear.dbx' not found.
Package biblatex Info: Trying to load biblatex custom data model...
Package biblatex Info: ... file 'biblatex-dm.cfg' not found.
\c@afterword=\count308
\c@savedafterword=\count309
\c@annotator=\count310
\c@savedannotator=\count311
\c@author=\count312
\c@savedauthor=\count313
\c@bookauthor=\count314
\c@savedbookauthor=\count315
\c@commentator=\count316
\c@savedcommentator=\count317
\c@editor=\count318
\c@savededitor=\count319
\c@editora=\count320
\c@savededitora=\count321
\c@editorb=\count322
\c@savededitorb=\count323
\c@editorc=\count324
\c@savededitorc=\count325
\c@foreword=\count326
\c@savedforeword=\count327
\c@holder=\count328
\c@savedholder=\count329
\c@introduction=\count330
\c@savedintroduction=\count331
\c@namea=\count332
\c@savednamea=\count333
\c@nameb=\count334
\c@savednameb=\count335
\c@namec=\count336
\c@savednamec=\count337
\c@translator=\count338
\c@savedtranslator=\count339
\c@shortauthor=\count340
\c@savedshortauthor=\count341
\c@shorteditor=\count342
\c@savedshorteditor=\count343
\c@labelname=\count344
\c@savedlabelname=\count345
\c@institution=\count346
\c@savedinstitution=\count347
\c@lista=\count348
\c@savedlista=\count349
\c@listb=\count350
\c@savedlistb=\count351
\c@listc=\count352
\c@savedlistc=\count353
\c@listd=\count354
\c@savedlistd=\count355
\c@liste=\count356
\c@savedliste=\count357
\c@listf=\count358
\c@savedlistf=\count359
\c@location=\count360
\c@savedlocation=\count361
\c@organization=\count362
\c@savedorganization=\count363
\c@origlocation=\count364
\c@savedoriglocation=\count365
\c@origpublisher=\count366
\c@savedorigpublisher=\count367
\c@publisher=\count368
\c@savedpublisher=\count369
\c@language=\count370
\c@savedlanguage=\count371
\c@origlanguage=\count372
\c@savedoriglanguage=\count373
\c@pageref=\count374
\c@savedpageref=\count375
\shorthandwidth=\skip59
\shortjournalwidth=\skip60
\shortserieswidth=\skip61
\shorttitlewidth=\skip62
\shortauthorwidth=\skip63
\shorteditorwidth=\skip64
\locallabelnumberwidth=\skip65
\locallabelalphawidth=\skip66
\localshorthandwidth=\skip67
\localshortjournalwidth=\skip68
\localshortserieswidth=\skip69
\localshorttitlewidth=\skip70
\localshortauthorwidth=\skip71
\localshorteditorwidth=\skip72
Package biblatex Info: Trying to load compatibility code...
Package biblatex Info: ... file 'blx-compat.def' found.

(C:\Users\mathieu.lucas\AppData\Local\Programs\MiKTeX\tex/latex/biblatex\blx-co
mpat.def
File: blx-compat.def 2020/12/31 v3.16 biblatex compatibility (PK/MW)
)
Package biblatex Info: Trying to load generic definitions...
Package biblatex Info: ... file 'biblatex.def' found.

(C:\Users\mathieu.lucas\AppData\Local\Programs\MiKTeX\tex/latex/biblatex\biblat
ex.def
File: biblatex.def 2020/12/31 v3.16 biblatex compatibility (PK/MW)
\c@textcitecount=\count376
\c@textcitetotal=\count377
\c@textcitemaxnames=\count378
\c@biburlbigbreakpenalty=\count379
\c@biburlbreakpenalty=\count380
\c@biburlnumpenalty=\count381
\c@biburlucpenalty=\count382
\c@biburllcpenalty=\count383
\biburlbigskip=\muskip17
\biburlnumskip=\muskip18
\biburlucskip=\muskip19
\biburllcskip=\muskip20
\c@smartand=\count384
)
Package biblatex Info: Trying to load natbib compatibility...
Package biblatex Info: ... file 'blx-natbib.def' found.

(C:\Users\mathieu.lucas\AppData\Local\Programs\MiKTeX\tex/latex/biblatex\blx-na
tbib.def
File: blx-natbib.def 2020/12/31 v3.16 biblatex compatibility (PK/MW)
Package biblatex Info: Delimiter 'nameyeardelim' in context '' already defined,
 overwriting.
)
Package biblatex Info: Trying to load bibliography style 'authoryear'...
Package biblatex Info: ... file 'authoryear.bbx' found.

(C:\Users\mathieu.lucas\AppData\Local\Programs\MiKTeX\tex/latex/biblatex/bbx\au
thoryear.bbx
File: authoryear.bbx 2020/12/31 v3.16 biblatex bibliography style (PK/MW)
Package biblatex Info: Trying to load bibliography style 'standard'...
Package biblatex Info: ... file 'standard.bbx' found.

(C:\Users\mathieu.lucas\AppData\Local\Programs\MiKTeX\tex/latex/biblatex/bbx\st
andard.bbx
File: standard.bbx 2020/12/31 v3.16 biblatex bibliography style (PK/MW)
\c@bbx:relatedcount=\count385
\c@bbx:relatedtotal=\count386
))
Package biblatex Info: Trying to load citation style 'authoryear'...
Package biblatex Info: ... file 'authoryear.cbx' found.

(C:\Users\mathieu.lucas\AppData\Local\Programs\MiKTeX\tex/latex/biblatex/cbx\au
thoryear.cbx
File: authoryear.cbx 2020/12/31 v3.16 biblatex citation style (PK/MW)
Package biblatex Info: Redefining '\cite'.
Package biblatex Info: Redefining '\parencite'.
Package biblatex Info: Redefining '\footcite'.
Package biblatex Info: Redefining '\footcitetext'.
Package biblatex Info: Redefining '\smartcite'.
Package biblatex Info: Redefining '\textcite'.
Package biblatex Info: Redefining '\textcites'.
)
Package biblatex Info: Trying to load configuration file...
Package biblatex Info: ... file 'biblatex.cfg' found.

(C:\Users\mathieu.lucas\AppData\Local\Programs\MiKTeX\tex/latex/biblatex\biblat
ex.cfg
File: biblatex.cfg 
))
(C:\Users\mathieu.lucas\AppData\Local\Programs\MiKTeX\tex/latex/doublestroke\ds
font.sty
Package: dsfont 1995/08/01 v0.1 Double stroke roman fonts
)
(C:\Users\mathieu.lucas\AppData\Local\Programs\MiKTeX\tex/latex/multirow\multir
ow.sty
Package: multirow 2021/03/15 v2.8 Span multiple rows of a table
\multirow@colwidth=\skip73
\multirow@cntb=\count387
\multirow@dima=\skip74
\bigstrutjot=\dimen156
)
(C:\Users\mathieu.lucas\AppData\Local\Programs\MiKTeX\tex/latex/amsmath\amsmath
.sty
Package: amsmath 2021/10/15 v2.17l AMS math features
\@mathmargin=\skip75

For additional information on amsmath, use the `?' option.

(C:\Users\mathieu.lucas\AppData\Local\Programs\MiKTeX\tex/latex/amsmath\amstext
.sty
Package: amstext 2021/08/26 v2.01 AMS text

(C:\Users\mathieu.lucas\AppData\Local\Programs\MiKTeX\tex/latex/amsmath\amsgen.
sty
File: amsgen.sty 1999/11/30 v2.0 generic functions
\@emptytoks=\toks22
\ex@=\dimen157
))
(C:\Users\mathieu.lucas\AppData\Local\Programs\MiKTeX\tex/latex/amsmath\amsbsy.
sty
Package: amsbsy 1999/11/29 v1.2d Bold Symbols
\pmbraise@=\dimen158
)
(C:\Users\mathieu.lucas\AppData\Local\Programs\MiKTeX\tex/latex/amsmath\amsopn.
sty
Package: amsopn 2021/08/26 v2.02 operator names
)
\inf@bad=\count388
LaTeX Info: Redefining \frac on input line 234.
\uproot@=\count389
\leftroot@=\count390
LaTeX Info: Redefining \overline on input line 399.
\classnum@=\count391
\DOTSCASE@=\count392
LaTeX Info: Redefining \ldots on input line 496.
LaTeX Info: Redefining \dots on input line 499.
LaTeX Info: Redefining \cdots on input line 620.
\Mathstrutbox@=\box52
\strutbox@=\box53
\big@size=\dimen159
LaTeX Font Info:    Redeclaring font encoding OML on input line 743.
LaTeX Font Info:    Redeclaring font encoding OMS on input line 744.
\macc@depth=\count393
\c@MaxMatrixCols=\count394
\dotsspace@=\muskip21
\c@parentequation=\count395
\dspbrk@lvl=\count396
\tag@help=\toks23
\row@=\count397
\column@=\count398
\maxfields@=\count399
\andhelp@=\toks24
\eqnshift@=\dimen160
\alignsep@=\dimen161
\tagshift@=\dimen162
\tagwidth@=\dimen163
\totwidth@=\dimen164
\lineht@=\dimen165
\@envbody=\toks25
\multlinegap=\skip76
\multlinetaggap=\skip77
\mathdisplay@stack=\toks26
LaTeX Info: Redefining \[ on input line 2938.
LaTeX Info: Redefining \] on input line 2939.
)
(C:\Users\mathieu.lucas\AppData\Local\Programs\MiKTeX\tex/latex/amsfonts\amsfon
ts.sty
Package: amsfonts 2013/01/14 v3.01 Basic AMSFonts support
\symAMSa=\mathgroup4
\symAMSb=\mathgroup5
LaTeX Font Info:    Redeclaring math symbol \hbar on input line 98.
LaTeX Font Info:    Overwriting math alphabet `\mathfrak' in version `bold'
(Font)                  U/euf/m/n --> U/euf/b/n on input line 106.
)
(C:\Users\mathieu.lucas\AppData\Local\Programs\MiKTeX\tex/latex/amsfonts\amssym
b.sty
Package: amssymb 2013/01/14 v3.01 AMS font symbols
)
(C:\Users\mathieu.lucas\AppData\Local\Programs\MiKTeX\tex/latex/caption\subcapt
ion.sty
Package: subcaption 2020/10/07 v1.3j Sub-captions (AR)

(C:\Users\mathieu.lucas\AppData\Local\Programs\MiKTeX\tex/latex/caption\caption
.sty
Package: caption 2020/10/26 v3.5g Customizing captions (AR)

(C:\Users\mathieu.lucas\AppData\Local\Programs\MiKTeX\tex/latex/caption\caption
3.sty
Package: caption3 2020/10/21 v2.2e caption3 kernel (AR)
\captionmargin=\dimen166
\captionmargin@=\dimen167
\captionwidth=\dimen168
\caption@tempdima=\dimen169
\caption@indent=\dimen170
\caption@parindent=\dimen171
\caption@hangindent=\dimen172
Package caption Info: Standard document class detected.
)
\c@caption@flags=\count400
\c@continuedfloat=\count401
)
\c@subfigure=\count402
\c@subtable=\count403
)
(C:\Users\mathieu.lucas\AppData\Local\Programs\MiKTeX\tex/latex/preprint\authbl
k.sty
Package: authblk 2001/02/27 1.3 (PWD)
\affilsep=\skip78
\@affilsep=\skip79
\c@Maxaffil=\count404
\c@authors=\count405
\c@affil=\count406
)
(C:\Users\mathieu.lucas\AppData\Local\Programs\MiKTeX\tex/latex/hyperref\hyperr
ef.sty
Package: hyperref 2021-06-07 v7.00m Hypertext links for LaTeX

(C:\Users\mathieu.lucas\AppData\Local\Programs\MiKTeX\tex/generic/kvdefinekeys\
kvdefinekeys.sty
Package: kvdefinekeys 2019-12-19 v1.6 Define keys (HO)
)
(C:\Users\mathieu.lucas\AppData\Local\Programs\MiKTeX\tex/generic/pdfescape\pdf
escape.sty
Package: pdfescape 2019/12/09 v1.15 Implements pdfTeX's escape features (HO)
)
(C:\Users\mathieu.lucas\AppData\Local\Programs\MiKTeX\tex/latex/hycolor\hycolor
.sty
Package: hycolor 2020-01-27 v1.10 Color options for hyperref/bookmark (HO)
)
(C:\Users\mathieu.lucas\AppData\Local\Programs\MiKTeX\tex/latex/letltxmacro\let
ltxmacro.sty
Package: letltxmacro 2019/12/03 v1.6 Let assignment for LaTeX macros (HO)
)
(C:\Users\mathieu.lucas\AppData\Local\Programs\MiKTeX\tex/latex/auxhook\auxhook
.sty
Package: auxhook 2019-12-17 v1.6 Hooks for auxiliary files (HO)
)
\@linkdim=\dimen173
\Hy@linkcounter=\count407
\Hy@pagecounter=\count408

(C:\Users\mathieu.lucas\AppData\Local\Programs\MiKTeX\tex/latex/hyperref\pd1enc
.def
File: pd1enc.def 2021-06-07 v7.00m Hyperref: PDFDocEncoding definition (HO)
Now handling font encoding PD1 ...
... no UTF-8 mapping file for font encoding PD1
)
(C:\Users\mathieu.lucas\AppData\Local\Programs\MiKTeX\tex/latex/hyperref\hyperr
ef-langpatches.def
File: hyperref-langpatches.def 2021-06-07 v7.00m Hyperref: patches for babel la
nguages
)
(C:\Users\mathieu.lucas\AppData\Local\Programs\MiKTeX\tex/generic/intcalc\intca
lc.sty
Package: intcalc 2019/12/15 v1.3 Expandable calculations with integers (HO)
)
(C:\Users\mathieu.lucas\AppData\Local\Programs\MiKTeX\tex/generic/etexcmds\etex
cmds.sty
Package: etexcmds 2019/12/15 v1.7 Avoid name clashes with e-TeX commands (HO)
)
\Hy@SavedSpaceFactor=\count409

(C:\Users\mathieu.lucas\AppData\Local\Programs\MiKTeX\tex/latex/hyperref\puenc.
def
File: puenc.def 2021-06-07 v7.00m Hyperref: PDF Unicode definition (HO)
Now handling font encoding PU ...
... no UTF-8 mapping file for font encoding PU
)
Package hyperref Info: Hyper figures OFF on input line 4192.
Package hyperref Info: Link nesting OFF on input line 4197.
Package hyperref Info: Hyper index ON on input line 4200.
Package hyperref Info: Plain pages OFF on input line 4207.
Package hyperref Info: Backreferencing OFF on input line 4212.
Package hyperref Info: Implicit mode ON; LaTeX internals redefined.
Package hyperref Info: Bookmarks ON on input line 4445.
\c@Hy@tempcnt=\count410
LaTeX Info: Redefining \url on input line 4804.
\XeTeXLinkMargin=\dimen174

(C:\Users\mathieu.lucas\AppData\Local\Programs\MiKTeX\tex/generic/bitset\bitset
.sty
Package: bitset 2019/12/09 v1.3 Handle bit-vector datatype (HO)

(C:\Users\mathieu.lucas\AppData\Local\Programs\MiKTeX\tex/generic/bigintcalc\bi
gintcalc.sty
Package: bigintcalc 2019/12/15 v1.5 Expandable calculations on big integers (HO
)
))
\Fld@menulength=\count411
\Field@Width=\dimen175
\Fld@charsize=\dimen176
Package hyperref Info: Hyper figures OFF on input line 6076.
Package hyperref Info: Link nesting OFF on input line 6081.
Package hyperref Info: Hyper index ON on input line 6084.
Package hyperref Info: backreferencing OFF on input line 6091.
Package hyperref Info: Link coloring OFF on input line 6096.
Package hyperref Info: Link coloring with OCG OFF on input line 6101.
Package hyperref Info: PDF/A mode OFF on input line 6106.
LaTeX Info: Redefining \ref on input line 6146.
LaTeX Info: Redefining \pageref on input line 6150.

(C:\Users\mathieu.lucas\AppData\Local\Programs\MiKTeX\tex/latex/base\atbegshi-l
tx.sty
Package: atbegshi-ltx 2021/01/10 v1.0c Emulation of the original atbegshi
package with kernel methods
)
\Hy@abspage=\count412
\c@Item=\count413
\c@Hfootnote=\count414
)
Package hyperref Info: Driver (autodetected): hpdftex.

(C:\Users\mathieu.lucas\AppData\Local\Programs\MiKTeX\tex/latex/hyperref\hpdfte
x.def
File: hpdftex.def 2021-06-07 v7.00m Hyperref driver for pdfTeX

(C:\Users\mathieu.lucas\AppData\Local\Programs\MiKTeX\tex/latex/base\atveryend-
ltx.sty
Package: atveryend-ltx 2020/08/19 v1.0a Emulation of the original atveryend pac
kage
with kernel methods
)
\Fld@listcount=\count415
\c@bookmark@seq@number=\count416

(C:\Users\mathieu.lucas\AppData\Local\Programs\MiKTeX\tex/latex/rerunfilecheck\
rerunfilecheck.sty
Package: rerunfilecheck 2019/12/05 v1.9 Rerun checks for auxiliary files (HO)

(C:\Users\mathieu.lucas\AppData\Local\Programs\MiKTeX\tex/generic/uniquecounter
\uniquecounter.sty
Package: uniquecounter 2019/12/15 v1.4 Provide unlimited unique counter (HO)
)
Package uniquecounter Info: New unique counter `rerunfilecheck' on input line 2
86.
)
\Hy@SectionHShift=\skip80
)
Package hyperref Info: Option `colorlinks' set `true' on input line 22.
\@quotelevel=\count417
\@quotereset=\count418

(C:\Users\mathieu.lucas\AppData\Local\Programs\MiKTeX\tex/latex/l3backend\l3bac
kend-pdftex.def
File: l3backend-pdftex.def 2021-10-18 L3 backend support: PDF output (pdfTeX)
\l__color_backend_stack_int=\count419
\l__pdf_internal_box=\box54
) (main.aux)
\openout1 = `main.aux'.

LaTeX Font Info:    Checking defaults for OML/cmm/m/it on input line 43.
LaTeX Font Info:    ... okay on input line 43.
LaTeX Font Info:    Checking defaults for OMS/cmsy/m/n on input line 43.
LaTeX Font Info:    ... okay on input line 43.
LaTeX Font Info:    Checking defaults for OT1/cmr/m/n on input line 43.
LaTeX Font Info:    ... okay on input line 43.
LaTeX Font Info:    Checking defaults for T1/cmr/m/n on input line 43.
LaTeX Font Info:    ... okay on input line 43.
LaTeX Font Info:    Checking defaults for TS1/cmr/m/n on input line 43.
LaTeX Font Info:    ... okay on input line 43.
LaTeX Font Info:    Checking defaults for OMX/cmex/m/n on input line 43.
LaTeX Font Info:    ... okay on input line 43.
LaTeX Font Info:    Checking defaults for U/cmr/m/n on input line 43.
LaTeX Font Info:    ... okay on input line 43.
LaTeX Font Info:    Checking defaults for PD1/pdf/m/n on input line 43.
LaTeX Font Info:    ... okay on input line 43.
LaTeX Font Info:    Checking defaults for PU/pdf/m/n on input line 43.
LaTeX Font Info:    ... okay on input line 43.

*geometry* driver: auto-detecting
*geometry* detected driver: pdftex
*geometry* verbose mode - [ preamble ] result:
* driver: pdftex
* paper: a4paper
* layout: <same size as paper>
* layoutoffset:(h,v)=(0.0pt,0.0pt)
* modes: 
* h-part:(L,W,R)=(56.9055pt, 512.1496pt, 28.45277pt)
* v-part:(T,H,B)=(56.9055pt, 731.23582pt, 56.90552pt)
* \paperwidth=597.50787pt
* \paperheight=845.04684pt
* \textwidth=512.1496pt
* \textheight=731.23582pt
* \oddsidemargin=-15.36449pt
* \evensidemargin=-15.36449pt
* \topmargin=-52.36449pt
* \headheight=12.0pt
* \headsep=25.0pt
* \topskip=11.0pt
* \footskip=30.0pt
* \marginparwidth=59.0pt
* \marginparsep=10.0pt
* \columnsep=10.0pt
* \skip\footins=10.0pt plus 4.0pt minus 2.0pt
* \hoffset=0.0pt
* \voffset=0.0pt
* \mag=1000
* \@twocolumnfalse
* \@twosidefalse
* \@mparswitchfalse
* \@reversemarginfalse
* (1in=72.27pt=25.4mm, 1cm=28.453pt)


(C:\Users\mathieu.lucas\AppData\Local\Programs\MiKTeX\tex/context/base/mkii\sup
p-pdf.mkii
[Loading MPS to PDF converter (version 2006.09.02).]
\scratchcounter=\count420
\scratchdimen=\dimen177
\scratchbox=\box55
\nofMPsegments=\count421
\nofMParguments=\count422
\everyMPshowfont=\toks27
\MPscratchCnt=\count423
\MPscratchDim=\dimen178
\MPnumerator=\count424
\makeMPintoPDFobject=\count425
\everyMPtoPDFconversion=\toks28
)
(C:\Users\mathieu.lucas\AppData\Local\Programs\MiKTeX\tex/latex/epstopdf-pkg\ep
stopdf-base.sty
Package: epstopdf-base 2020-01-24 v2.11 Base part for package epstopdf
Package epstopdf-base Info: Redefining graphics rule for `.eps' on input line 4
85.

(C:\Users\mathieu.lucas\AppData\Local\Programs\MiKTeX\tex/latex/00miktex\epstop
df-sys.cfg
File: epstopdf-sys.cfg 2021/03/18 v2.0 Configuration of epstopdf for MiKTeX
))
Package biblatex Info: Trying to load language 'english'...
Package biblatex Info: ... file 'english.lbx' found.

(C:\Users\mathieu.lucas\AppData\Local\Programs\MiKTeX\tex/latex/biblatex/lbx\en
glish.lbx
File: english.lbx 2020/12/31 v3.16 biblatex localization (PK/MW)
)
Package biblatex Info: Input encoding 'utf8' detected.
Package biblatex Info: Automatic encoding selection.
(biblatex)             Assuming data encoding 'utf8'.
Package biblatex Info: Document encoding is UTF8 ....

(C:\Users\mathieu.lucas\AppData\Local\Programs\MiKTeX\tex/latex/l3kernel\expl3.
sty
Package: expl3 2021-11-22 L3 programming layer (loader) 
)
Package biblatex Info: ... and expl3
(biblatex)             2021-11-22 L3 programming layer (loader) 
(biblatex)             is new enough (at least 2020/04/06),
(biblatex)             setting 'casechanger=expl3'.

(C:\Users\mathieu.lucas\AppData\Local\Programs\MiKTeX\tex/latex/biblatex\blx-ca
se-expl3.sty
(C:\Users\mathieu.lucas\AppData\Local\Programs\MiKTeX\tex/latex/l3packages/xpar
se\xparse.sty
Package: xparse 2021-11-12 L3 Experimental document command parser
)
Package: blx-case-expl3 2020/12/31 v3.16 expl3 case changing code for biblatex
)
\openout3 = `main.bcf'.

Package biblatex Info: Trying to load bibliographic data...
Package biblatex Info: ... file 'main.bbl' found.
 (main.bbl)
Package biblatex Info: Reference section=0 on input line 43.
Package biblatex Info: Reference segment=0 on input line 43.
Package caption Info: Begin \AtBeginDocument code.
Package caption Info: hyperref package is loaded.
Package caption Info: End \AtBeginDocument code.

(C:\Users\mathieu.lucas\AppData\Local\Programs\MiKTeX\tex/latex/graphics\color.
sty
Package: color 2021/10/11 v1.3b Standard LaTeX Color (DPC)

(C:\Users\mathieu.lucas\AppData\Local\Programs\MiKTeX\tex/latex/graphics-cfg\co
lor.cfg
File: color.cfg 2016/01/02 v1.6 sample color configuration
)
Package color Info: Driver file: pdftex.def on input line 149.
)
Package hyperref Info: Link coloring ON on input line 43.

(C:\Users\mathieu.lucas\AppData\Local\Programs\MiKTeX\tex/latex/hyperref\namere
f.sty
Package: nameref 2021-04-02 v2.47 Cross-referencing by name of section

(C:\Users\mathieu.lucas\AppData\Local\Programs\MiKTeX\tex/latex/refcount\refcou
nt.sty
Package: refcount 2019/12/15 v3.6 Data extraction from label references (HO)
)
(C:\Users\mathieu.lucas\AppData\Local\Programs\MiKTeX\tex/generic/gettitlestrin
g\gettitlestring.sty
Package: gettitlestring 2019/12/15 v1.6 Cleanup title references (HO)
)
\c@section@level=\count426
)
LaTeX Info: Redefining \ref on input line 43.
LaTeX Info: Redefining \pageref on input line 43.
LaTeX Info: Redefining \nameref on input line 43.
 (main.out) (main.out)
\@outlinefile=\write4
\openout4 = `main.out'.

LaTeX Font Info:    Trying to load font information for U+msa on input line 46.


(C:\Users\mathieu.lucas\AppData\Local\Programs\MiKTeX\tex/latex/amsfonts\umsa.f
d
File: umsa.fd 2013/01/14 v3.01 AMS symbols A
)
LaTeX Font Info:    Trying to load font information for U+msb on input line 46.


(C:\Users\mathieu.lucas\AppData\Local\Programs\MiKTeX\tex/latex/amsfonts\umsb.f
d
File: umsb.fd 2013/01/14 v3.01 AMS symbols B
)

LaTeX Warning: Citation 'hamed_flood_2019' on page 1 undefined on input line 57
.


LaTeX Warning: Citation 'jain_design_2019' on page 1 undefined on input line 57
.


LaTeX Warning: Citation 'le_delliou_recommandations_2014' on page 1 undefined o
n input line 57.


LaTeX Warning: Citation 'rantz_measurement_1982' on page 1 undefined on input l
ine 60.


LaTeX Warning: Citation 'kjeldsen_uncertainty_2011' on page 1 undefined on inpu
t line 60.

[1

{C:/Users/mathieu.lucas/AppData/Local/MiKTeX/fonts/map/pdftex/pdftex.map}]

LaTeX Warning: Citation 'mcmillan_benchmarking_2012' on page 2 undefined on inp
ut line 63.


LaTeX Warning: Citation 'van_der_made_determination_1982' on page 2 undefined o
n input line 63.


LaTeX Warning: Citation 'petersen-overleir_uncertainty_2005' on page 2 undefine
d on input line 63.


LaTeX Warning: Citation 'mcmillan_benchmarking_2012' on page 2 undefined on inp
ut line 63.


LaTeX Warning: Citation 'horner_impact_2018' on page 2 undefined on input line 
63.


LaTeX Warning: Citation 'hamilton_quantifying_2012' on page 2 undefined on inpu
t line 63.


LaTeX Warning: Citation 'kuentz_hydrometrie_2014' on page 2 undefined on input 
line 63.


LaTeX Warning: Citation 'kuentz_hydrometrie_2014' on page 2 undefined on input 
line 63.


Overfull \hbox (28.96986pt too wide) in paragraph at lines 63--64
 [][] \OT1/cmr/m/n/10.95 Stream-flow se-ries are af-fected by sev-eral sources 
of un-cer-tainty as de-scribed by [].
 []


Overfull \hbox (19.14514pt too wide) in paragraph at lines 63--64
\OT1/cmr/m/n/10.95 First, a large num-ber of stage er-ror sources are iden-ti-f
ied in the lit-er-a-ture ([];
 []


LaTeX Warning: Citation 'lecoz_quantification_2014' on page 2 undefined on inpu
t line 66.


LaTeX Warning: Citation 'puechberty_charte_2017' on page 2 undefined on input l
ine 66.


LaTeX Warning: Citation 'petersen-overleir_bayesian_2009' on page 2 undefined o
n input line 66.


LaTeX Warning: Citation 'juston_rating_2014' on page 2 undefined on input line 
66.


LaTeX Warning: Citation 'le_coz_combining_2014' on page 2 undefined on input li
ne 66.


LaTeX Warning: Citation 'morlot_dynamic_2014' on page 2 undefined on input line
 66.


LaTeX Warning: Citation 'coxon_novel_2015' on page 2 undefined on input line 66
.


LaTeX Warning: Citation 'mcmillan_rating_2015' on page 2 undefined on input lin
e 66.


LaTeX Warning: Citation 'mansanarez_rapid_2019' on page 2 undefined on input li
ne 66.


LaTeX Warning: Citation 'kiang_comparison_2018' on page 2 undefined on input li
ne 66.


LaTeX Warning: Citation 'ibbitt_gauging_1987' on page 2 undefined on input line
 66.


LaTeX Warning: Citation 'westerberg_stage-discharge_2011' on page 2 undefined o
n input line 66.


LaTeX Warning: Citation 'guerrero_temporal_2012' on page 2 undefined on input l
ine 66.


LaTeX Warning: Citation 'morlot_dynamic_2014' on page 2 undefined on input line
 66.


LaTeX Warning: Citation 'lapuszek_methods_2015' on page 2 undefined on input li
ne 66.


LaTeX Warning: Citation 'mcmillan_impacts_2010' on page 2 undefined on input li
ne 66.


LaTeX Warning: Citation 'darienzo_detection_2021' on page 2 undefined on input 
line 66.


LaTeX Warning: Citation 'mcmillan_benchmarking_2012' on page 2 undefined on inp
ut line 66.


LaTeX Warning: Citation 'puechberty_charte_2017' on page 2 undefined on input l
ine 66.


LaTeX Warning: Citation 'mansanarez_shift_2019' on page 2 undefined on input li
ne 66.


Overfull \hbox (85.50781pt too wide) in paragraph at lines 66--67
[]\OT1/cmr/m/n/10.95 ; []; []; []; []).
 []


LaTeX Warning: Citation 'coles_classical_2001' on page 2 undefined on input lin
e 69.


LaTeX Warning: Citation 'dymond_accuracy_1982' on page 2 undefined on input lin
e 69.


LaTeX Warning: Citation 'herschy_hydrometry_1998' on page 2 undefined on input 
line 69.


LaTeX Warning: Citation 'petersen-overleir_uncertainty_2005' on page 2 undefine
d on input line 69.


LaTeX Warning: Citation 'horner_impact_2018' on page 2 undefined on input line 
69.


LaTeX Warning: Citation 'petersen-overleir_accounting_2009' on page 2 undefined
 on input line 69.


LaTeX Warning: Citation 'steinbakk_propagation_2016' on page 2 undefined on inp
ut line 69.


LaTeX Warning: Citation 'vieira_assessing_2022' on page 2 undefined on input li
ne 69.

[2]

LaTeX Warning: Citation 'rigaudiere_etude_2000' on page 3 undefined on input li
ne 87.


LaTeX Warning: Citation 'pichard_hydro-climatology_2017' on page 3 undefined on
 input line 87.


LaTeX Warning: Citation 'bard_actualisation_2018' on page 3 undefined on input 
line 87.

<Figs/1-uTotSchema.png, id=164, 578.8827pt x 875.55106pt>
File: Figs/1-uTotSchema.png Graphic file (type png)
<use Figs/1-uTotSchema.png>
Package pdftex.def Info: Figs/1-uTotSchema.png  used on input line 91.
(pdftex.def)             Requested size: 227.62204pt x 344.2691pt.

LaTeX Warning: `!h' float specifier changed to `!ht'.

[3]

LaTeX Warning: Citation 'darienzo_detection_2021' on page 4 undefined on input 
line 101.


LaTeX Warning: Citation 'darienzo_detection_2021' on page 4 undefined on input 
line 101.


LaTeX Warning: Citation 'mansanarez_shift_2019' on page 4 undefined on input li
ne 106.


LaTeX Warning: Citation 'le_coz_combining_2014' on page 4 undefined on input li
ne 106.


Overfull \hbox (54.80977pt too wide) in paragraph at lines 106--107
 [][] \OT1/cmr/m/n/10.95 Once the sta-bil-ity pe-ri-ods have been iden-ti-fied,
 the next step is to es-ti-mate the rat-ing curves. []
 []

[4 <./Figs/1-uTotSchema.png>]

LaTeX Warning: Citation 'le_coz_combining_2014' on page 5 undefined on input li
ne 107.


LaTeX Warning: Citation 'lapuszek_methods_2015' on page 5 undefined on input li
ne 110.


LaTeX Warning: Citation 'mansanarez_shift_2019' on page 5 undefined on input li
ne 110.


LaTeX Warning: Citation 'horner_impact_2018' on page 5 undefined on input line 
115.


LaTeX Warning: Citation 'mcmillan_benchmarking_2012' on page 5 undefined on inp
ut line 122.

[5]

LaTeX Warning: Citation 'horner_impact_2018' on page 6 undefined on input line 
135.


LaTeX Warning: Citation 'hamed_flood_2019' on page 6 undefined on input line 15
0.


LaTeX Warning: Citation 'jain_design_2019' on page 6 undefined on input line 15
0.


LaTeX Warning: Citation 'coles_classical_2001' on page 6 undefined on input lin
e 150.


LaTeX Warning: Citation 'steinbakk_propagation_2016' on page 6 undefined on inp
ut line 153.

[6]

LaTeX Warning: Citation 'bard_actualisation_2018' on page 7 undefined on input 
line 171.


LaTeX Warning: Citation 'lang_les_2014' on page 7 undefined on input line 171.


LaTeX Warning: Citation 'lang_les_2014' on page 7 undefined on input line 171.

<Figs/2-BcrBv.png, id=210, 1599.3351pt x 1574.7633pt>
File: Figs/2-BcrBv.png Graphic file (type png)
<use Figs/2-BcrBv.png>
Package pdftex.def Info: Figs/2-BcrBv.png  used on input line 176.
(pdftex.def)             Requested size: 312.9803pt x 308.17093pt.

LaTeX Warning: `!h' float specifier changed to `!ht'.


LaTeX Warning: Citation 'armand_ii_1907' on page 7 undefined on input line 197.



LaTeX Warning: Citation 'le_coz_combining_2014' on page 7 undefined on input li
ne 199.

[7]

LaTeX Warning: Citation 'mansanarez_shift_2019' on page 8 undefined on input li
ne 202.

<Figs/3a-DiguesArmand.png, id=228, 562.2606pt x 222.5916pt>
File: Figs/3a-DiguesArmand.png Graphic file (type png)
<use Figs/3a-DiguesArmand.png>
Package pdftex.def Info: Figs/3a-DiguesArmand.png  used on input line 218.
(pdftex.def)             Requested size: 358.50314pt x 141.92828pt.
<Figs/3b-MatrixChenal_EN.png, id=229, 700.2963pt x 441.93105pt>
File: Figs/3b-MatrixChenal_EN.png Graphic file (type png)
<use Figs/3b-MatrixChenal_EN.png>
Package pdftex.def Info: Figs/3b-MatrixChenal_EN.png  used on input line 225.
(pdftex.def)             Requested size: 307.29288pt x 193.92427pt.
<Figs/3c-ProfilsBardRestit.png, id=230, 322.5651pt x 211.7511pt>
File: Figs/3c-ProfilsBardRestit.png Graphic file (type png)
<use Figs/3c-ProfilsBardRestit.png>
Package pdftex.def Info: Figs/3c-ProfilsBardRestit.png  used on input line 231.

(pdftex.def)             Requested size: 221.24515pt x 145.23924pt.
<Figs/3c-ProfilAvalRestitEN.png, id=231, 455.301pt x 312.9291pt>
File: Figs/3c-ProfilAvalRestitEN.png Graphic file (type png)
<use Figs/3c-ProfilAvalRestitEN.png>
Package pdftex.def Info: Figs/3c-ProfilAvalRestitEN.png  used on input line 232
.
(pdftex.def)             Requested size: 221.24515pt x 152.06169pt.

LaTeX Warning: Citation 'armand_ii_1907' on page 8 undefined on input line 237.



LaTeX Warning: Citation 'bard_actualisation_2018' on page 8 undefined on input 
line 237.


LaTeX Warning: Citation 'medd_debit_2005' on page 8 undefined on input line 237
.


LaTeX Warning: Citation 'armand_ii_1907' on page 8 undefined on input line 237.



LaTeX Warning: Citation 'bard_actualisation_2018' on page 8 undefined on input 
line 237.


LaTeX Warning: Citation 'medd_debit_2005' on page 8 undefined on input line 237
.


LaTeX Warning: `!h' float specifier changed to `!ht'.

[8 <./Figs/2-BcrBv.png>] [9 <./Figs/3a-DiguesArmand.png> <./Figs/3b-MatrixChena
l_EN.png> <./Figs/3c-ProfilsBardRestit.png> <./Figs/3c-ProfilAvalRestitEN.png>]
<Figs/5-Quant5perc_both.png, id=256, 722.7pt x 385.44pt>
File: Figs/5-Quant5perc_both.png Graphic file (type png)
<use Figs/5-Quant5perc_both.png>
Package pdftex.def Info: Figs/5-Quant5perc_both.png  used on input line 279.
(pdftex.def)             Requested size: 426.79134pt x 227.62523pt.

LaTeX Warning: `!h' float specifier changed to `!ht'.


LaTeX Warning: `!h' float specifier changed to `!ht'.


Overfull \hbox (1.4111pt too wide) in paragraph at lines 324--365
[][] 
 []


LaTeX Warning: `!h' float specifier changed to `!ht'.

[10] [11 <./Figs/5-Quant5perc_both.png>] [12]

LaTeX Warning: Citation 'pichard_hydro-climatology_2017' on page 13 undefined o
n input line 374.

<Figs/4-TabObsBcrSmall.jpg, id=276, 187.902pt x 121.545pt>
File: Figs/4-TabObsBcrSmall.jpg Graphic file (type jpg)
<use Figs/4-TabObsBcrSmall.jpg>
Package pdftex.def Info: Figs/4-TabObsBcrSmall.jpg  used on input line 378.
(pdftex.def)             Requested size: 284.52756pt x 184.07336pt.

LaTeX Warning: Citation 'pontschaussees_observations_1914' on page 13 undefined
 on input line 379.


LaTeX Warning: Citation 'pontschaussees_observations_1914' on page 13 undefined
 on input line 379.


LaTeX Warning: Citation 'bard_actualisation_2018' on page 13 undefined on input
 line 385.


LaTeX Warning: Citation 'symadrem_programme_2012' on page 13 undefined on input
 line 388.


LaTeX Warning: Citation 'pichard_hauteurs_2013' on page 13 undefined on input l
ine 388.


LaTeX Warning: Citation 'bard_actualisation_2018' on page 13 undefined on input
 line 388.


LaTeX Warning: Citation 'symadrem_programme_2012' on page 13 undefined on input
 line 388.

[13

 <./Figs/4-TabObsBcrSmall.jpg>]

LaTeX Warning: Citation 'cetiat_conference_2005' on page 14 undefined on input 
line 393.


LaTeX Warning: Citation 'cetiat_conference_2005' on page 14 undefined on input 
line 393.


LaTeX Warning: Citation 'cetiat_conference_2005' on page 14 undefined on input 
line 393.

LaTeX Font Info:    Trying to load font information for OML+cmr on input line 4
33.
(C:\Users\mathieu.lucas\AppData\Local\Programs\MiKTeX\tex/latex/base\omlcmr.fd
File: omlcmr.fd 2019/12/16 v2.5j Standard LaTeX font definitions
)
LaTeX Font Info:    Font shape `OML/cmr/bx/n' in size <10.95> not available
(Font)              Font shape `OML/cmm/b/it' tried instead on input line 433.

LaTeX Warning: Citation 'bard_actualisation_2018' on page 14 undefined on input
 line 442.


LaTeX Warning: Citation 'bard_actualisation_2018' on page 14 undefined on input
 line 468.


LaTeX Warning: Citation 'bard_actualisation_2018' on page 14 undefined on input
 line 468.

[14]

LaTeX Warning: Citation 'darienzo_detection_2021' on page 15 undefined on input
 line 477.


LaTeX Warning: Citation 'darienzo_detection_2021' on page 15 undefined on input
 line 477.

<Figs/6-SegmBoth.png, id=300, 2230.2522pt x 545.6385pt>
File: Figs/6-SegmBoth.png Graphic file (type png)
<use Figs/6-SegmBoth.png>
Package pdftex.def Info: Figs/6-SegmBoth.png  used on input line 481.
(pdftex.def)             Requested size: 512.1496pt x 125.29439pt.

LaTeX Warning: Citation 'medd_debit_2005' on page 15 undefined on input line 49
1.

[15 <./Figs/6-SegmBoth.png>]
Underfull \hbox (badness 10000) in paragraph at lines 499--499
[]|\OT1/cmr/bx/n/10.95 Maxpost
 []


Underfull \hbox (badness 10000) in paragraph at lines 499--499
[]|\OT1/cmr/bx/n/10.95 Largest flood
 []


Underfull \hbox (badness 10000) in paragraph at lines 499--499
[]|\OT1/cmr/bx/n/10.95 Period
 []


LaTeX Warning: Citation 'mansanarez_shift_2019' on page 16 undefined on input l
ine 564.

[16]
<Figs/7a-RClog_ICdownPt.pdf, id=331, 867.24pt x 722.7pt>
File: Figs/7a-RClog_ICdownPt.pdf Graphic file (type pdf)
<use Figs/7a-RClog_ICdownPt.pdf>
Package pdftex.def Info: Figs/7a-RClog_ICdownPt.pdf  used on input line 573.
(pdftex.def)             Requested size: 250.95612pt x 209.1255pt.
<Figs/7b-RClog_ICdownRes.pdf, id=332, 867.24pt x 722.7pt>
File: Figs/7b-RClog_ICdownRes.pdf Graphic file (type pdf)
<use Figs/7b-RClog_ICdownRes.pdf>
Package pdftex.def Info: Figs/7b-RClog_ICdownRes.pdf  used on input line 579.
(pdftex.def)             Requested size: 250.95612pt x 209.1255pt.
<Figs/7c-bs_Pt.pdf, id=333, 1116.79231pt x 696.08054pt>
File: Figs/7c-bs_Pt.pdf Graphic file (type pdf)
<use Figs/7c-bs_Pt.pdf>
Package pdftex.def Info: Figs/7c-bs_Pt.pdf  used on input line 586.
(pdftex.def)             Requested size: 245.8296pt x 153.22316pt.
<Figs/7d-bs_Restit.pdf, id=334, 1140.94247pt x 697.0542pt>
File: Figs/7d-bs_Restit.pdf Graphic file (type pdf)
<use Figs/7d-bs_Restit.pdf>
Package pdftex.def Info: Figs/7d-bs_Restit.pdf  used on input line 592.
(pdftex.def)             Requested size: 250.95612pt x 153.32048pt.
<Figs/7e-a&csPt.pdf, id=335, 867.24pt x 505.89pt>
File: Figs/7e-a&csPt.pdf Graphic file (type pdf)
<use Figs/7e-a&csPt.pdf>
Package pdftex.def Info: Figs/7e-a&csPt.pdf  used on input line 600.
(pdftex.def)             Requested size: 199.73802pt x 116.50662pt.
<Figs/7f-b3_as_cs_Restit.pdf, id=336, 1084.05pt x 505.89pt>
File: Figs/7f-b3_as_cs_Restit.pdf Graphic file (type pdf)
<use Figs/7f-b3_as_cs_Restit.pdf>
Package pdftex.def Info: Figs/7f-b3_as_cs_Restit.pdf  used on input line 606.
(pdftex.def)             Requested size: 250.95612pt x 117.10873pt.
<Figs/7g-Legend.png, id=337, 419.8887pt x 312.9291pt>
File: Figs/7g-Legend.png Graphic file (type png)
<use Figs/7g-Legend.png>
Package pdftex.def Info: Figs/7g-Legend.png  used on input line 613.
(pdftex.def)             Requested size: 51.21808pt x 38.1706pt.


LaTeX Warning: `!h' float specifier changed to `!ht'.

[17] [18 <./Figs/7a-RClog_ICdownPt.pdf> <./Figs/7b-RClog_ICdownRes.pdf> <./Figs
/7c-bs_Pt.pdf> <./Figs/7d-bs_Restit.pdf

pdfTeX warning: pdflatex (file ./Figs/7d-bs_Restit.pdf): PDF inclusion: multipl
e pdfs with page group included in a single page
> <./Figs/7e-a&csPt.pdf> <./Figs/7f-b3_as_cs_Restit.pdf> <./Figs/7g-Legend.png>
]
<Figs/8-StageErrorAMAX_BOTH.pdf, id=506, 1084.05pt x 722.7pt>
File: Figs/8-StageErrorAMAX_BOTH.pdf Graphic file (type pdf)
<use Figs/8-StageErrorAMAX_BOTH.pdf>
Package pdftex.def Info: Figs/8-StageErrorAMAX_BOTH.pdf  used on input line 628
.
(pdftex.def)             Requested size: 460.9315pt x 307.28128pt.
<Figs/9-IcAndAMAX.pdf, id=509, 1228.59pt x 722.7pt>
File: Figs/9-IcAndAMAX.pdf Graphic file (type pdf)
<use Figs/9-IcAndAMAX.pdf>
Package pdftex.def Info: Figs/9-IcAndAMAX.pdf  used on input line 640.
(pdftex.def)             Requested size: 512.1496pt x 301.26025pt.


LaTeX Warning: `!h' float specifier changed to `!ht'.

[19 <./Figs/8-StageErrorAMAX_BOTH.pdf>]

LaTeX Warning: Citation 'mann_nonparametric_1945' on page 20 undefined on input
 line 651.


LaTeX Warning: Citation 'kendall_rank_1948' on page 20 undefined on input line 
651.


LaTeX Warning: Citation 'martins_generalized_2000' on page 20 undefined on inpu
t line 655.

<Figs/10a-GeV_205years.pdf, id=525, 1300.86pt x 578.16pt>
File: Figs/10a-GeV_205years.pdf Graphic file (type pdf)
<use Figs/10a-GeV_205years.pdf>
Package pdftex.def Info: Figs/10a-GeV_205years.pdf  used on input line 669.
(pdftex.def)             Requested size: 507.03091pt x 225.34915pt.
<Figs/10b-BarplotQuantiles4cases.pdf, id=526, 1011.78pt x 578.16pt>
File: Figs/10b-BarplotQuantiles4cases.pdf Graphic file (type pdf)
<use Figs/10b-BarplotQuantiles4cases.pdf>
Package pdftex.def Info: Figs/10b-BarplotQuantiles4cases.pdf  used on input lin
e 677.
(pdftex.def)             Requested size: 250.95612pt x 143.4016pt.
<Figs/10c-Ukplot4cases.pdf, id=527, 1156.32pt x 650.43pt>
File: Figs/10c-Ukplot4cases.pdf Graphic file (type pdf)
<use Figs/10c-Ukplot4cases.pdf>
Package pdftex.def Info: Figs/10c-Ukplot4cases.pdf  used on input line 683.
(pdftex.def)             Requested size: 250.95612pt x 141.15971pt.
<Figs/10d-Shape_4cases.pdf, id=528, 722.7pt x 505.89pt>
File: Figs/10d-Shape_4cases.pdf Graphic file (type pdf)
<use Figs/10d-Shape_4cases.pdf>
Package pdftex.def Info: Figs/10d-Shape_4cases.pdf  used on input line 690.
(pdftex.def)             Requested size: 240.71092pt x 168.49577pt.
<Figs/10e-Q1000SSize.pdf, id=529, 867.24pt x 578.16pt>
File: Figs/10e-Q1000SSize.pdf Graphic file (type pdf)
<use Figs/10e-Q1000SSize.pdf>
Package pdftex.def Info: Figs/10e-Q1000SSize.pdf  used on input line 696.
(pdftex.def)             Requested size: 266.31998pt x 177.54274pt.
[20 <./Figs/9-IcAndAMAX.pdf>] [21 <./Figs/10a-GeV_205years.pdf> <./Figs/10b-Bar
plotQuantiles4cases.pdf> <./Figs/10c-Ukplot4cases.pdf> <./Figs/10d-Shape_4cases
.pdf> <./Figs/10e-Q1000SSize.pdf>]

LaTeX Warning: Citation 'petersen-overleir_accounting_2009' on page 22 undefine
d on input line 723.


LaTeX Warning: Citation 'steinbakk_propagation_2016' on page 22 undefined on in
put line 723.


LaTeX Warning: Citation 'vieira_assessing_2022' on page 22 undefined on input l
ine 723.


LaTeX Warning: Citation 'steinbakk_propagation_2016' on page 22 undefined on in
put line 723.


Overfull \hbox (87.14624pt too wide) in paragraph at lines 723--724
\OT1/cmr/m/n/10.95 dis-tri-bu-tion were es-ti-mated ([]; []; []).
 []

[22]

LaTeX Warning: Citation 'darienzo_detection_2021' on page 23 undefined on input
 line 734.


LaTeX Warning: Citation 'nathan_evaluation_1990' on page 23 undefined on input 
line 734.


LaTeX Warning: Citation 'tallaksen_review_1995' on page 23 undefined on input l
ine 734.


LaTeX Warning: Citation 'vogel_estimation_1996' on page 23 undefined on input l
ine 734.


LaTeX Warning: Citation 'chapman_comparison_1999' on page 23 undefined on input
 line 734.


LaTeX Warning: Citation 'lang_extrapolation_2010' on page 23 undefined on input
 line 734.


LaTeX Warning: Citation 'darienzo_detection_2021-1' on page 23 undefined on inp
ut line 734.


LaTeX Warning: Citation 'darienzo_detection_2021-1' on page 23 undefined on inp
ut line 734.


Overfull \hbox (13.01816pt too wide) in paragraph at lines 734--735
[]\OT1/cmr/m/n/10.95 ; []; []; [];
 []


Overfull \hbox (114.35014pt too wide) in paragraph at lines 734--735
[]\OT1/cmr/m/n/10.95 ; []) or the oc-cur-rences of mor-phogenic events ([]). 
 []


LaTeX Warning: Citation 'petersen-overleir_accounting_2009' on page 23 undefine
d on input line 736.


Overfull \hbox (29.11317pt too wide) in paragraph at lines 736--737
\OT1/cmr/m/n/10.95 for sta-tions where changes in bed mor-phol-ogy are fre-quen
t. As de-scribed by [],
 []


LaTeX Warning: Citation 'burn_evaluation_1990' on page 23 undefined on input li
ne 738.


LaTeX Warning: Citation 'ouarda_regional_2001' on page 23 undefined on input li
ne 738.


LaTeX Warning: Citation 'ribatet_regional_2007' on page 23 undefined on input l
ine 738.


LaTeX Warning: Citation 'micevski_combining_2009' on page 23 undefined on input
 line 738.


LaTeX Warning: Citation 'haddad_regional_2012' on page 23 undefined on input li
ne 738.


LaTeX Warning: Citation 'milly_stationarity_2008' on page 23 undefined on input
 line 739.


LaTeX Warning: Citation 'madsen_review_2014' on page 23 undefined on input line
 739.


LaTeX Warning: Citation 'hall_understanding_2014' on page 23 undefined on input
 line 739.


LaTeX Warning: Citation 'bloschl_changing_2019' on page 23 undefined on input l
ine 739.


LaTeX Warning: Citation 'giuntoli_floods_2019' on page 23 undefined on input li
ne 739.


LaTeX Warning: Citation 'salas_techniques_2018' on page 23 undefined on input l
ine 739.


LaTeX Warning: Citation 'han_incorporating_2022' on page 23 undefined on input 
line 739.


Overfull \hbox (73.44786pt too wide) in paragraph at lines 739--740
\OT1/cmr/m/n/10.95 dif-fer-ences. Many ap-proaches of FFA ac-count-ing for non-
stationarity have emerged (as re-viewed by [])
 []


LaTeX Warning: Citation 'kjeldsen_documentary_2014' on page 23 undefined on inp
ut line 742.


LaTeX Warning: Citation 'brazdil_historical_2006' on page 23 undefined on input
 line 742.


LaTeX Warning: Citation 'naulet_flood_2005' on page 23 undefined on input line 
742.


LaTeX Warning: Citation 'lang_extrapolation_2010' on page 23 undefined on input
 line 742.


LaTeX Warning: Citation 'neppel_flood_2010' on page 23 undefined on input line 
742.


LaTeX Warning: Citation 'payrastre_usefulness_2011' on page 23 undefined on inp
ut line 742.


LaTeX Warning: Citation 'pichard_sept_2014' on page 23 undefined on input line 
742.


LaTeX Warning: Citation 'pichard_hydro-climatology_2017' on page 23 undefined o
n input line 742.

[23]

LaTeX Warning: Citation 'naulet_flood_2005' on page 24 undefined on input line 
750.


LaTeX Warning: Citation 'neppel_flood_2010' on page 24 undefined on input line 
750.


LaTeX Warning: Citation 'machado_flood_2015' on page 24 undefined on input line
 750.


LaTeX Warning: Citation 'ruiz-bellet_uncertainty_2017' on page 24 undefined on 
input line 750.


LaTeX Warning: Citation 'van_der_meulen_late_2021' on page 24 undefined on inpu
t line 750.


LaTeX Warning: Citation 'merz_understanding_2022' on page 24 undefined on input
 line 753.


Overfull \hbox (26.83488pt too wide) in paragraph at lines 753--754
\OT1/cmr/m/n/10.95 for which the tail be-haviour of flood dis-tri-bu-tion is in
-flu-enced by dif-fer-ent pro-cesses ([]).
 []

[24]

LaTeX Warning: Empty bibliography on input line 774.

[25] (main.aux)

LaTeX Warning: There were undefined references.

Package rerunfilecheck Info: File `main.out' has not changed.
(rerunfilecheck)             Checksum: E86F6021F9A704CB39A46EA307400390;7184.

Package biblatex Warning: Please (re)run Biber on the file:
(biblatex)                main
(biblatex)                and rerun LaTeX afterwards.

Package logreq Info: Writing requests to 'main.run.xml'.
\openout1 = `main.run.xml'.

 ) 
Here is how much of TeX's memory you used:
 19310 strings out of 478659
 344007 string characters out of 2842128
 1070055 words of memory out of 3000000
 37028 multiletter control sequences out of 15000+600000
 419010 words of font info for 85 fonts, out of 8000000 for 9000
 1141 hyphenation exceptions out of 8191
 67i,23n,77p,3030b,1454s stack positions out of 5000i,500n,10000p,200000b,80000s
 <C:\Users\mathieu.lucas\AppData\Local\MiKTeX\fonts/pk/ljfour/jknappen/ec/dpi
600\tcrm1095.pk> <C:\Users\mathieu.lucas\AppData\Local\MiKTeX\fonts/pk/ljfour/j
knappen/ec/dpi600\tcrm0600.pk> <C:\Users\mathieu.lucas\AppData\Local\MiKTeX\fon
ts/pk/ljfour/jknappen/ec/dpi600\tcrm0800.pk><C:/Users/mathieu.lucas/AppData/Loc
al/Programs/MiKTeX/fonts/type1/public/amsfonts/cm/cmbx10.pfb><C:/Users/mathieu.
lucas/AppData/Local/Programs/MiKTeX/fonts/type1/public/amsfonts/cm/cmbx12.pfb><
C:/Users/mathieu.lucas/AppData/Local/Programs/MiKTeX/fonts/type1/public/amsfont
s/cm/cmbx8.pfb><C:/Users/mathieu.lucas/AppData/Local/Programs/MiKTeX/fonts/type
1/public/amsfonts/cm/cmbxti10.pfb><C:/Users/mathieu.lucas/AppData/Local/Program
s/MiKTeX/fonts/type1/public/amsfonts/cm/cmex10.pfb><C:/Users/mathieu.lucas/AppD
ata/Local/Programs/MiKTeX/fonts/type1/public/amsfonts/cm/cmmi10.pfb><C:/Users/m
athieu.lucas/AppData/Local/Programs/MiKTeX/fonts/type1/public/amsfonts/cm/cmmi8
.pfb><C:/Users/mathieu.lucas/AppData/Local/Programs/MiKTeX/fonts/type1/public/a
msfonts/cm/cmmib10.pfb><C:/Users/mathieu.lucas/AppData/Local/Programs/MiKTeX/fo
nts/type1/public/amsfonts/cm/cmr10.pfb><C:/Users/mathieu.lucas/AppData/Local/Pr
ograms/MiKTeX/fonts/type1/public/amsfonts/cm/cmr12.pfb><C:/Users/mathieu.lucas/
AppData/Local/Programs/MiKTeX/fonts/type1/public/amsfonts/cm/cmr17.pfb><C:/User
s/mathieu.lucas/AppData/Local/Programs/MiKTeX/fonts/type1/public/amsfonts/cm/cm
r6.pfb><C:/Users/mathieu.lucas/AppData/Local/Programs/MiKTeX/fonts/type1/public
/amsfonts/cm/cmr7.pfb><C:/Users/mathieu.lucas/AppData/Local/Programs/MiKTeX/fon
ts/type1/public/amsfonts/cm/cmr8.pfb><C:/Users/mathieu.lucas/AppData/Local/Prog
rams/MiKTeX/fonts/type1/public/amsfonts/cm/cmr9.pfb><C:/Users/mathieu.lucas/App
Data/Local/Programs/MiKTeX/fonts/type1/public/amsfonts/cm/cmsy10.pfb><C:/Users/
mathieu.lucas/AppData/Local/Programs/MiKTeX/fonts/type1/public/amsfonts/cm/cmsy
8.pfb><C:/Users/mathieu.lucas/AppData/Local/Programs/MiKTeX/fonts/type1/public/
amsfonts/cm/cmtt10.pfb><C:/Users/mathieu.lucas/AppData/Local/Programs/MiKTeX/fo
nts/type1/public/amsfonts/symbols/msbm10.pfb>
Output written on main.pdf (25 pages, 10866844 bytes).
PDF statistics:
 751 PDF objects out of 1000 (max. 8388607)
 122 named destinations out of 1000 (max. 500000)
 372 words of extra memory for PDF output out of 10000 (max. 10000000)

