This is pdfTeX, Version 3.141592653-2.6-1.40.24 (MiKTeX 21.12 32-bit) (preloaded format=pdflatex 2021.12.8)  23 JUN 2023 16:30
entering extended mode
 restricted \write18 enabled.
 %&-line parsing enabled.
**./Soutenance.tex
(Soutenance.tex
LaTeX2e <2021-11-15> patch level 1
L3 programming layer <2021-11-22>
(C:\Users\mathieu.lucas\AppData\Local\Programs\MiKTeX\tex/latex/beamer\beamer.c
ls
Document Class: beamer 2023/02/20 v3.69 A class for typesetting presentations

(C:\Users\mathieu.lucas\AppData\Local\Programs\MiKTeX\tex/latex/beamer\beamerba
semodes.sty
(C:\Users\mathieu.lucas\AppData\Local\Programs\MiKTeX\tex/latex/etoolbox\etoolb
ox.sty
Package: etoolbox 2020/10/05 v2.5k e-TeX tools for LaTeX (JAW)
\etb@tempcnta=\count183
)
\beamer@tempbox=\box50
\beamer@tempcount=\count184
\c@beamerpauses=\count185

(C:\Users\mathieu.lucas\AppData\Local\Programs\MiKTeX\tex/latex/beamer\beamerba
sedecode.sty
\beamer@slideinframe=\count186
\beamer@minimum=\count187
\beamer@decode@box=\box51
)
\beamer@commentbox=\box52
\beamer@modecount=\count188
)
(C:\Users\mathieu.lucas\AppData\Local\Programs\MiKTeX\tex/generic/iftex\iftex.s
ty
Package: iftex 2020/03/06 v1.0d TeX engine tests
)
\headdp=\dimen138
\footheight=\dimen139
\sidebarheight=\dimen140
\beamer@tempdim=\dimen141
\beamer@finalheight=\dimen142
\beamer@animht=\dimen143
\beamer@animdp=\dimen144
\beamer@animwd=\dimen145
\beamer@leftmargin=\dimen146
\beamer@rightmargin=\dimen147
\beamer@leftsidebar=\dimen148
\beamer@rightsidebar=\dimen149
\beamer@boxsize=\dimen150
\beamer@vboxoffset=\dimen151
\beamer@descdefault=\dimen152
\beamer@descriptionwidth=\dimen153
\beamer@lastskip=\skip47
\beamer@areabox=\box53
\beamer@animcurrent=\box54
\beamer@animshowbox=\box55
\beamer@sectionbox=\box56
\beamer@logobox=\box57
\beamer@linebox=\box58
\beamer@sectioncount=\count189
\beamer@subsubsectionmax=\count190
\beamer@subsectionmax=\count191
\beamer@sectionmax=\count192
\beamer@totalheads=\count193
\beamer@headcounter=\count194
\beamer@partstartpage=\count195
\beamer@sectionstartpage=\count196
\beamer@subsectionstartpage=\count197
\beamer@animationtempa=\count198
\beamer@animationtempb=\count199
\beamer@xpos=\count266
\beamer@ypos=\count267
\beamer@ypos@offset=\count268
\beamer@showpartnumber=\count269
\beamer@currentsubsection=\count270
\beamer@coveringdepth=\count271
\beamer@sectionadjust=\count272
\beamer@toclastsection=\count273
\beamer@tocsectionnumber=\count274

(C:\Users\mathieu.lucas\AppData\Local\Programs\MiKTeX\tex/latex/beamer\beamerba
seoptions.sty
(C:\Users\mathieu.lucas\AppData\Local\Programs\MiKTeX\tex/latex/graphics\keyval
.sty
Package: keyval 2014/10/28 v1.15 key=value parser (DPC)
\KV@toks@=\toks16
))
\beamer@paperwidth=\skip48
\beamer@paperheight=\skip49

(C:\Users\mathieu.lucas\AppData\Local\Programs\MiKTeX\tex/latex/geometry\geomet
ry.sty
Package: geometry 2020/01/02 v5.9 Page Geometry

(C:\Users\mathieu.lucas\AppData\Local\Programs\MiKTeX\tex/generic/iftex\ifvtex.
sty
Package: ifvtex 2019/10/25 v1.7 ifvtex legacy package. Use iftex instead.
)
\Gm@cnth=\count275
\Gm@cntv=\count276
\c@Gm@tempcnt=\count277
\Gm@bindingoffset=\dimen154
\Gm@wd@mp=\dimen155
\Gm@odd@mp=\dimen156
\Gm@even@mp=\dimen157
\Gm@layoutwidth=\dimen158
\Gm@layoutheight=\dimen159
\Gm@layouthoffset=\dimen160
\Gm@layoutvoffset=\dimen161
\Gm@dimlist=\toks17

(C:\Users\mathieu.lucas\AppData\Local\Programs\MiKTeX\tex/latex/geometry\geomet
ry.cfg))
(C:\Users\mathieu.lucas\AppData\Local\Programs\MiKTeX\tex/latex/pgf/math\pgfmat
h.sty
(C:\Users\mathieu.lucas\AppData\Local\Programs\MiKTeX\tex/latex/pgf/utilities\p
gfrcs.sty
(C:\Users\mathieu.lucas\AppData\Local\Programs\MiKTeX\tex/generic/pgf/utilities
\pgfutil-common.tex
\pgfutil@everybye=\toks18
\pgfutil@tempdima=\dimen162
\pgfutil@tempdimb=\dimen163

(C:\Users\mathieu.lucas\AppData\Local\Programs\MiKTeX\tex/generic/pgf/utilities
\pgfutil-common-lists.tex))
(C:\Users\mathieu.lucas\AppData\Local\Programs\MiKTeX\tex/generic/pgf/utilities
\pgfutil-latex.def
\pgfutil@abb=\box59
)
(C:\Users\mathieu.lucas\AppData\Local\Programs\MiKTeX\tex/generic/pgf/utilities
\pgfrcs.code.tex
(C:\Users\mathieu.lucas\AppData\Local\Programs\MiKTeX\tex/generic/pgf\pgf.revis
ion.tex)
Package: pgfrcs 2021/05/15 v3.1.9a (3.1.9a)
))
(C:\Users\mathieu.lucas\AppData\Local\Programs\MiKTeX\tex/latex/pgf/utilities\p
gfkeys.sty
(C:\Users\mathieu.lucas\AppData\Local\Programs\MiKTeX\tex/generic/pgf/utilities
\pgfkeys.code.tex
\pgfkeys@pathtoks=\toks19
\pgfkeys@temptoks=\toks20

(C:\Users\mathieu.lucas\AppData\Local\Programs\MiKTeX\tex/generic/pgf/utilities
\pgfkeysfiltered.code.tex
\pgfkeys@tmptoks=\toks21
)))
(C:\Users\mathieu.lucas\AppData\Local\Programs\MiKTeX\tex/generic/pgf/math\pgfm
ath.code.tex
(C:\Users\mathieu.lucas\AppData\Local\Programs\MiKTeX\tex/generic/pgf/math\pgfm
athcalc.code.tex
(C:\Users\mathieu.lucas\AppData\Local\Programs\MiKTeX\tex/generic/pgf/math\pgfm
athutil.code.tex
\pgf@x=\dimen164
\pgf@xa=\dimen165
\pgf@xb=\dimen166
\pgf@xc=\dimen167
\pgf@y=\dimen168
\pgf@ya=\dimen169
\pgf@yb=\dimen170
\pgf@yc=\dimen171
\c@pgf@counta=\count278
\c@pgf@countb=\count279
\c@pgf@countc=\count280
\c@pgf@countd=\count281
)
(C:\Users\mathieu.lucas\AppData\Local\Programs\MiKTeX\tex/generic/pgf/math\pgfm
athparser.code.tex
\pgfmath@dimen=\dimen172
\pgfmath@count=\count282
\pgfmath@box=\box60
\pgfmath@toks=\toks22
\pgfmath@stack@operand=\toks23
\pgfmath@stack@operation=\toks24
)
(C:\Users\mathieu.lucas\AppData\Local\Programs\MiKTeX\tex/generic/pgf/math\pgfm
athfunctions.code.tex
(C:\Users\mathieu.lucas\AppData\Local\Programs\MiKTeX\tex/generic/pgf/math\pgfm
athfunctions.basic.code.tex)
(C:\Users\mathieu.lucas\AppData\Local\Programs\MiKTeX\tex/generic/pgf/math\pgfm
athfunctions.trigonometric.code.tex)
(C:\Users\mathieu.lucas\AppData\Local\Programs\MiKTeX\tex/generic/pgf/math\pgfm
athfunctions.random.code.tex)
(C:\Users\mathieu.lucas\AppData\Local\Programs\MiKTeX\tex/generic/pgf/math\pgfm
athfunctions.comparison.code.tex)
(C:\Users\mathieu.lucas\AppData\Local\Programs\MiKTeX\tex/generic/pgf/math\pgfm
athfunctions.base.code.tex)
(C:\Users\mathieu.lucas\AppData\Local\Programs\MiKTeX\tex/generic/pgf/math\pgfm
athfunctions.round.code.tex)
(C:\Users\mathieu.lucas\AppData\Local\Programs\MiKTeX\tex/generic/pgf/math\pgfm
athfunctions.misc.code.tex)
(C:\Users\mathieu.lucas\AppData\Local\Programs\MiKTeX\tex/generic/pgf/math\pgfm
athfunctions.integerarithmetics.code.tex)))
(C:\Users\mathieu.lucas\AppData\Local\Programs\MiKTeX\tex/generic/pgf/math\pgfm
athfloat.code.tex
\c@pgfmathroundto@lastzeros=\count283
)))
(C:\Users\mathieu.lucas\AppData\Local\Programs\MiKTeX\tex/latex/extsizes\size9.
clo
File: size9.clo 1999/11/11 v1.4a NON-Standard LaTeX file (size option)
)
(C:\Users\mathieu.lucas\AppData\Local\Programs\MiKTeX\tex/latex/pgf/basiclayer\
pgfcore.sty
(C:\Users\mathieu.lucas\AppData\Local\Programs\MiKTeX\tex/latex/graphics\graphi
cx.sty
Package: graphicx 2021/09/16 v1.2d Enhanced LaTeX Graphics (DPC,SPQR)

(C:\Users\mathieu.lucas\AppData\Local\Programs\MiKTeX\tex/latex/graphics\graphi
cs.sty
Package: graphics 2021/03/04 v1.4d Standard LaTeX Graphics (DPC,SPQR)

(C:\Users\mathieu.lucas\AppData\Local\Programs\MiKTeX\tex/latex/graphics\trig.s
ty
Package: trig 2021/08/11 v1.11 sin cos tan (DPC)
)
(C:\Users\mathieu.lucas\AppData\Local\Programs\MiKTeX\tex/latex/graphics-cfg\gr
aphics.cfg
File: graphics.cfg 2016/06/04 v1.11 sample graphics configuration
)
Package graphics Info: Driver file: pdftex.def on input line 107.

(C:\Users\mathieu.lucas\AppData\Local\Programs\MiKTeX\tex/latex/graphics-def\pd
ftex.def
File: pdftex.def 2020/10/05 v1.2a Graphics/color driver for pdftex
))
\Gin@req@height=\dimen173
\Gin@req@width=\dimen174
)
(C:\Users\mathieu.lucas\AppData\Local\Programs\MiKTeX\tex/latex/pgf/systemlayer
\pgfsys.sty
(C:\Users\mathieu.lucas\AppData\Local\Programs\MiKTeX\tex/generic/pgf/systemlay
er\pgfsys.code.tex
Package: pgfsys 2021/05/15 v3.1.9a (3.1.9a)

(C:\Users\mathieu.lucas\AppData\Local\Programs\MiKTeX\tex/generic/pgf/utilities
\pgfkeys.code.tex)
\pgf@x=\dimen175
\pgf@y=\dimen176
\pgf@xa=\dimen177
\pgf@ya=\dimen178
\pgf@xb=\dimen179
\pgf@yb=\dimen180
\pgf@xc=\dimen181
\pgf@yc=\dimen182
\pgf@xd=\dimen183
\pgf@yd=\dimen184
\w@pgf@writea=\write3
\r@pgf@reada=\read2
\c@pgf@counta=\count284
\c@pgf@countb=\count285
\c@pgf@countc=\count286
\c@pgf@countd=\count287
\t@pgf@toka=\toks25
\t@pgf@tokb=\toks26
\t@pgf@tokc=\toks27
\pgf@sys@id@count=\count288

(C:\Users\mathieu.lucas\AppData\Local\Programs\MiKTeX\tex/generic/pgf/systemlay
er\pgf.cfg
File: pgf.cfg 2021/05/15 v3.1.9a (3.1.9a)
)
Driver file for pgf: pgfsys-pdftex.def

(C:\Users\mathieu.lucas\AppData\Local\Programs\MiKTeX\tex/generic/pgf/systemlay
er\pgfsys-pdftex.def
File: pgfsys-pdftex.def 2021/05/15 v3.1.9a (3.1.9a)

(C:\Users\mathieu.lucas\AppData\Local\Programs\MiKTeX\tex/generic/pgf/systemlay
er\pgfsys-common-pdf.def
File: pgfsys-common-pdf.def 2021/05/15 v3.1.9a (3.1.9a)
)))
(C:\Users\mathieu.lucas\AppData\Local\Programs\MiKTeX\tex/generic/pgf/systemlay
er\pgfsyssoftpath.code.tex
File: pgfsyssoftpath.code.tex 2021/05/15 v3.1.9a (3.1.9a)
\pgfsyssoftpath@smallbuffer@items=\count289
\pgfsyssoftpath@bigbuffer@items=\count290
)
(C:\Users\mathieu.lucas\AppData\Local\Programs\MiKTeX\tex/generic/pgf/systemlay
er\pgfsysprotocol.code.tex
File: pgfsysprotocol.code.tex 2021/05/15 v3.1.9a (3.1.9a)
))
(C:\Users\mathieu.lucas\AppData\Local\Programs\MiKTeX\tex/latex/xcolor\xcolor.s
ty
Package: xcolor 2021/10/31 v2.13 LaTeX color extensions (UK)

(C:\Users\mathieu.lucas\AppData\Local\Programs\MiKTeX\tex/latex/graphics-cfg\co
lor.cfg
File: color.cfg 2016/01/02 v1.6 sample color configuration
)
Package xcolor Info: Driver file: pdftex.def on input line 227.
Package xcolor Info: Model `cmy' substituted by `cmy0' on input line 1352.
Package xcolor Info: Model `hsb' substituted by `rgb' on input line 1356.
Package xcolor Info: Model `RGB' extended on input line 1368.
Package xcolor Info: Model `HTML' substituted by `rgb' on input line 1370.
Package xcolor Info: Model `Hsb' substituted by `hsb' on input line 1371.
Package xcolor Info: Model `tHsb' substituted by `hsb' on input line 1372.
Package xcolor Info: Model `HSB' substituted by `hsb' on input line 1373.
Package xcolor Info: Model `Gray' substituted by `gray' on input line 1374.
Package xcolor Info: Model `wave' substituted by `hsb' on input line 1375.
)
(C:\Users\mathieu.lucas\AppData\Local\Programs\MiKTeX\tex/generic/pgf/basiclaye
r\pgfcore.code.tex
Package: pgfcore 2021/05/15 v3.1.9a (3.1.9a)

(C:\Users\mathieu.lucas\AppData\Local\Programs\MiKTeX\tex/generic/pgf/math\pgfm
ath.code.tex)
(C:\Users\mathieu.lucas\AppData\Local\Programs\MiKTeX\tex/generic/pgf/math\pgfi
nt.code.tex)
(C:\Users\mathieu.lucas\AppData\Local\Programs\MiKTeX\tex/generic/pgf/basiclaye
r\pgfcorepoints.code.tex
File: pgfcorepoints.code.tex 2021/05/15 v3.1.9a (3.1.9a)
\pgf@picminx=\dimen185
\pgf@picmaxx=\dimen186
\pgf@picminy=\dimen187
\pgf@picmaxy=\dimen188
\pgf@pathminx=\dimen189
\pgf@pathmaxx=\dimen190
\pgf@pathminy=\dimen191
\pgf@pathmaxy=\dimen192
\pgf@xx=\dimen193
\pgf@xy=\dimen194
\pgf@yx=\dimen195
\pgf@yy=\dimen196
\pgf@zx=\dimen197
\pgf@zy=\dimen198
)
(C:\Users\mathieu.lucas\AppData\Local\Programs\MiKTeX\tex/generic/pgf/basiclaye
r\pgfcorepathconstruct.code.tex
File: pgfcorepathconstruct.code.tex 2021/05/15 v3.1.9a (3.1.9a)
\pgf@path@lastx=\dimen199
\pgf@path@lasty=\dimen256
)
(C:\Users\mathieu.lucas\AppData\Local\Programs\MiKTeX\tex/generic/pgf/basiclaye
r\pgfcorepathusage.code.tex
File: pgfcorepathusage.code.tex 2021/05/15 v3.1.9a (3.1.9a)
\pgf@shorten@end@additional=\dimen257
\pgf@shorten@start@additional=\dimen258
)
(C:\Users\mathieu.lucas\AppData\Local\Programs\MiKTeX\tex/generic/pgf/basiclaye
r\pgfcorescopes.code.tex
File: pgfcorescopes.code.tex 2021/05/15 v3.1.9a (3.1.9a)
\pgfpic=\box61
\pgf@hbox=\box62
\pgf@layerbox@main=\box63
\pgf@picture@serial@count=\count291
)
(C:\Users\mathieu.lucas\AppData\Local\Programs\MiKTeX\tex/generic/pgf/basiclaye
r\pgfcoregraphicstate.code.tex
File: pgfcoregraphicstate.code.tex 2021/05/15 v3.1.9a (3.1.9a)
\pgflinewidth=\dimen259
)
(C:\Users\mathieu.lucas\AppData\Local\Programs\MiKTeX\tex/generic/pgf/basiclaye
r\pgfcoretransformations.code.tex
File: pgfcoretransformations.code.tex 2021/05/15 v3.1.9a (3.1.9a)
\pgf@pt@x=\dimen260
\pgf@pt@y=\dimen261
\pgf@pt@temp=\dimen262
)
(C:\Users\mathieu.lucas\AppData\Local\Programs\MiKTeX\tex/generic/pgf/basiclaye
r\pgfcorequick.code.tex
File: pgfcorequick.code.tex 2021/05/15 v3.1.9a (3.1.9a)
)
(C:\Users\mathieu.lucas\AppData\Local\Programs\MiKTeX\tex/generic/pgf/basiclaye
r\pgfcoreobjects.code.tex
File: pgfcoreobjects.code.tex 2021/05/15 v3.1.9a (3.1.9a)
)
(C:\Users\mathieu.lucas\AppData\Local\Programs\MiKTeX\tex/generic/pgf/basiclaye
r\pgfcorepathprocessing.code.tex
File: pgfcorepathprocessing.code.tex 2021/05/15 v3.1.9a (3.1.9a)
)
(C:\Users\mathieu.lucas\AppData\Local\Programs\MiKTeX\tex/generic/pgf/basiclaye
r\pgfcorearrows.code.tex
File: pgfcorearrows.code.tex 2021/05/15 v3.1.9a (3.1.9a)
\pgfarrowsep=\dimen263
)
(C:\Users\mathieu.lucas\AppData\Local\Programs\MiKTeX\tex/generic/pgf/basiclaye
r\pgfcoreshade.code.tex
File: pgfcoreshade.code.tex 2021/05/15 v3.1.9a (3.1.9a)
\pgf@max=\dimen264
\pgf@sys@shading@range@num=\count292
\pgf@shadingcount=\count293
)
(C:\Users\mathieu.lucas\AppData\Local\Programs\MiKTeX\tex/generic/pgf/basiclaye
r\pgfcoreimage.code.tex
File: pgfcoreimage.code.tex 2021/05/15 v3.1.9a (3.1.9a)

(C:\Users\mathieu.lucas\AppData\Local\Programs\MiKTeX\tex/generic/pgf/basiclaye
r\pgfcoreexternal.code.tex
File: pgfcoreexternal.code.tex 2021/05/15 v3.1.9a (3.1.9a)
\pgfexternal@startupbox=\box64
))
(C:\Users\mathieu.lucas\AppData\Local\Programs\MiKTeX\tex/generic/pgf/basiclaye
r\pgfcorelayers.code.tex
File: pgfcorelayers.code.tex 2021/05/15 v3.1.9a (3.1.9a)
)
(C:\Users\mathieu.lucas\AppData\Local\Programs\MiKTeX\tex/generic/pgf/basiclaye
r\pgfcoretransparency.code.tex
File: pgfcoretransparency.code.tex 2021/05/15 v3.1.9a (3.1.9a)
)
(C:\Users\mathieu.lucas\AppData\Local\Programs\MiKTeX\tex/generic/pgf/basiclaye
r\pgfcorepatterns.code.tex
File: pgfcorepatterns.code.tex 2021/05/15 v3.1.9a (3.1.9a)
)
(C:\Users\mathieu.lucas\AppData\Local\Programs\MiKTeX\tex/generic/pgf/basiclaye
r\pgfcorerdf.code.tex
File: pgfcorerdf.code.tex 2021/05/15 v3.1.9a (3.1.9a)
)))
(C:\Users\mathieu.lucas\AppData\Local\Programs\MiKTeX\tex/latex/pgf/utilities\x
xcolor.sty
Package: xxcolor 2003/10/24 ver 0.1
\XC@nummixins=\count294
\XC@countmixins=\count295
)
(C:\Users\mathieu.lucas\AppData\Local\Programs\MiKTeX\tex/latex/base\atbegshi-l
tx.sty
Package: atbegshi-ltx 2021/01/10 v1.0c Emulation of the original atbegshi
package with kernel methods
)
(C:\Users\mathieu.lucas\AppData\Local\Programs\MiKTeX\tex/latex/hyperref\hyperr
ef.sty
Package: hyperref 2021-06-07 v7.00m Hypertext links for LaTeX

(C:\Users\mathieu.lucas\AppData\Local\Programs\MiKTeX\tex/generic/ltxcmds\ltxcm
ds.sty
Package: ltxcmds 2020-05-10 v1.25 LaTeX kernel commands for general use (HO)
)
(C:\Users\mathieu.lucas\AppData\Local\Programs\MiKTeX\tex/generic/pdftexcmds\pd
ftexcmds.sty
Package: pdftexcmds 2020-06-27 v0.33 Utility functions of pdfTeX for LuaTeX (HO
)

(C:\Users\mathieu.lucas\AppData\Local\Programs\MiKTeX\tex/generic/infwarerr\inf
warerr.sty
Package: infwarerr 2019/12/03 v1.5 Providing info/warning/error messages (HO)
)
Package pdftexcmds Info: \pdf@primitive is available.
Package pdftexcmds Info: \pdf@ifprimitive is available.
Package pdftexcmds Info: \pdfdraftmode found.
)
(C:\Users\mathieu.lucas\AppData\Local\Programs\MiKTeX\tex/generic/kvsetkeys\kvs
etkeys.sty
Package: kvsetkeys 2019/12/15 v1.18 Key value parser (HO)
)
(C:\Users\mathieu.lucas\AppData\Local\Programs\MiKTeX\tex/generic/kvdefinekeys\
kvdefinekeys.sty
Package: kvdefinekeys 2019-12-19 v1.6 Define keys (HO)
)
(C:\Users\mathieu.lucas\AppData\Local\Programs\MiKTeX\tex/generic/pdfescape\pdf
escape.sty
Package: pdfescape 2019/12/09 v1.15 Implements pdfTeX's escape features (HO)
)
(C:\Users\mathieu.lucas\AppData\Local\Programs\MiKTeX\tex/latex/hycolor\hycolor
.sty
Package: hycolor 2020-01-27 v1.10 Color options for hyperref/bookmark (HO)
)
(C:\Users\mathieu.lucas\AppData\Local\Programs\MiKTeX\tex/latex/letltxmacro\let
ltxmacro.sty
Package: letltxmacro 2019/12/03 v1.6 Let assignment for LaTeX macros (HO)
)
(C:\Users\mathieu.lucas\AppData\Local\Programs\MiKTeX\tex/latex/auxhook\auxhook
.sty
Package: auxhook 2019-12-17 v1.6 Hooks for auxiliary files (HO)
)
(C:\Users\mathieu.lucas\AppData\Local\Programs\MiKTeX\tex/latex/kvoptions\kvopt
ions.sty
Package: kvoptions 2020-10-07 v3.14 Key value format for package options (HO)
)
\@linkdim=\dimen265
\Hy@linkcounter=\count296
\Hy@pagecounter=\count297

(C:\Users\mathieu.lucas\AppData\Local\Programs\MiKTeX\tex/latex/hyperref\pd1enc
.def
File: pd1enc.def 2021-06-07 v7.00m Hyperref: PDFDocEncoding definition (HO)
Now handling font encoding PD1 ...
... no UTF-8 mapping file for font encoding PD1
)
(C:\Users\mathieu.lucas\AppData\Local\Programs\MiKTeX\tex/latex/hyperref\hyperr
ef-langpatches.def
File: hyperref-langpatches.def 2021-06-07 v7.00m Hyperref: patches for babel la
nguages
)
(C:\Users\mathieu.lucas\AppData\Local\Programs\MiKTeX\tex/generic/intcalc\intca
lc.sty
Package: intcalc 2019/12/15 v1.3 Expandable calculations with integers (HO)
)
(C:\Users\mathieu.lucas\AppData\Local\Programs\MiKTeX\tex/generic/etexcmds\etex
cmds.sty
Package: etexcmds 2019/12/15 v1.7 Avoid name clashes with e-TeX commands (HO)
)
\Hy@SavedSpaceFactor=\count298

(C:\Users\mathieu.lucas\AppData\Local\Programs\MiKTeX\tex/latex/hyperref\puenc.
def
File: puenc.def 2021-06-07 v7.00m Hyperref: PDF Unicode definition (HO)
Now handling font encoding PU ...
... no UTF-8 mapping file for font encoding PU
)
Package hyperref Info: Option `bookmarks' set `true' on input line 4073.
Package hyperref Info: Option `bookmarksopen' set `true' on input line 4073.
Package hyperref Info: Option `implicit' set `false' on input line 4073.
Package hyperref Info: Hyper figures OFF on input line 4192.
Package hyperref Info: Link nesting OFF on input line 4197.
Package hyperref Info: Hyper index ON on input line 4200.
Package hyperref Info: Plain pages OFF on input line 4207.
Package hyperref Info: Backreferencing OFF on input line 4212.
Package hyperref Info: Implicit mode OFF; no redefinition of LaTeX internals.
Package hyperref Info: Bookmarks ON on input line 4445.
\c@Hy@tempcnt=\count299

(C:\Users\mathieu.lucas\AppData\Local\Programs\MiKTeX\tex/latex/url\url.sty
\Urlmuskip=\muskip16
Package: url 2013/09/16  ver 3.4  Verb mode for urls, etc.
)
LaTeX Info: Redefining \url on input line 4804.
\XeTeXLinkMargin=\dimen266

(C:\Users\mathieu.lucas\AppData\Local\Programs\MiKTeX\tex/generic/bitset\bitset
.sty
Package: bitset 2019/12/09 v1.3 Handle bit-vector datatype (HO)

(C:\Users\mathieu.lucas\AppData\Local\Programs\MiKTeX\tex/generic/bigintcalc\bi
gintcalc.sty
Package: bigintcalc 2019/12/15 v1.5 Expandable calculations on big integers (HO
)
))
\Fld@menulength=\count300
\Field@Width=\dimen267
\Fld@charsize=\dimen268
Package hyperref Info: Hyper figures OFF on input line 6076.
Package hyperref Info: Link nesting OFF on input line 6081.
Package hyperref Info: Hyper index ON on input line 6084.
Package hyperref Info: backreferencing OFF on input line 6091.
Package hyperref Info: Link coloring OFF on input line 6096.
Package hyperref Info: Link coloring with OCG OFF on input line 6101.
Package hyperref Info: PDF/A mode OFF on input line 6106.
LaTeX Info: Redefining \ref on input line 6146.
LaTeX Info: Redefining \pageref on input line 6150.
\Hy@abspage=\count301


Package hyperref Message: Stopped early.

)
Package hyperref Info: Driver (autodetected): hpdftex.

(C:\Users\mathieu.lucas\AppData\Local\Programs\MiKTeX\tex/latex/hyperref\hpdfte
x.def
File: hpdftex.def 2021-06-07 v7.00m Hyperref driver for pdfTeX

(C:\Users\mathieu.lucas\AppData\Local\Programs\MiKTeX\tex/latex/base\atveryend-
ltx.sty
Package: atveryend-ltx 2020/08/19 v1.0a Emulation of the original atveryend pac
kage
with kernel methods
)
\Fld@listcount=\count302
\c@bookmark@seq@number=\count303

(C:\Users\mathieu.lucas\AppData\Local\Programs\MiKTeX\tex/latex/rerunfilecheck\
rerunfilecheck.sty
Package: rerunfilecheck 2019/12/05 v1.9 Rerun checks for auxiliary files (HO)

(C:\Users\mathieu.lucas\AppData\Local\Programs\MiKTeX\tex/generic/uniquecounter
\uniquecounter.sty
Package: uniquecounter 2019/12/15 v1.4 Provide unlimited unique counter (HO)
)
Package uniquecounter Info: New unique counter `rerunfilecheck' on input line 2
86.
))
(C:\Users\mathieu.lucas\AppData\Local\Programs\MiKTeX\tex/latex/beamer\beamerba
serequires.sty
(C:\Users\mathieu.lucas\AppData\Local\Programs\MiKTeX\tex/latex/beamer\beamerba
secompatibility.sty)
(C:\Users\mathieu.lucas\AppData\Local\Programs\MiKTeX\tex/latex/beamer\beamerba
sefont.sty
(C:\Users\mathieu.lucas\AppData\Local\Programs\MiKTeX\tex/latex/amsfonts\amssym
b.sty
Package: amssymb 2013/01/14 v3.01 AMS font symbols

(C:\Users\mathieu.lucas\AppData\Local\Programs\MiKTeX\tex/latex/amsfonts\amsfon
ts.sty
Package: amsfonts 2013/01/14 v3.01 Basic AMSFonts support
\@emptytoks=\toks28
\symAMSa=\mathgroup4
\symAMSb=\mathgroup5
LaTeX Font Info:    Redeclaring math symbol \hbar on input line 98.
LaTeX Font Info:    Overwriting math alphabet `\mathfrak' in version `bold'
(Font)                  U/euf/m/n --> U/euf/b/n on input line 106.
))
(C:\Users\mathieu.lucas\AppData\Local\Programs\MiKTeX\tex/latex/sansmathaccent\
sansmathaccent.sty
Package: sansmathaccent 2020/01/31

(C:\Users\mathieu.lucas\AppData\Local\Programs\MiKTeX\tex/latex/koma-script\scr
lfile.sty
Package: scrlfile 2021/11/13 v3.35 KOMA-Script package (file load hooks)

(C:\Users\mathieu.lucas\AppData\Local\Programs\MiKTeX\tex/latex/koma-script\scr
lfile-hook.sty
Package: scrlfile-hook 2021/11/13 v3.35 KOMA-Script package (using LaTeX hooks)


(C:\Users\mathieu.lucas\AppData\Local\Programs\MiKTeX\tex/latex/koma-script\scr
logo.sty
Package: scrlogo 2021/11/13 v3.35 KOMA-Script package (logo)
)))))
(C:\Users\mathieu.lucas\AppData\Local\Programs\MiKTeX\tex/latex/beamer\beamerba
setranslator.sty
(C:\Users\mathieu.lucas\AppData\Local\Programs\MiKTeX\tex/latex/translator\tran
slator.sty
Package: translator 2021-05-31 v1.12d Easy translation of strings in LaTeX
))
(C:\Users\mathieu.lucas\AppData\Local\Programs\MiKTeX\tex/latex/beamer\beamerba
semisc.sty)
(C:\Users\mathieu.lucas\AppData\Local\Programs\MiKTeX\tex/latex/beamer\beamerba
setwoscreens.sty)
(C:\Users\mathieu.lucas\AppData\Local\Programs\MiKTeX\tex/latex/beamer\beamerba
seoverlay.sty
\beamer@argscount=\count304
\beamer@lastskipcover=\skip50
\beamer@trivlistdepth=\count305
)
(C:\Users\mathieu.lucas\AppData\Local\Programs\MiKTeX\tex/latex/beamer\beamerba
setitle.sty)
(C:\Users\mathieu.lucas\AppData\Local\Programs\MiKTeX\tex/latex/beamer\beamerba
sesection.sty
\c@lecture=\count306
\c@part=\count307
\c@section=\count308
\c@subsection=\count309
\c@subsubsection=\count310
)
(C:\Users\mathieu.lucas\AppData\Local\Programs\MiKTeX\tex/latex/beamer\beamerba
seframe.sty
\beamer@framebox=\box65
\beamer@frametitlebox=\box66
\beamer@zoombox=\box67
\beamer@zoomcount=\count311
\beamer@zoomframecount=\count312
\beamer@frametextheight=\dimen269
\c@subsectionslide=\count313
\beamer@frametopskip=\skip51
\beamer@framebottomskip=\skip52
\beamer@frametopskipautobreak=\skip53
\beamer@framebottomskipautobreak=\skip54
\beamer@envbody=\toks29
\framewidth=\dimen270
\c@framenumber=\count314
)
(C:\Users\mathieu.lucas\AppData\Local\Programs\MiKTeX\tex/latex/beamer\beamerba
severbatim.sty
\beamer@verbatimfileout=\write4
)
(C:\Users\mathieu.lucas\AppData\Local\Programs\MiKTeX\tex/latex/beamer\beamerba
seframesize.sty
\beamer@splitbox=\box68
\beamer@autobreakcount=\count315
\beamer@autobreaklastheight=\dimen271
\beamer@frametitletoks=\toks30
\beamer@framesubtitletoks=\toks31
)
(C:\Users\mathieu.lucas\AppData\Local\Programs\MiKTeX\tex/latex/beamer\beamerba
seframecomponents.sty
\beamer@footins=\box69
)
(C:\Users\mathieu.lucas\AppData\Local\Programs\MiKTeX\tex/latex/beamer\beamerba
secolor.sty)
(C:\Users\mathieu.lucas\AppData\Local\Programs\MiKTeX\tex/latex/beamer\beamerba
senotes.sty
\beamer@frameboxcopy=\box70
)
(C:\Users\mathieu.lucas\AppData\Local\Programs\MiKTeX\tex/latex/beamer\beamerba
setoc.sty)
(C:\Users\mathieu.lucas\AppData\Local\Programs\MiKTeX\tex/latex/beamer\beamerba
setemplates.sty
\beamer@sbttoks=\toks32

(C:\Users\mathieu.lucas\AppData\Local\Programs\MiKTeX\tex/latex/beamer\beamerba
seauxtemplates.sty
(C:\Users\mathieu.lucas\AppData\Local\Programs\MiKTeX\tex/latex/beamer\beamerba
seboxes.sty
\bmb@box=\box71
\bmb@colorbox=\box72
\bmb@boxwidth=\dimen272
\bmb@boxheight=\dimen273
\bmb@prevheight=\dimen274
\bmb@temp=\dimen275
\bmb@dima=\dimen276
\bmb@dimb=\dimen277
\bmb@prevheight=\dimen278
)
\beamer@blockheadheight=\dimen279
))
(C:\Users\mathieu.lucas\AppData\Local\Programs\MiKTeX\tex/latex/beamer\beamerba
selocalstructure.sty
(C:\Users\mathieu.lucas\AppData\Local\Programs\MiKTeX\tex/latex/tools\enumerate
.sty
Package: enumerate 2015/07/23 v3.00 enumerate extensions (DPC)
\@enLab=\toks33
)
\beamer@bibiconwidth=\skip55
\c@figure=\count316
\c@table=\count317
\abovecaptionskip=\skip56
\belowcaptionskip=\skip57
)
(C:\Users\mathieu.lucas\AppData\Local\Programs\MiKTeX\tex/latex/beamer\beamerba
senavigation.sty
(C:\Users\mathieu.lucas\AppData\Local\Programs\MiKTeX\tex/latex/beamer\beamerba
senavigationsymbols.tex)
\beamer@section@min@dim=\dimen280
)
(C:\Users\mathieu.lucas\AppData\Local\Programs\MiKTeX\tex/latex/beamer\beamerba
setheorems.sty
(C:\Users\mathieu.lucas\AppData\Local\Programs\MiKTeX\tex/latex/amsmath\amsmath
.sty
Package: amsmath 2021/10/15 v2.17l AMS math features
\@mathmargin=\skip58

For additional information on amsmath, use the `?' option.

(C:\Users\mathieu.lucas\AppData\Local\Programs\MiKTeX\tex/latex/amsmath\amstext
.sty
Package: amstext 2021/08/26 v2.01 AMS text

(C:\Users\mathieu.lucas\AppData\Local\Programs\MiKTeX\tex/latex/amsmath\amsgen.
sty
File: amsgen.sty 1999/11/30 v2.0 generic functions
\@emptytoks=\toks34
\ex@=\dimen281
))
(C:\Users\mathieu.lucas\AppData\Local\Programs\MiKTeX\tex/latex/amsmath\amsbsy.
sty
Package: amsbsy 1999/11/29 v1.2d Bold Symbols
\pmbraise@=\dimen282
)
(C:\Users\mathieu.lucas\AppData\Local\Programs\MiKTeX\tex/latex/amsmath\amsopn.
sty
Package: amsopn 2021/08/26 v2.02 operator names
)
\inf@bad=\count318
LaTeX Info: Redefining \frac on input line 234.
\uproot@=\count319
\leftroot@=\count320
LaTeX Info: Redefining \overline on input line 399.
\classnum@=\count321
\DOTSCASE@=\count322
LaTeX Info: Redefining \ldots on input line 496.
LaTeX Info: Redefining \dots on input line 499.
LaTeX Info: Redefining \cdots on input line 620.
\Mathstrutbox@=\box73
\strutbox@=\box74
\big@size=\dimen283
LaTeX Font Info:    Redeclaring font encoding OML on input line 743.
LaTeX Font Info:    Redeclaring font encoding OMS on input line 744.
\macc@depth=\count323
\c@MaxMatrixCols=\count324
\dotsspace@=\muskip17
\c@parentequation=\count325
\dspbrk@lvl=\count326
\tag@help=\toks35
\row@=\count327
\column@=\count328
\maxfields@=\count329
\andhelp@=\toks36
\eqnshift@=\dimen284
\alignsep@=\dimen285
\tagshift@=\dimen286
\tagwidth@=\dimen287
\totwidth@=\dimen288
\lineht@=\dimen289
\@envbody=\toks37
\multlinegap=\skip59
\multlinetaggap=\skip60
\mathdisplay@stack=\toks38
LaTeX Info: Redefining \[ on input line 2938.
LaTeX Info: Redefining \] on input line 2939.
)
(C:\Users\mathieu.lucas\AppData\Local\Programs\MiKTeX\tex/latex/amscls\amsthm.s
ty
Package: amsthm 2020/05/29 v2.20.6
\thm@style=\toks39
\thm@bodyfont=\toks40
\thm@headfont=\toks41
\thm@notefont=\toks42
\thm@headpunct=\toks43
\thm@preskip=\skip61
\thm@postskip=\skip62
\thm@headsep=\skip63
\dth@everypar=\toks44
)
\c@theorem=\count330
)
(C:\Users\mathieu.lucas\AppData\Local\Programs\MiKTeX\tex/latex/beamer\beamerba
sethemes.sty))
(C:\Users\mathieu.lucas\AppData\Local\Programs\MiKTeX\tex/latex/beamer\beamerth
emedefault.sty
(C:\Users\mathieu.lucas\AppData\Local\Programs\MiKTeX\tex/latex/beamer\beamerfo
ntthemedefault.sty)
(C:\Users\mathieu.lucas\AppData\Local\Programs\MiKTeX\tex/latex/beamer\beamerco
lorthemedefault.sty)
(C:\Users\mathieu.lucas\AppData\Local\Programs\MiKTeX\tex/latex/beamer\beamerin
nerthemedefault.sty
\beamer@dima=\dimen290
\beamer@dimb=\dimen291
)
(C:\Users\mathieu.lucas\AppData\Local\Programs\MiKTeX\tex/latex/beamer\beamerou
terthemedefault.sty)))
(C:\Users\mathieu.lucas\AppData\Local\Programs\MiKTeX\tex/generic/babel\babel.s
ty
Package: babel 2021/11/29 3.67 The Babel package
\babel@savecnt=\count331
\U@D=\dimen292
\l@unhyphenated=\language79

(C:\Users\mathieu.lucas\AppData\Local\Programs\MiKTeX\tex/generic/babel\txtbabe
l.def)
\bbl@readstream=\read3
LaTeX Info: Redefining \textlatin on input line 3972.
\bbl@dirlevel=\count332

*************************************
* Local config file bblopts.cfg used
*

(C:\Users\mathieu.lucas\AppData\Local\Programs\MiKTeX\tex/latex/arabi\bblopts.c
fg
File: bblopts.cfg 2005/09/08 v0.1 add Arabic and Farsi to "declared" options of
 babel
)
(C:\Users\mathieu.lucas\AppData\Local\Programs\MiKTeX\tex/generic/babel-french\
french.ldf
Language: french 2021/07/20 v3.5m French support from the babel system
Package babel Info: Hyphen rules for 'acadian' set to \l@french
(babel)             (\language22). Reported on input line 91.
Package babel Info: Hyphen rules for 'canadien' set to \l@french
(babel)             (\language22). Reported on input line 92.
\FB@nonchar=\count333
Package babel Info: Making : an active character on input line 430.
Package babel Info: Making ; an active character on input line 431.
Package babel Info: Making ! an active character on input line 432.
Package babel Info: Making ? an active character on input line 433.
\FBguill@level=\count334
\FBold@everypar=\toks45
\FB@Mht=\dimen293
\mc@charclass=\count335
\mc@charfam=\count336
\mc@charslot=\count337
\std@mcc=\count338
\dec@mcc=\count339
\listindentFB=\dimen294
\descindentFB=\dimen295
\labelindentFB=\dimen296
\labelwidthFB=\dimen297
\leftmarginFB=\dimen298
\parindentFFN=\dimen299
\FBfnindent=\dimen300
))
(C:\Users\mathieu.lucas\AppData\Local\Programs\MiKTeX\tex/latex/carlisle\scalef
nt.sty)
Package french.ldf Info: No list customisation for the beamer class,
(french.ldf)             reported on input line 5.

(C:\Users\mathieu.lucas\AppData\Local\Programs\MiKTeX\tex/latex/biblatex\biblat
ex.sty
Package: biblatex 2020/12/31 v3.16 programmable bibliographies (PK/MW)

(C:\Users\mathieu.lucas\AppData\Local\Programs\MiKTeX\tex/latex/logreq\logreq.s
ty
Package: logreq 2010/08/04 v1.0 xml request logger
\lrq@indent=\count340

(C:\Users\mathieu.lucas\AppData\Local\Programs\MiKTeX\tex/latex/logreq\logreq.d
ef
File: logreq.def 2010/08/04 v1.0 logreq spec v1.0
))
(C:\Users\mathieu.lucas\AppData\Local\Programs\MiKTeX\tex/latex/base\ifthen.sty
Package: ifthen 2020/11/24 v1.1c Standard LaTeX ifthen package (DPC)
)
\c@tabx@nest=\count341
\c@listtotal=\count342
\c@listcount=\count343
\c@liststart=\count344
\c@liststop=\count345
\c@citecount=\count346
\c@citetotal=\count347
\c@multicitecount=\count348
\c@multicitetotal=\count349
\c@instcount=\count350
\c@maxnames=\count351
\c@minnames=\count352
\c@maxitems=\count353
\c@minitems=\count354
\c@citecounter=\count355
\c@maxcitecounter=\count356
\c@savedcitecounter=\count357
\c@uniquelist=\count358
\c@uniquename=\count359
\c@refsection=\count360
\c@refsegment=\count361
\c@maxextratitle=\count362
\c@maxextratitleyear=\count363
\c@maxextraname=\count364
\c@maxextradate=\count365
\c@maxextraalpha=\count366
\c@abbrvpenalty=\count367
\c@highnamepenalty=\count368
\c@lownamepenalty=\count369
\c@maxparens=\count370
\c@parenlevel=\count371
\blx@tempcnta=\count372
\blx@tempcntb=\count373
\blx@tempcntc=\count374
\blx@maxsection=\count375
\blx@maxsegment@0=\count376
\blx@notetype=\count377
\blx@parenlevel@text=\count378
\blx@parenlevel@foot=\count379
\blx@sectionciteorder@0=\count380
\blx@entrysetcounter=\count381
\blx@biblioinstance=\count382
\labelnumberwidth=\skip64
\labelalphawidth=\skip65
\biblabelsep=\skip66
\bibitemsep=\skip67
\bibnamesep=\skip68
\bibinitsep=\skip69
\bibparsep=\skip70
\bibhang=\skip71
\blx@bcfin=\read4
\blx@bcfout=\write5
\blx@langwohyphens=\language80
\c@mincomprange=\count383
\c@maxcomprange=\count384
\c@mincompwidth=\count385
Package biblatex Info: Trying to load biblatex default data model...
Package biblatex Info: ... file 'blx-dm.def' found.

(C:\Users\mathieu.lucas\AppData\Local\Programs\MiKTeX\tex/latex/biblatex\blx-dm
.def
File: blx-dm.def 2020/12/31 v3.16 biblatex localization (PK/MW)
)
Package biblatex Info: Trying to load biblatex style data model...
Package biblatex Info: ... file 'authoryear.dbx' not found.
Package biblatex Info: Trying to load biblatex custom data model...
Package biblatex Info: ... file 'biblatex-dm.cfg' not found.
\c@afterword=\count386
\c@savedafterword=\count387
\c@annotator=\count388
\c@savedannotator=\count389
\c@author=\count390
\c@savedauthor=\count391
\c@bookauthor=\count392
\c@savedbookauthor=\count393
\c@commentator=\count394
\c@savedcommentator=\count395
\c@editor=\count396
\c@savededitor=\count397
\c@editora=\count398
\c@savededitora=\count399
\c@editorb=\count400
\c@savededitorb=\count401
\c@editorc=\count402
\c@savededitorc=\count403
\c@foreword=\count404
\c@savedforeword=\count405
\c@holder=\count406
\c@savedholder=\count407
\c@introduction=\count408
\c@savedintroduction=\count409
\c@namea=\count410
\c@savednamea=\count411
\c@nameb=\count412
\c@savednameb=\count413
\c@namec=\count414
\c@savednamec=\count415
\c@translator=\count416
\c@savedtranslator=\count417
\c@shortauthor=\count418
\c@savedshortauthor=\count419
\c@shorteditor=\count420
\c@savedshorteditor=\count421
\c@labelname=\count422
\c@savedlabelname=\count423
\c@institution=\count424
\c@savedinstitution=\count425
\c@lista=\count426
\c@savedlista=\count427
\c@listb=\count428
\c@savedlistb=\count429
\c@listc=\count430
\c@savedlistc=\count431
\c@listd=\count432
\c@savedlistd=\count433
\c@liste=\count434
\c@savedliste=\count435
\c@listf=\count436
\c@savedlistf=\count437
\c@location=\count438
\c@savedlocation=\count439
\c@organization=\count440
\c@savedorganization=\count441
\c@origlocation=\count442
\c@savedoriglocation=\count443
\c@origpublisher=\count444
\c@savedorigpublisher=\count445
\c@publisher=\count446
\c@savedpublisher=\count447
\c@language=\count448
\c@savedlanguage=\count449
\c@origlanguage=\count450
\c@savedoriglanguage=\count451
\c@pageref=\count452
\c@savedpageref=\count453
\shorthandwidth=\skip72
\shortjournalwidth=\skip73
\shortserieswidth=\skip74
\shorttitlewidth=\skip75
\shortauthorwidth=\skip76
\shorteditorwidth=\skip77
\locallabelnumberwidth=\skip78
\locallabelalphawidth=\skip79
\localshorthandwidth=\skip80
\localshortjournalwidth=\skip81
\localshortserieswidth=\skip82
\localshorttitlewidth=\skip83
\localshortauthorwidth=\skip84
\localshorteditorwidth=\skip85
Package biblatex Info: Trying to load compatibility code...
Package biblatex Info: ... file 'blx-compat.def' found.

(C:\Users\mathieu.lucas\AppData\Local\Programs\MiKTeX\tex/latex/biblatex\blx-co
mpat.def
File: blx-compat.def 2020/12/31 v3.16 biblatex compatibility (PK/MW)
)
Package biblatex Info: Trying to load generic definitions...
Package biblatex Info: ... file 'biblatex.def' found.

(C:\Users\mathieu.lucas\AppData\Local\Programs\MiKTeX\tex/latex/biblatex\biblat
ex.def
File: biblatex.def 2020/12/31 v3.16 biblatex compatibility (PK/MW)
\c@textcitecount=\count454
\c@textcitetotal=\count455
\c@textcitemaxnames=\count456
\c@biburlbigbreakpenalty=\count457
\c@biburlbreakpenalty=\count458
\c@biburlnumpenalty=\count459
\c@biburlucpenalty=\count460
\c@biburllcpenalty=\count461
\biburlbigskip=\muskip18
\biburlnumskip=\muskip19
\biburlucskip=\muskip20
\biburllcskip=\muskip21
\c@smartand=\count462
)
Package biblatex Info: Trying to load natbib compatibility...
Package biblatex Info: ... file 'blx-natbib.def' found.

(C:\Users\mathieu.lucas\AppData\Local\Programs\MiKTeX\tex/latex/biblatex\blx-na
tbib.def
File: blx-natbib.def 2020/12/31 v3.16 biblatex compatibility (PK/MW)
Package biblatex Info: Delimiter 'nameyeardelim' in context '' already defined,
 overwriting.
)
Package biblatex Info: Trying to load bibliography style 'authoryear'...
Package biblatex Info: ... file 'authoryear.bbx' found.

(C:\Users\mathieu.lucas\AppData\Local\Programs\MiKTeX\tex/latex/biblatex/bbx\au
thoryear.bbx
File: authoryear.bbx 2020/12/31 v3.16 biblatex bibliography style (PK/MW)
Package biblatex Info: Trying to load bibliography style 'standard'...
Package biblatex Info: ... file 'standard.bbx' found.

(C:\Users\mathieu.lucas\AppData\Local\Programs\MiKTeX\tex/latex/biblatex/bbx\st
andard.bbx
File: standard.bbx 2020/12/31 v3.16 biblatex bibliography style (PK/MW)
\c@bbx:relatedcount=\count463
\c@bbx:relatedtotal=\count464
))
Package biblatex Info: Trying to load citation style 'authoryear'...
Package biblatex Info: ... file 'authoryear.cbx' found.

(C:\Users\mathieu.lucas\AppData\Local\Programs\MiKTeX\tex/latex/biblatex/cbx\au
thoryear.cbx
File: authoryear.cbx 2020/12/31 v3.16 biblatex citation style (PK/MW)
Package biblatex Info: Redefining '\cite'.
Package biblatex Info: Redefining '\parencite'.
Package biblatex Info: Redefining '\footcite'.
Package biblatex Info: Redefining '\footcitetext'.
Package biblatex Info: Redefining '\smartcite'.
Package biblatex Info: Redefining '\textcite'.
Package biblatex Info: Redefining '\textcites'.
)
Package biblatex Info: Trying to load configuration file...
Package biblatex Info: ... file 'biblatex.cfg' found.

(C:\Users\mathieu.lucas\AppData\Local\Programs\MiKTeX\tex/latex/biblatex\biblat
ex.cfg
File: biblatex.cfg 
))
(C:\Users\mathieu.lucas\AppData\Local\Programs\MiKTeX\tex/latex/pgf/frontendlay
er\tikz.sty
(C:\Users\mathieu.lucas\AppData\Local\Programs\MiKTeX\tex/latex/pgf/basiclayer\
pgf.sty
Package: pgf 2021/05/15 v3.1.9a (3.1.9a)

(C:\Users\mathieu.lucas\AppData\Local\Programs\MiKTeX\tex/generic/pgf/modules\p
gfmoduleshapes.code.tex
File: pgfmoduleshapes.code.tex 2021/05/15 v3.1.9a (3.1.9a)
\pgfnodeparttextbox=\box75
)
(C:\Users\mathieu.lucas\AppData\Local\Programs\MiKTeX\tex/generic/pgf/modules\p
gfmoduleplot.code.tex
File: pgfmoduleplot.code.tex 2021/05/15 v3.1.9a (3.1.9a)
)
(C:\Users\mathieu.lucas\AppData\Local\Programs\MiKTeX\tex/latex/pgf/compatibili
ty\pgfcomp-version-0-65.sty
Package: pgfcomp-version-0-65 2021/05/15 v3.1.9a (3.1.9a)
\pgf@nodesepstart=\dimen301
\pgf@nodesepend=\dimen302
)
(C:\Users\mathieu.lucas\AppData\Local\Programs\MiKTeX\tex/latex/pgf/compatibili
ty\pgfcomp-version-1-18.sty
Package: pgfcomp-version-1-18 2021/05/15 v3.1.9a (3.1.9a)
))
(C:\Users\mathieu.lucas\AppData\Local\Programs\MiKTeX\tex/latex/pgf/utilities\p
gffor.sty
(C:\Users\mathieu.lucas\AppData\Local\Programs\MiKTeX\tex/generic/pgf/utilities
\pgffor.code.tex
Package: pgffor 2021/05/15 v3.1.9a (3.1.9a)

(C:\Users\mathieu.lucas\AppData\Local\Programs\MiKTeX\tex/generic/pgf/math\pgfm
ath.code.tex)
\pgffor@iter=\dimen303
\pgffor@skip=\dimen304
\pgffor@stack=\toks46
\pgffor@toks=\toks47
))
(C:\Users\mathieu.lucas\AppData\Local\Programs\MiKTeX\tex/generic/pgf/frontendl
ayer/tikz\tikz.code.tex
Package: tikz 2021/05/15 v3.1.9a (3.1.9a)

(C:\Users\mathieu.lucas\AppData\Local\Programs\MiKTeX\tex/generic/pgf/libraries
\pgflibraryplothandlers.code.tex
File: pgflibraryplothandlers.code.tex 2021/05/15 v3.1.9a (3.1.9a)
\pgf@plot@mark@count=\count465
\pgfplotmarksize=\dimen305
)
\tikz@lastx=\dimen306
\tikz@lasty=\dimen307
\tikz@lastxsaved=\dimen308
\tikz@lastysaved=\dimen309
\tikz@lastmovetox=\dimen310
\tikz@lastmovetoy=\dimen311
\tikzleveldistance=\dimen312
\tikzsiblingdistance=\dimen313
\tikz@figbox=\box76
\tikz@figbox@bg=\box77
\tikz@tempbox=\box78
\tikz@tempbox@bg=\box79
\tikztreelevel=\count466
\tikznumberofchildren=\count467
\tikznumberofcurrentchild=\count468
\tikz@fig@count=\count469

(C:\Users\mathieu.lucas\AppData\Local\Programs\MiKTeX\tex/generic/pgf/modules\p
gfmodulematrix.code.tex
File: pgfmodulematrix.code.tex 2021/05/15 v3.1.9a (3.1.9a)
\pgfmatrixcurrentrow=\count470
\pgfmatrixcurrentcolumn=\count471
\pgf@matrix@numberofcolumns=\count472
)
\tikz@expandcount=\count473

(C:\Users\mathieu.lucas\AppData\Local\Programs\MiKTeX\tex/generic/pgf/frontendl
ayer/tikz/libraries\tikzlibrarytopaths.code.tex
File: tikzlibrarytopaths.code.tex 2021/05/15 v3.1.9a (3.1.9a)
)))
(C:\Users\mathieu.lucas\AppData\Local\Programs\MiKTeX\tex/latex/base\fontenc.st
y
Package: fontenc 2021/04/29 v2.0v Standard LaTeX package
)
(C:\Users\mathieu.lucas\AppData\Local\Programs\MiKTeX\tex/latex/base\inputenc.s
ty
Package: inputenc 2021/02/14 v1.3d Input encoding file
\inpenc@prehook=\toks48
\inpenc@posthook=\toks49
)
(C:\Users\mathieu.lucas\AppData\Local\Programs\MiKTeX\tex/latex/lm\lmodern.sty
Package: lmodern 2009/10/30 v1.6 Latin Modern Fonts
LaTeX Font Info:    Overwriting symbol font `operators' in version `normal'
(Font)                  OT1/cmr/m/n --> OT1/lmr/m/n on input line 22.
LaTeX Font Info:    Overwriting symbol font `letters' in version `normal'
(Font)                  OML/cmm/m/it --> OML/lmm/m/it on input line 23.
LaTeX Font Info:    Overwriting symbol font `symbols' in version `normal'
(Font)                  OMS/cmsy/m/n --> OMS/lmsy/m/n on input line 24.
LaTeX Font Info:    Overwriting symbol font `largesymbols' in version `normal'
(Font)                  OMX/cmex/m/n --> OMX/lmex/m/n on input line 25.
LaTeX Font Info:    Overwriting symbol font `operators' in version `bold'
(Font)                  OT1/cmr/bx/n --> OT1/lmr/bx/n on input line 26.
LaTeX Font Info:    Overwriting symbol font `letters' in version `bold'
(Font)                  OML/cmm/b/it --> OML/lmm/b/it on input line 27.
LaTeX Font Info:    Overwriting symbol font `symbols' in version `bold'
(Font)                  OMS/cmsy/b/n --> OMS/lmsy/b/n on input line 28.
LaTeX Font Info:    Overwriting symbol font `largesymbols' in version `bold'
(Font)                  OMX/cmex/m/n --> OMX/lmex/m/n on input line 29.
LaTeX Font Info:    Overwriting math alphabet `\mathbf' in version `normal'
(Font)                  OT1/cmr/bx/n --> OT1/lmr/bx/n on input line 31.
LaTeX Font Info:    Overwriting math alphabet `\mathsf' in version `normal'
(Font)                  OT1/cmss/m/n --> OT1/lmss/m/n on input line 32.
LaTeX Font Info:    Overwriting math alphabet `\mathit' in version `normal'
(Font)                  OT1/cmr/m/it --> OT1/lmr/m/it on input line 33.
LaTeX Font Info:    Overwriting math alphabet `\mathtt' in version `normal'
(Font)                  OT1/cmtt/m/n --> OT1/lmtt/m/n on input line 34.
LaTeX Font Info:    Overwriting math alphabet `\mathbf' in version `bold'
(Font)                  OT1/cmr/bx/n --> OT1/lmr/bx/n on input line 35.
LaTeX Font Info:    Overwriting math alphabet `\mathsf' in version `bold'
(Font)                  OT1/cmss/bx/n --> OT1/lmss/bx/n on input line 36.
LaTeX Font Info:    Overwriting math alphabet `\mathit' in version `bold'
(Font)                  OT1/cmr/bx/it --> OT1/lmr/bx/it on input line 37.
LaTeX Font Info:    Overwriting math alphabet `\mathtt' in version `bold'
(Font)                  OT1/cmtt/m/n --> OT1/lmtt/m/n on input line 38.
)
(C:\Users\mathieu.lucas\AppData\Local\Programs\MiKTeX\tex/latex/textpos\textpos
.sty
Package: textpos 2022/07/23 v1.10.1
Package textpos Info: choosing support for LaTeX3 on input line 60.
\TP@textbox=\box80
\TP@holdbox=\box81
\TPHorizModule=\dimen314
\TPVertModule=\dimen315
\TP@margin=\dimen316
\TP@absmargin=\dimen317

Grid set 16 x 16 = 22.7622pt x 17.07166pt
\TPboxrulesize=\dimen318
\TP@ox=\dimen319
\TP@oy=\dimen320
\TP@tbargs=\toks50
TextBlockOrigin set to 0pt x 0pt
)
(C:\Users\mathieu.lucas\AppData\Local\Programs\MiKTeX\tex/latex/contour\contour
.sty
Package: contour 2004/11/18 v2.14 Print contoured text (HH, MH)
\con@length=\skip86

Loading configuration file `contour.cfg'.

(C:\Users\mathieu.lucas\AppData\Local\Programs\MiKTeX\tex/latex/contour\contour
.cfg
File: contour.cfg 2004/11/18 v2.14 Print contoured text (HH, MH)
)
contour: Using driver file `pdftex.cnt'.

(C:\Users\mathieu.lucas\AppData\Local\Programs\MiKTeX\tex/latex/contour\pdftex.
cnt
File: pdftex.cnt 2004/11/18 v2.14 Print contoured text (HH, MH)
))
(C:\Users\mathieu.lucas\AppData\Local\Programs\MiKTeX\tex/latex/ulem\ulem.sty
\UL@box=\box82
\UL@hyphenbox=\box83
\UL@skip=\skip87
\UL@hook=\toks51
\UL@height=\dimen321
\UL@pe=\count474
\UL@pixel=\dimen322
\ULC@box=\box84
Package: ulem 2019/11/18
\ULdepth=\dimen323
)
(C:\Users\mathieu.lucas\AppData\Local\Programs\MiKTeX\tex/latex/newunicodechar\
newunicodechar.sty
Package: newunicodechar 2018/04/08 v1.2 Defining Unicode characters
)
(C:\Users\mathieu.lucas\AppData\Local\Programs\MiKTeX\tex/latex/multirow\multir
ow.sty
Package: multirow 2021/03/15 v2.8 Span multiple rows of a table
\multirow@colwidth=\skip88
\multirow@cntb=\count475
\multirow@dima=\skip89
\bigstrutjot=\dimen324
)
(C:\Users\mathieu.lucas\AppData\Local\Programs\MiKTeX\tex/latex/setspace\setspa
ce.sty
Package: setspace 2011/12/19 v6.7a set line spacing
)
(C:\Users\mathieu.lucas\AppData\Local\Programs\MiKTeX\tex/latex/psnfss\pifont.s
ty
Package: pifont 2020/03/25 PSNFSS-v9.3 Pi font support (SPQR) 
LaTeX Font Info:    Trying to load font information for U+pzd on input line 63.


(C:\Users\mathieu.lucas\AppData\Local\Programs\MiKTeX\tex/latex/psnfss\upzd.fd
File: upzd.fd 2001/06/04 font definitions for U/pzd.
)
LaTeX Font Info:    Trying to load font information for U+psy on input line 64.

(C:\Users\mathieu.lucas\AppData\Local\Programs\MiKTeX\tex/latex/psnfss\upsy.fd
File: upsy.fd 2001/06/04 font definitions for U/psy.
))
(C:\Users\mathieu.lucas\AppData\Local\Programs\MiKTeX\tex/latex/appendixnumberb
eamer\appendixnumberbeamer.sty)
(C:\Users\mathieu.lucas\AppData\Local\Programs\MiKTeX\tex/latex/beamer\beamerth
emeMadrid.sty
(C:\Users\mathieu.lucas\AppData\Local\Programs\MiKTeX\tex/latex/beamer\beamerco
lorthemewhale.sty)
(C:\Users\mathieu.lucas\AppData\Local\Programs\MiKTeX\tex/latex/beamer\beamerco
lorthemeorchid.sty)
(C:\Users\mathieu.lucas\AppData\Local\Programs\MiKTeX\tex/latex/beamer\beamerin
nerthemerounded.sty)
(C:\Users\mathieu.lucas\AppData\Local\Programs\MiKTeX\tex/latex/beamer\beamerou
terthemeinfolines.sty))
(C:\Users\mathieu.lucas\AppData\Local\Programs\MiKTeX\tex/latex/beamer\beamerou
terthememiniframes.sty)
(C:\Users\mathieu.lucas\AppData\Local\Programs\MiKTeX\tex/latex/beamer\beamerfo
ntthemestructurebold.sty)
(C:\Users\mathieu.lucas\AppData\Local\Programs\MiKTeX\tex/latex/beamer\beamerco
lorthemestructure.sty)

Package biblatex Warning: 'babel/polyglossia' detected but 'csquotes' missing.
(biblatex)                Loading 'csquotes' recommended.

\@quotelevel=\count476
\@quotereset=\count477
LaTeX Font Info:    Trying to load font information for T1+lmss on input line 7
2.
(C:\Users\mathieu.lucas\AppData\Local\Programs\MiKTeX\tex/latex/lm\t1lmss.fd
File: t1lmss.fd 2009/10/30 v1.6 Font defs for Latin Modern
)
(C:\Users\mathieu.lucas\AppData\Local\Programs\MiKTeX\tex/latex/l3backend\l3bac
kend-pdftex.def
File: l3backend-pdftex.def 2021-10-18 L3 backend support: PDF output (pdfTeX)
\l__color_backend_stack_int=\count478
\l__pdf_internal_box=\box85
) (Soutenance.aux)
\openout1 = `Soutenance.aux'.

LaTeX Font Info:    Checking defaults for OML/cmm/m/it on input line 72.
LaTeX Font Info:    ... okay on input line 72.
LaTeX Font Info:    Checking defaults for OMS/cmsy/m/n on input line 72.
LaTeX Font Info:    ... okay on input line 72.
LaTeX Font Info:    Checking defaults for OT1/cmr/m/n on input line 72.
LaTeX Font Info:    ... okay on input line 72.
LaTeX Font Info:    Checking defaults for T1/cmr/m/n on input line 72.
LaTeX Font Info:    ... okay on input line 72.
LaTeX Font Info:    Checking defaults for TS1/cmr/m/n on input line 72.
LaTeX Font Info:    ... okay on input line 72.
LaTeX Font Info:    Checking defaults for OMX/cmex/m/n on input line 72.
LaTeX Font Info:    ... okay on input line 72.
LaTeX Font Info:    Checking defaults for U/cmr/m/n on input line 72.
LaTeX Font Info:    ... okay on input line 72.
LaTeX Font Info:    Checking defaults for PD1/pdf/m/n on input line 72.
LaTeX Font Info:    ... okay on input line 72.
LaTeX Font Info:    Checking defaults for PU/pdf/m/n on input line 72.
LaTeX Font Info:    ... okay on input line 72.

*geometry* driver: auto-detecting
*geometry* detected driver: pdftex
*geometry* verbose mode - [ preamble ] result:
* driver: pdftex
* paper: custom
* layout: <same size as paper>
* layoutoffset:(h,v)=(0.0pt,0.0pt)
* modes: includehead includefoot 
* h-part:(L,W,R)=(9.24774pt, 345.69987pt, 9.24774pt)
* v-part:(T,H,B)=(0.0pt, 273.14662pt, 0.0pt)
* \paperwidth=364.19536pt
* \paperheight=273.14662pt
* \textwidth=345.69987pt
* \textheight=244.6939pt
* \oddsidemargin=-63.02225pt
* \evensidemargin=-63.02225pt
* \topmargin=-72.26999pt
* \headheight=14.22636pt
* \headsep=0.0pt
* \topskip=9.0pt
* \footskip=14.22636pt
* \marginparwidth=4.0pt
* \marginparsep=10.0pt
* \columnsep=10.0pt
* \skip\footins=8.0pt plus 4.0pt minus 2.0pt
* \hoffset=0.0pt
* \voffset=0.0pt
* \mag=1000
* \@twocolumnfalse
* \@twosidefalse
* \@mparswitchfalse
* \@reversemarginfalse
* (1in=72.27pt=25.4mm, 1cm=28.453pt)


(C:\Users\mathieu.lucas\AppData\Local\Programs\MiKTeX\tex/context/base/mkii\sup
p-pdf.mkii
[Loading MPS to PDF converter (version 2006.09.02).]
\scratchcounter=\count479
\scratchdimen=\dimen325
\scratchbox=\box86
\nofMPsegments=\count480
\nofMParguments=\count481
\everyMPshowfont=\toks52
\MPscratchCnt=\count482
\MPscratchDim=\dimen326
\MPnumerator=\count483
\makeMPintoPDFobject=\count484
\everyMPtoPDFconversion=\toks53
)
(C:\Users\mathieu.lucas\AppData\Local\Programs\MiKTeX\tex/latex/epstopdf-pkg\ep
stopdf-base.sty
Package: epstopdf-base 2020-01-24 v2.11 Base part for package epstopdf
Package epstopdf-base Info: Redefining graphics rule for `.eps' on input line 4
85.

(C:\Users\mathieu.lucas\AppData\Local\Programs\MiKTeX\tex/latex/00miktex\epstop
df-sys.cfg
File: epstopdf-sys.cfg 2021/03/18 v2.0 Configuration of epstopdf for MiKTeX
))
Package hyperref Info: Link coloring OFF on input line 72.

(C:\Users\mathieu.lucas\AppData\Local\Programs\MiKTeX\tex/latex/hyperref\namere
f.sty
Package: nameref 2021-04-02 v2.47 Cross-referencing by name of section

(C:\Users\mathieu.lucas\AppData\Local\Programs\MiKTeX\tex/latex/refcount\refcou
nt.sty
Package: refcount 2019/12/15 v3.6 Data extraction from label references (HO)
)
(C:\Users\mathieu.lucas\AppData\Local\Programs\MiKTeX\tex/generic/gettitlestrin
g\gettitlestring.sty
Package: gettitlestring 2019/12/15 v1.6 Cleanup title references (HO)
)
\c@section@level=\count485
)
LaTeX Info: Redefining \ref on input line 72.
LaTeX Info: Redefining \pageref on input line 72.
LaTeX Info: Redefining \nameref on input line 72.
 (Soutenance.out) (Soutenance.out)
\@outlinefile=\write6
\openout6 = `Soutenance.out'.

LaTeX Font Info:    Overwriting symbol font `operators' in version `normal'
(Font)                  OT1/lmr/m/n --> OT1/cmss/m/n on input line 72.
LaTeX Font Info:    Overwriting symbol font `operators' in version `bold'
(Font)                  OT1/lmr/bx/n --> OT1/cmss/b/n on input line 72.
LaTeX Font Info:    Overwriting symbol font `operators' in version `normal'
(Font)                  OT1/cmss/m/n --> OT1/lmss/m/n on input line 72.
LaTeX Font Info:    Overwriting symbol font `operators' in version `bold'
(Font)                  OT1/cmss/b/n --> OT1/lmss/b/n on input line 72.
\symnumbers=\mathgroup6
\sympureletters=\mathgroup7
LaTeX Font Info:    Overwriting math alphabet `\mathrm' in version `normal'
(Font)                  OT1/lmss/m/n --> T1/lmr/m/n on input line 72.
LaTeX Font Info:    Redeclaring math alphabet \mathbf on input line 72.
LaTeX Font Info:    Overwriting math alphabet `\mathbf' in version `normal'
(Font)                  OT1/lmr/bx/n --> T1/lmss/b/n on input line 72.
LaTeX Font Info:    Overwriting math alphabet `\mathbf' in version `bold'
(Font)                  OT1/lmr/bx/n --> T1/lmss/b/n on input line 72.
LaTeX Font Info:    Redeclaring math alphabet \mathsf on input line 72.
LaTeX Font Info:    Overwriting math alphabet `\mathsf' in version `normal'
(Font)                  OT1/lmss/m/n --> T1/lmss/m/n on input line 72.
LaTeX Font Info:    Overwriting math alphabet `\mathsf' in version `bold'
(Font)                  OT1/lmss/bx/n --> T1/lmss/m/n on input line 72.
LaTeX Font Info:    Redeclaring math alphabet \mathit on input line 72.
LaTeX Font Info:    Overwriting math alphabet `\mathit' in version `normal'
(Font)                  OT1/lmr/m/it --> T1/lmss/m/it on input line 72.
LaTeX Font Info:    Overwriting math alphabet `\mathit' in version `bold'
(Font)                  OT1/lmr/bx/it --> T1/lmss/m/it on input line 72.
LaTeX Font Info:    Redeclaring math alphabet \mathtt on input line 72.
LaTeX Font Info:    Overwriting math alphabet `\mathtt' in version `normal'
(Font)                  OT1/lmtt/m/n --> T1/lmtt/m/n on input line 72.
LaTeX Font Info:    Overwriting math alphabet `\mathtt' in version `bold'
(Font)                  OT1/lmtt/m/n --> T1/lmtt/m/n on input line 72.
LaTeX Font Info:    Overwriting symbol font `numbers' in version `bold'
(Font)                  T1/lmss/m/n --> T1/lmss/b/n on input line 72.
LaTeX Font Info:    Overwriting symbol font `pureletters' in version `bold'
(Font)                  T1/lmss/m/it --> T1/lmss/b/it on input line 72.
LaTeX Font Info:    Overwriting math alphabet `\mathrm' in version `bold'
(Font)                  OT1/lmss/b/n --> T1/lmr/b/n on input line 72.
LaTeX Font Info:    Overwriting math alphabet `\mathbf' in version `bold'
(Font)                  T1/lmss/b/n --> T1/lmss/b/n on input line 72.
LaTeX Font Info:    Overwriting math alphabet `\mathsf' in version `bold'
(Font)                  T1/lmss/m/n --> T1/lmss/b/n on input line 72.
LaTeX Font Info:    Overwriting math alphabet `\mathit' in version `bold'
(Font)                  T1/lmss/m/it --> T1/lmss/b/it on input line 72.
LaTeX Font Info:    Overwriting math alphabet `\mathtt' in version `bold'
(Font)                  T1/lmtt/m/n --> T1/lmtt/b/n on input line 72.

(C:\Users\mathieu.lucas\AppData\Local\Programs\MiKTeX\tex/latex/translator\tran
slator-basic-dictionary-English.dict
Dictionary: translator-basic-dictionary, Language: English 
)
(C:\Users\mathieu.lucas\AppData\Local\Programs\MiKTeX\tex/latex/translator\tran
slator-bibliography-dictionary-English.dict
Dictionary: translator-bibliography-dictionary, Language: English 
)
(C:\Users\mathieu.lucas\AppData\Local\Programs\MiKTeX\tex/latex/translator\tran
slator-environment-dictionary-English.dict
Dictionary: translator-environment-dictionary, Language: English 
)
(C:\Users\mathieu.lucas\AppData\Local\Programs\MiKTeX\tex/latex/translator\tran
slator-months-dictionary-English.dict
Dictionary: translator-months-dictionary, Language: English 
)
(C:\Users\mathieu.lucas\AppData\Local\Programs\MiKTeX\tex/latex/translator\tran
slator-numbers-dictionary-English.dict
Dictionary: translator-numbers-dictionary, Language: English 
)
(C:\Users\mathieu.lucas\AppData\Local\Programs\MiKTeX\tex/latex/translator\tran
slator-theorem-dictionary-English.dict
Dictionary: translator-theorem-dictionary, Language: English 
)
LaTeX Info: Redefining \degres on input line 72.
LaTeX Info: Redefining \up on input line 72.
Package biblatex Info: Trying to load language 'french'...
Package biblatex Info: ... file 'french.lbx' found.

(C:\Users\mathieu.lucas\AppData\Local\Programs\MiKTeX\tex/latex/biblatex/lbx\fr
ench.lbx
File: french.lbx 2020/12/31 v3.16 biblatex localization (PK/MW)
)
Package biblatex Info: Input encoding 'utf8' detected.
Package biblatex Info: Automatic encoding selection.
(biblatex)             Assuming data encoding 'utf8'.
Package biblatex Info: Document encoding is UTF8 ....

(C:\Users\mathieu.lucas\AppData\Local\Programs\MiKTeX\tex/latex/l3kernel\expl3.
sty
Package: expl3 2021-11-22 L3 programming layer (loader) 
)
Package biblatex Info: ... and expl3
(biblatex)             2021-11-22 L3 programming layer (loader) 
(biblatex)             is new enough (at least 2020/04/06),
(biblatex)             setting 'casechanger=expl3'.

(C:\Users\mathieu.lucas\AppData\Local\Programs\MiKTeX\tex/latex/biblatex\blx-ca
se-expl3.sty
(C:\Users\mathieu.lucas\AppData\Local\Programs\MiKTeX\tex/latex/l3packages/xpar
se\xparse.sty
Package: xparse 2021-11-12 L3 Experimental document command parser
)
Package: blx-case-expl3 2020/12/31 v3.16 expl3 case changing code for biblatex
)
\openout5 = `Soutenance.bcf'.

Package biblatex Info: Trying to load bibliographic data...
Package biblatex Info: ... file 'Soutenance.bbl' found.
 (Soutenance.bbl

Package biblatex Warning: The following entry could not be found
(biblatex)                in the database:
(biblatex)                Code de l'environnement; article R562-11-3
(biblatex)                Please verify the spelling and rerun
(biblatex)                LaTeX afterwards.

)
Package biblatex Info: Reference section=0 on input line 72.
Package biblatex Info: Reference segment=0 on input line 72.
 (Soutenance.nav)
LaTeX Font Info:    Trying to load font information for OT1+lmss on input line 
178.

(C:\Users\mathieu.lucas\AppData\Local\Programs\MiKTeX\tex/latex/lm\ot1lmss.fd
File: ot1lmss.fd 2009/10/30 v1.6 Font defs for Latin Modern
)
LaTeX Font Info:    Trying to load font information for OML+lmm on input line 1
78.

(C:\Users\mathieu.lucas\AppData\Local\Programs\MiKTeX\tex/latex/lm\omllmm.fd
File: omllmm.fd 2009/10/30 v1.6 Font defs for Latin Modern
)
LaTeX Font Info:    Trying to load font information for OMS+lmsy on input line 
178.

(C:\Users\mathieu.lucas\AppData\Local\Programs\MiKTeX\tex/latex/lm\omslmsy.fd
File: omslmsy.fd 2009/10/30 v1.6 Font defs for Latin Modern
)
LaTeX Font Info:    Trying to load font information for OMX+lmex on input line 
178.

(C:\Users\mathieu.lucas\AppData\Local\Programs\MiKTeX\tex/latex/lm\omxlmex.fd
File: omxlmex.fd 2009/10/30 v1.6 Font defs for Latin Modern
)
LaTeX Font Info:    External font `lmex10' loaded for size
(Font)              <6> on input line 178.
LaTeX Font Info:    External font `lmex10' loaded for size
(Font)              <5> on input line 178.
LaTeX Font Info:    Trying to load font information for U+msa on input line 178
.

(C:\Users\mathieu.lucas\AppData\Local\Programs\MiKTeX\tex/latex/amsfonts\umsa.f
d
File: umsa.fd 2013/01/14 v3.01 AMS symbols A
)
LaTeX Font Info:    Trying to load font information for U+msb on input line 178
.

(C:\Users\mathieu.lucas\AppData\Local\Programs\MiKTeX\tex/latex/amsfonts\umsb.f
d
File: umsb.fd 2013/01/14 v3.01 AMS symbols B
)
LaTeX Font Info:    Font shape `T1/lmss/m/it' in size <6> not available
(Font)              Font shape `T1/lmss/m/sl' tried instead on input line 178.
LaTeX Font Info:    Font shape `T1/lmss/m/it' in size <5> not available
(Font)              Font shape `T1/lmss/m/sl' tried instead on input line 178.
LaTeX Font Info:    Trying to load font information for T1+lmr on input line 17
8.
 (C:\Users\mathieu.lucas\AppData\Local\Programs\MiKTeX\tex/latex/lm\t1lmr.fd
File: t1lmr.fd 2009/10/30 v1.6 Font defs for Latin Modern
)

LaTeX Font Warning: Font shape `T1/lmss/m/sc' in size <6> not available
(Font)              Font shape `T1/lmr/m/sc' tried instead on input line 178.

<./Figures/Back.pdf, id=170, 564.60938pt x 316.93407pt>
File: ./Figures/Back.pdf Graphic file (type pdf)
<use ./Figures/Back.pdf>
Package pdftex.def Info: ./Figures/Back.pdf  used on input line 178.
(pdftex.def)             Requested size: 364.20041pt x 273.16731pt.
[1

{C:/Users/mathieu.lucas/AppData/Local/MiKTeX/fonts/map/pdftex/pdftex.map} <./Fi
gures/Back.pdf>]
LaTeX Font Info:    External font `lmex10' loaded for size
(Font)              <9> on input line 204.
LaTeX Font Info:    Font shape `T1/lmss/m/it' in size <9> not available
(Font)              Font shape `T1/lmss/m/sl' tried instead on input line 204.


LaTeX Font Warning: Font shape `T1/lmss/m/sc' in size <7> not available
(Font)              Font shape `T1/lmr/m/sc' tried instead on input line 204.

<./Figures/Crue2005TyrolBBA-Imst.jpg, id=189, 2409.0pt x 1806.75pt>
File: ./Figures/Crue2005TyrolBBA-Imst.jpg Graphic file (type jpg)
<use ./Figures/Crue2005TyrolBBA-Imst.jpg>
Package pdftex.def Info: ./Figures/Crue2005TyrolBBA-Imst.jpg  used on input lin
e 204.
(pdftex.def)             Requested size: 152.45432pt x 114.3276pt.
[2

 <./Figures/Crue2005TyrolBBA-Imst.jpg>]
<./Figures/UNDRR.png, id=283, 517.4532pt x 220.4235pt>
File: ./Figures/UNDRR.png Graphic file (type png)
<use ./Figures/UNDRR.png>
Package pdftex.def Info: ./Figures/UNDRR.png  used on input line 204.
(pdftex.def)             Requested size: 152.45432pt x 64.94363pt.
 [3

 <./Figures/UNDRR.png>]
Underfull \hbox (badness 4303) in paragraph at lines 226--226
[]\T1/lmss/m/n/9 Ncessit de ca-rac-t-ri-ser sta-tis-ti-que-ment
 []

LaTeX Font Info:    Font shape `T1/lmss/bx/it' in size <9> not available
(Font)              Font shape `T1/lmss/bx/sl' tried instead on input line 226.

[4

]
Underfull \hbox (badness 4303) in paragraph at lines 226--226
[]\T1/lmss/m/n/9 Ncessit de ca-rac-t-ri-ser sta-tis-ti-que-ment
 []

<./Figures/PPRI_lyon.pdf, id=389, 450.95009pt x 285.93124pt>
File: ./Figures/PPRI_lyon.pdf Graphic file (type pdf)
<use ./Figures/PPRI_lyon.pdf>
Package pdftex.def Info: ./Figures/PPRI_lyon.pdf  used on input line 226.
(pdftex.def)             Requested size: 140.00655pt x 88.77301pt.
[5

 <./Figures/PPRI_lyon.pdf>]
Underfull \hbox (badness 4303) in paragraph at lines 226--226
[]\T1/lmss/m/n/9 Ncessit de ca-rac-t-ri-ser sta-tis-ti-que-ment
 []

<./Figures/Grangent.jpg, id=537, 3019.28pt x 2007.5pt>
File: ./Figures/Grangent.jpg Graphic file (type jpg)
<use ./Figures/Grangent.jpg>
Package pdftex.def Info: ./Figures/Grangent.jpg  used on input line 226.
(pdftex.def)             Requested size: 140.00655pt x 93.05984pt.
[6

 <./Figures/Grangent.jpg>] [7

] [8

] [9

]
<./Figures/Attention.png, id=745, 875.27pt x 770.88pt>
File: ./Figures/Attention.png Graphic file (type png)
<use ./Figures/Attention.png>
Package pdftex.def Info: ./Figures/Attention.png  used on input line 247.
(pdftex.def)             Requested size: 34.57208pt x 30.44177pt.
 [10

 <./Figures/Attention.png>]
File: ./Figures/Attention.png Graphic file (type png)
<use ./Figures/Attention.png>
Package pdftex.def Info: ./Figures/Attention.png  used on input line 247.
(pdftex.def)             Requested size: 34.57208pt x 30.44177pt.

[11

] [12

]
<./Figures/Pluie.jpg, id=899, 1204.5pt x 682.55pt>
File: ./Figures/Pluie.jpg Graphic file (type jpg)
<use ./Figures/Pluie.jpg>
Package pdftex.def Info: ./Figures/Pluie.jpg  used on input line 275.
(pdftex.def)             Requested size: 155.84293pt x 88.3076pt.
 [13

 <./Figures/Pluie.jpg>]
File: ./Figures/Pluie.jpg Graphic file (type jpg)
<use ./Figures/Pluie.jpg>
Package pdftex.def Info: ./Figures/Pluie.jpg  used on input line 275.
(pdftex.def)             Requested size: 155.84293pt x 88.3076pt.
<./Figures/EchelleLimni.jpg, id=952, 289.08pt x 159.3955pt>
File: ./Figures/EchelleLimni.jpg Graphic file (type jpg)
<use ./Figures/EchelleLimni.jpg>
Package pdftex.def Info: ./Figures/EchelleLimni.jpg  used on input line 275.
(pdftex.def)             Requested size: 160.92458pt x 88.73064pt.
 [14

 <./Figures/EchelleLimni.jpg>]
File: ./Figures/EchelleLimni.jpg Graphic file (type jpg)
<use ./Figures/EchelleLimni.jpg>
Package pdftex.def Info: ./Figures/EchelleLimni.jpg  used on input line 297.
(pdftex.def)             Requested size: 207.42203pt x 114.37064pt.
LaTeX Font Info:    External font `lmex10' loaded for size
(Font)              <8> on input line 297.
LaTeX Font Info:    Font shape `T1/lmss/m/it' in size <8> not available
(Font)              Font shape `T1/lmss/m/sl' tried instead on input line 297.
 [15

]
File: ./Figures/EchelleLimni.jpg Graphic file (type jpg)
<use ./Figures/EchelleLimni.jpg>
Package pdftex.def Info: ./Figures/EchelleLimni.jpg  used on input line 297.
(pdftex.def)             Requested size: 207.42203pt x 114.37064pt.

[16

]
File: ./Figures/EchelleLimni.jpg Graphic file (type jpg)
<use ./Figures/EchelleLimni.jpg>
Package pdftex.def Info: ./Figures/EchelleLimni.jpg  used on input line 297.
(pdftex.def)             Requested size: 207.42203pt x 114.37064pt.
 [17

]
<./Figures/Ralisations.pdf, id=1155, 1493.39879pt x 470.82483pt>
File: ./Figures/Ralisations.pdf Graphic file (type pdf)
<use ./Figures/Ralisations.pdf>
Package pdftex.def Info: ./Figures/Ralisations.pdf  used on input line 316.
(pdftex.def)             Requested size: 276.56094pt x 87.18744pt.
 [18

 <./Figures/Ralisations.pdf>]
File: ./Figures/Ralisations.pdf Graphic file (type pdf)
<use ./Figures/Ralisations.pdf>
Package pdftex.def Info: ./Figures/Ralisations.pdf  used on input line 316.
(pdftex.def)             Requested size: 276.56094pt x 87.18744pt.
 [19

]
File: ./Figures/Ralisations.pdf Graphic file (type pdf)
<use ./Figures/Ralisations.pdf>
Package pdftex.def Info: ./Figures/Ralisations.pdf  used on input line 316.
(pdftex.def)             Requested size: 276.56094pt x 87.18744pt.
 [20

]
File: ./Figures/Ralisations.pdf Graphic file (type pdf)
<use ./Figures/Ralisations.pdf>
Package pdftex.def Info: ./Figures/Ralisations.pdf  used on input line 316.
(pdftex.def)             Requested size: 276.56094pt x 87.18744pt.
 [21

]
<./Figures/Qamax.pdf, id=1367, 867.24pt x 578.16pt>
File: ./Figures/Qamax.pdf Graphic file (type pdf)
<use ./Figures/Qamax.pdf>
Package pdftex.def Info: ./Figures/Qamax.pdf  used on input line 326.
(pdftex.def)             Requested size: 276.56094pt x 184.37097pt.
 [22

 <./Figures/Qamax.pdf>]
<./Figures/Qamax_GEV.pdf, id=1425, 867.24pt x 578.16pt>
File: ./Figures/Qamax_GEV.pdf Graphic file (type pdf)
<use ./Figures/Qamax_GEV.pdf>
Package pdftex.def Info: ./Figures/Qamax_GEV.pdf  used on input line 326.
(pdftex.def)             Requested size: 276.56094pt x 184.37097pt.
 [23

 <./Figures/Qamax_GEV.pdf>]
<./Figures/Qamax_GEV_Q100.pdf, id=1483, 867.24pt x 578.16pt>
File: ./Figures/Qamax_GEV_Q100.pdf Graphic file (type pdf)
<use ./Figures/Qamax_GEV_Q100.pdf>
Package pdftex.def Info: ./Figures/Qamax_GEV_Q100.pdf  used on input line 326.
(pdftex.def)             Requested size: 276.56094pt x 184.37097pt.
 [24

 <./Figures/Qamax_GEV_Q100.pdf>]
[25

] [26

] [27

] [28

] [29

] [30

] [31

] [32

] [33

] [34

]
<./Figures/LimniVienne.png, id=2051, 481.67955pt x 275.3487pt>
File: ./Figures/LimniVienne.png Graphic file (type png)
<use ./Figures/LimniVienne.png>
Package pdftex.def Info: ./Figures/LimniVienne.png  used on input line 361.
(pdftex.def)             Requested size: 241.98885pt x 138.32942pt.
 [35

 <./Figures/LimniVienne.png>]
<./Figures/Hydrom1.pdf, id=2104, 523.32054pt x 281.2326pt>
File: ./Figures/Hydrom1.pdf Graphic file (type pdf)
<use ./Figures/Hydrom1.pdf>
Package pdftex.def Info: ./Figures/Hydrom1.pdf  used on input line 361.
(pdftex.def)             Requested size: 241.98885pt x 130.0423pt.
 [36

 <./Figures/Hydrom1.pdf>]
<./Figures/4Jau.pdf, id=2158, 275.43828pt x 194.18672pt>
File: ./Figures/4Jau.pdf Graphic file (type pdf)
<use ./Figures/4Jau.pdf>
Package pdftex.def Info: ./Figures/4Jau.pdf  used on input line 361.
(pdftex.def)             Requested size: 241.98885pt x 170.60333pt.
 [37

 <./Figures/4Jau.pdf>]
<./Figures/Hydrom2.pdf, id=2239, 523.32054pt x 281.2326pt>
File: ./Figures/Hydrom2.pdf Graphic file (type pdf)
<use ./Figures/Hydrom2.pdf>
Package pdftex.def Info: ./Figures/Hydrom2.pdf  used on input line 361.
(pdftex.def)             Requested size: 241.98885pt x 130.0423pt.
 [38

 <./Figures/Hydrom2.pdf>]
<./Figures/Hydrom3.pdf, id=2293, 523.32054pt x 281.2326pt>
File: ./Figures/Hydrom3.pdf Graphic file (type pdf)
<use ./Figures/Hydrom3.pdf>
Package pdftex.def Info: ./Figures/Hydrom3.pdf  used on input line 361.
(pdftex.def)             Requested size: 241.98885pt x 130.0423pt.
 [39

 <./Figures/Hydrom3.pdf>]

LaTeX Font Warning: Font shape `T1/lmss/m/sc' in size <9> not available
(Font)              Font shape `T1/lmr/m/sc' tried instead on input line 380.

[40

] [41

] [42

] [43

] [44

] [45

] [46

] [47

]
<./Figures/Sampling.jpg, id=3114, 782.925pt x 481.8pt>
File: ./Figures/Sampling.jpg Graphic file (type jpg)
<use ./Figures/Sampling.jpg>
Package pdftex.def Info: ./Figures/Sampling.jpg  used on input line 396.
(pdftex.def)             Requested size: 138.27783pt x 85.08818pt.
 [48

 <./Figures/Sampling.jpg>]
<./Figures/Qsample1.pdf, id=3165, 867.24pt x 578.16pt>
File: ./Figures/Qsample1.pdf Graphic file (type pdf)
<use ./Figures/Qsample1.pdf>
Package pdftex.def Info: ./Figures/Qsample1.pdf  used on input line 409.
(pdftex.def)             Requested size: 241.98885pt x 161.31908pt.
 [49

 <./Figures/Qsample1.pdf>]
<./Figures/Qsample2.pdf, id=3228, 867.24pt x 578.16pt>
File: ./Figures/Qsample2.pdf Graphic file (type pdf)
<use ./Figures/Qsample2.pdf>
Package pdftex.def Info: ./Figures/Qsample2.pdf  used on input line 409.
(pdftex.def)             Requested size: 241.98885pt x 161.31908pt.
 [50

 <./Figures/Qsample2.pdf>] [51

] [52

]
<./Figures/Regional.pdf, id=3392, 490.08618pt x 570.1515pt>
File: ./Figures/Regional.pdf Graphic file (type pdf)
<use ./Figures/Regional.pdf>
Package pdftex.def Info: ./Figures/Regional.pdf  used on input line 445.
(pdftex.def)             Requested size: 101.63792pt x 118.23898pt.
 [53

 <./Figures/Regional.pdf>]
File: ./Figures/Regional.pdf Graphic file (type pdf)
<use ./Figures/Regional.pdf>
Package pdftex.def Info: ./Figures/Regional.pdf  used on input line 445.
(pdftex.def)             Requested size: 101.63792pt x 118.23898pt.
 [54

]
File: ./Figures/Regional.pdf Graphic file (type pdf)
<use ./Figures/Regional.pdf>
Package pdftex.def Info: ./Figures/Regional.pdf  used on input line 445.
(pdftex.def)             Requested size: 101.63792pt x 118.23898pt.
<./Figures/HistoFloods0.pdf, id=3508, 264.83032pt x 175.11255pt>
File: ./Figures/HistoFloods0.pdf Graphic file (type pdf)
<use ./Figures/HistoFloods0.pdf>
Package pdftex.def Info: ./Figures/HistoFloods0.pdf  used on input line 445.
(pdftex.def)             Requested size: 169.39484pt x 112.0075pt.

Overfull \hbox (3.546pt too wide) in paragraph at lines 445--445
 [][] 
 []

[55

 <./Figures/HistoFloods0.pdf>]
File: ./Figures/Regional.pdf Graphic file (type pdf)
<use ./Figures/Regional.pdf>
Package pdftex.def Info: ./Figures/Regional.pdf  used on input line 445.
(pdftex.def)             Requested size: 101.63792pt x 118.23898pt.
<./Figures/HistoFloods.pdf, id=3565, 264.83032pt x 175.11255pt>
File: ./Figures/HistoFloods.pdf Graphic file (type pdf)
<use ./Figures/HistoFloods.pdf>
Package pdftex.def Info: ./Figures/HistoFloods.pdf  used on input line 445.
(pdftex.def)             Requested size: 169.39484pt x 112.0075pt.

Overfull \hbox (3.546pt too wide) in paragraph at lines 445--445
 [][] 
 []

[56

 <./Figures/HistoFloods.pdf>]
File: ./Figures/Regional.pdf Graphic file (type pdf)
<use ./Figures/Regional.pdf>
Package pdftex.def Info: ./Figures/Regional.pdf  used on input line 445.
(pdftex.def)             Requested size: 101.63792pt x 118.23898pt.
File: ./Figures/HistoFloods.pdf Graphic file (type pdf)
<use ./Figures/HistoFloods.pdf>
Package pdftex.def Info: ./Figures/HistoFloods.pdf  used on input line 445.
(pdftex.def)             Requested size: 169.39484pt x 112.0075pt.

Overfull \hbox (3.546pt too wide) in paragraph at lines 445--445
 [][] 
 []

[57

]
File: ./Figures/Regional.pdf Graphic file (type pdf)
<use ./Figures/Regional.pdf>
Package pdftex.def Info: ./Figures/Regional.pdf  used on input line 445.
(pdftex.def)             Requested size: 101.63792pt x 118.23898pt.
<./Figures/HistoFloods1.pdf, id=3672, 275.35266pt x 187.52628pt>
File: ./Figures/HistoFloods1.pdf Graphic file (type pdf)
<use ./Figures/HistoFloods1.pdf>
Package pdftex.def Info: ./Figures/HistoFloods1.pdf  used on input line 445.
(pdftex.def)             Requested size: 160.92458pt x 109.59798pt.
 [58

 <./Figures/HistoFloods1.pdf>]
<./Figures/Allemagne2021AFP.jpg, id=3727, 300.6432pt x 188.3838pt>
File: ./Figures/Allemagne2021AFP.jpg Graphic file (type jpg)
<use ./Figures/Allemagne2021AFP.jpg>
Package pdftex.def Info: ./Figures/Allemagne2021AFP.jpg  used on input line 458
.
(pdftex.def)             Requested size: 207.42203pt x 129.97058pt.
 [59

 <./Figures/Allemagne2021AFP.jpg>]
<./Figures/Q100_Ahr.pdf, id=3779, 249.61832pt x 195.72751pt>
File: ./Figures/Q100_Ahr.pdf Graphic file (type pdf)
<use ./Figures/Q100_Ahr.pdf>
Package pdftex.def Info: ./Figures/Q100_Ahr.pdf  used on input line 458.
(pdftex.def)             Requested size: 207.42203pt x 162.64491pt.

[60

 <./Figures/Q100_Ahr.pdf>]
<./Figures/Q100_Ahr-2.pdf, id=3835, 249.61832pt x 195.72751pt>
File: ./Figures/Q100_Ahr-2.pdf Graphic file (type pdf)
<use ./Figures/Q100_Ahr-2.pdf>
Package pdftex.def Info: ./Figures/Q100_Ahr-2.pdf  used on input line 458.
(pdftex.def)             Requested size: 207.42203pt x 162.64491pt.
 [61

 <./Figures/Q100_Ahr-2.pdf>] [62

] [63

]
<./Figures/RepAvi.jpg, id=3993, 2119.92pt x 2826.56pt>
File: ./Figures/RepAvi.jpg Graphic file (type jpg)
<use ./Figures/RepAvi.jpg>
Package pdftex.def Info: ./Figures/RepAvi.jpg  used on input line 488.
(pdftex.def)             Requested size: 108.89424pt x 145.17482pt.

[64

 <./Figures/RepAvi.jpg>]
<./Figures/Parchemin.jpg, id=4045, 726.91576pt x 413.1435pt>
File: ./Figures/Parchemin.jpg Graphic file (type jpg)
<use ./Figures/Parchemin.jpg>
Package pdftex.def Info: ./Figures/Parchemin.jpg  used on input line 488.
(pdftex.def)             Requested size: 108.89424pt x 61.88689pt.
 [65

 <./Figures/Parchemin.jpg>] [66

] [67

] [68

]
[69

] [70

] [71

]
<./Figures/SchemaThese.pdf, id=4402, 941.33304pt x 929.25624pt>
File: ./Figures/SchemaThese.pdf Graphic file (type pdf)
<use ./Figures/SchemaThese.pdf>
Package pdftex.def Info: ./Figures/SchemaThese.pdf  used on input line 513.
(pdftex.def)             Requested size: 207.42203pt x 204.74895pt.
 [72

 <./Figures/SchemaThese.pdf>]
<./Figures/BcrAerien.jpg, id=4963, 2007.5pt x 1340.00626pt>
File: ./Figures/BcrAerien.jpg Graphic file (type jpg)
<use ./Figures/BcrAerien.jpg>
Package pdftex.def Info: ./Figures/BcrAerien.jpg  used on input line 527.
(pdftex.def)             Requested size: 241.98885pt x 161.50945pt.
 [73

 <./Figures/BcrAerien.jpg>]
LaTeX Font Info:    Trying to load font information for TS1+lmss on input line 
549.

(C:\Users\mathieu.lucas\AppData\Local\Programs\MiKTeX\tex/latex/lm\ts1lmss.fd
File: ts1lmss.fd 2009/10/30 v1.6 Font defs for Latin Modern
)
<./Figures/Rhone_bassin_versant.png, id=5015, 602.25pt x 844.5954pt>
File: ./Figures/Rhone_bassin_versant.png Graphic file (type png)
<use ./Figures/Rhone_bassin_versant.png>
Package pdftex.def Info: ./Figures/Rhone_bassin_versant.png  used on input line
 549.
(pdftex.def)             Requested size: 138.27783pt x 193.91777pt.

[74

 <./Figures/Rhone_bassin_versant.png>]
File: ./Figures/Rhone_bassin_versant.png Graphic file (type png)
<use ./Figures/Rhone_bassin_versant.png>
Package pdftex.def Info: ./Figures/Rhone_bassin_versant.png  used on input line
 549.
(pdftex.def)             Requested size: 138.27783pt x 193.91777pt.
 [75

]
File: ./Figures/Rhone_bassin_versant.png Graphic file (type png)
<use ./Figures/Rhone_bassin_versant.png>
Package pdftex.def Info: ./Figures/Rhone_bassin_versant.png  used on input line
 549.
(pdftex.def)             Requested size: 138.27783pt x 193.91777pt.
 [76

]
File: ./Figures/Rhone_bassin_versant.png Graphic file (type png)
<use ./Figures/Rhone_bassin_versant.png>
Package pdftex.def Info: ./Figures/Rhone_bassin_versant.png  used on input line
 549.
(pdftex.def)             Requested size: 138.27783pt x 193.91777pt.
 [77

]
<./Figures/Regime.pdf, id=5221, 867.24pt x 578.16pt>
File: ./Figures/Regime.pdf Graphic file (type pdf)
<use ./Figures/Regime.pdf>
Package pdftex.def Info: ./Figures/Regime.pdf  used on input line 558.
(pdftex.def)             Requested size: 241.98885pt x 161.31908pt.
 [78

 <./Figures/Regime.pdf>]
<./Figures/foire5.jpg, id=5280, 1284.8pt x 824.07875pt>
File: ./Figures/foire5.jpg Graphic file (type jpg)
<use ./Figures/foire5.jpg>
Package pdftex.def Info: ./Figures/foire5.jpg  used on input line 581.
(pdftex.def)             Requested size: 169.39484pt x 108.64293pt.
 [79

 <./Figures/foire5.jpg>]
<./Figures/Napo.jpg, id=5333, 2901.84125pt x 1896.08376pt>
File: ./Figures/Napo.jpg Graphic file (type jpg)
<use ./Figures/Napo.jpg>
Package pdftex.def Info: ./Figures/Napo.jpg  used on input line 581.
(pdftex.def)             Requested size: 169.39484pt x 110.6644pt.
 [80

 <./Figures/Napo.jpg>]
<./Figures/StationBcr.jpg, id=5385, 2312.64pt x 4625.28pt>
File: ./Figures/StationBcr.jpg Graphic file (type jpg)
<use ./Figures/StationBcr.jpg>
Package pdftex.def Info: ./Figures/StationBcr.jpg  used on input line 581.
(pdftex.def)             Requested size: 101.63792pt x 203.25888pt.
 [81

 <./Figures/StationBcr.jpg>]
<./Figures/PtBcr.png, id=5436, 597.6729pt x 620.43794pt>
File: ./Figures/PtBcr.png Graphic file (type png)
<use ./Figures/PtBcr.png>
Package pdftex.def Info: ./Figures/PtBcr.png  used on input line 607.
(pdftex.def)             Requested size: 183.2205pt x 190.20367pt.
 [82

 <./Figures/PtBcr.png>]
<./Figures/TabObs.jpg, id=5489, 187.902pt x 121.545pt>
File: ./Figures/TabObs.jpg Graphic file (type jpg)
<use ./Figures/TabObs.jpg>
Package pdftex.def Info: ./Figures/TabObs.jpg  used on input line 607.
(pdftex.def)             Requested size: 183.2205pt x 118.5235pt.
 [83

 <./Figures/TabObs.jpg>]
<./Figures/BcrRestit.png, id=5541, 597.6729pt x 665.96805pt>
File: ./Figures/BcrRestit.png Graphic file (type png)
<use ./Figures/BcrRestit.png>
Package pdftex.def Info: ./Figures/BcrRestit.png  used on input line 607.
(pdftex.def)             Requested size: 183.2205pt x 204.16154pt.
 [84

 <./Figures/BcrRestit.png>]
File: ./Figures/BcrRestit.png Graphic file (type png)
<use ./Figures/BcrRestit.png>
Package pdftex.def Info: ./Figures/BcrRestit.png  used on input line 607.
(pdftex.def)             Requested size: 183.2205pt x 204.16154pt.
 [85

]
<./Figures/Jaus.pdf, id=5646, 716.42406pt x 480.3629pt>
File: ./Figures/Jaus.pdf Graphic file (type pdf)
<use ./Figures/Jaus.pdf>
Package pdftex.def Info: ./Figures/Jaus.pdf  used on input line 607.
(pdftex.def)             Requested size: 183.2205pt x 122.8464pt.
 [86

 <./Figures/Jaus.pdf>]
<./Figures/HistrhoneMap.jpg, id=5702, 340.8735pt x 506.49225pt>
File: ./Figures/HistrhoneMap.jpg Graphic file (type jpg)
<use ./Figures/HistrhoneMap.jpg>
Package pdftex.def Info: ./Figures/HistrhoneMap.jpg  used on input line 630.
(pdftex.def)             Requested size: 140.0067pt x 208.03413pt.
LaTeX Font Info:    Trying to load font information for T1+lmtt on input line 6
30.

(C:\Users\mathieu.lucas\AppData\Local\Programs\MiKTeX\tex/latex/lm\t1lmtt.fd
File: t1lmtt.fd 2009/10/30 v1.6 Font defs for Latin Modern
)
Overfull \vbox (10.17047pt too high) detected at line 630
 []

[87

 <./Figures/HistrhoneMap.jpg>]
File: ./Figures/HistrhoneMap.jpg Graphic file (type jpg)
<use ./Figures/HistrhoneMap.jpg>
Package pdftex.def Info: ./Figures/HistrhoneMap.jpg  used on input line 630.
(pdftex.def)             Requested size: 140.0067pt x 208.03413pt.

Overfull \vbox (10.17047pt too high) detected at line 630
 []

[88

]
<./Figures/CatHistrhone.png, id=5808, 248.3123pt x 390.99924pt>
File: ./Figures/CatHistrhone.png Graphic file (type png)
<use ./Figures/CatHistrhone.png>
Package pdftex.def Info: ./Figures/CatHistrhone.png  used on input line 630.
(pdftex.def)             Requested size: 140.0067pt x 220.46751pt.

Overfull \vbox (22.60385pt too high) detected at line 630
 []

[89

 <./Figures/CatHistrhone.png>] [90

]
<./Figures/SchemaProp1.pdf, id=5911, 587.81522pt x 839.83733pt>
File: ./Figures/SchemaProp1.pdf Graphic file (type pdf)
<use ./Figures/SchemaProp1.pdf>
Package pdftex.def Info: ./Figures/SchemaProp1.pdf  used on input line 658.
(pdftex.def)             Requested size: 152.10878pt x 217.31454pt.

Overfull \vbox (3.03978pt too high) detected at line 658
 []

[91

 <./Figures/SchemaProp1.pdf>]
<./Figures/SchemaProp2.pdf, id=6146, 587.81522pt x 839.83733pt>
File: ./Figures/SchemaProp2.pdf Graphic file (type pdf)
<use ./Figures/SchemaProp2.pdf>
Package pdftex.def Info: ./Figures/SchemaProp2.pdf  used on input line 658.
(pdftex.def)             Requested size: 152.10878pt x 217.31454pt.

Overfull \vbox (3.03978pt too high) detected at line 658
 []

[92

 <./Figures/SchemaProp2.pdf>]
<./Figures/SchemaProp3.pdf, id=6380, 587.81522pt x 839.83733pt>
File: ./Figures/SchemaProp3.pdf Graphic file (type pdf)
<use ./Figures/SchemaProp3.pdf>
Package pdftex.def Info: ./Figures/SchemaProp3.pdf  used on input line 658.
(pdftex.def)             Requested size: 152.10878pt x 217.31454pt.

Overfull \vbox (3.03978pt too high) detected at line 658
 []

[93

 <./Figures/SchemaProp3.pdf>]
<./Figures/SchemaProp0.pdf, id=6782, 587.81522pt x 839.83733pt>
File: ./Figures/SchemaProp0.pdf Graphic file (type pdf)
<use ./Figures/SchemaProp0.pdf>
Package pdftex.def Info: ./Figures/SchemaProp0.pdf  used on input line 658.
(pdftex.def)             Requested size: 152.10878pt x 217.31454pt.

Overfull \vbox (3.03978pt too high) detected at line 658
 []

[94

 <./Figures/SchemaProp0.pdf>]
<./Figures/Vesubie.jpg, id=7183, 385.44pt x 257.0403pt>
File: ./Figures/Vesubie.jpg Graphic file (type jpg)
<use ./Figures/Vesubie.jpg>
Package pdftex.def Info: ./Figures/Vesubie.jpg  used on input line 680.
(pdftex.def)             Requested size: 165.93825pt x 110.65852pt.
 [95

 <./Figures/Vesubie.jpg>]
File: ./Figures/Vesubie.jpg Graphic file (type jpg)
<use ./Figures/Vesubie.jpg>
Package pdftex.def Info: ./Figures/Vesubie.jpg  used on input line 680.
(pdftex.def)             Requested size: 165.93825pt x 110.65852pt.
 [96

]
<./Figures/Matt.jpg, id=7286, 386.6445pt x 510.10574pt>
File: ./Figures/Matt.jpg Graphic file (type jpg)
<use ./Figures/Matt.jpg>
Package pdftex.def Info: ./Figures/Matt.jpg  used on input line 680.
(pdftex.def)             Requested size: 145.19478pt x 191.55382pt.
 [97

 <./Figures/Matt.jpg>]
<./Figures/SegmPt.pdf, id=7339, 1134.485pt x 544.06485pt>
File: ./Figures/SegmPt.pdf Graphic file (type pdf)
<use ./Figures/SegmPt.pdf>
Package pdftex.def Info: ./Figures/SegmPt.pdf  used on input line 680.
(pdftex.def)             Requested size: 207.42203pt x 99.47157pt.
 [98

 <./Figures/SegmPt.pdf>]
<./Figures/Controles.jpg, id=7392, 1086.30844pt x 386.94562pt>
File: ./Figures/Controles.jpg Graphic file (type jpg)
<use ./Figures/Controles.jpg>
Package pdftex.def Info: ./Figures/Controles.jpg  used on input line 705.
(pdftex.def)             Requested size: 190.13597pt x 67.7224pt.
 [99

 <./Figures/Controles.jpg>]
[100

]
<./Figures/EqBaratin.jpg, id=7495, 465.99094pt x 90.3375pt>
File: ./Figures/EqBaratin.jpg Graphic file (type jpg)
<use ./Figures/EqBaratin.jpg>
Package pdftex.def Info: ./Figures/EqBaratin.jpg  used on input line 705.
(pdftex.def)             Requested size: 171.1212pt x 33.17346pt.
 [101

 <./Figures/EqBaratin.jpg>]
File: ./Figures/EqBaratin.jpg Graphic file (type jpg)
<use ./Figures/EqBaratin.jpg>
Package pdftex.def Info: ./Figures/EqBaratin.jpg  used on input line 705.
(pdftex.def)             Requested size: 171.1212pt x 33.17346pt.
 [102

]
File: ./Figures/SegmPt.pdf Graphic file (type pdf)
<use ./Figures/SegmPt.pdf>
Package pdftex.def Info: ./Figures/SegmPt.pdf  used on input line 732.
(pdftex.def)             Requested size: 190.13597pt x 91.17812pt.
 [103

] [104

]
<./Figures/Spd.jpg, id=7700, 643.203pt x 322.3242pt>
File: ./Figures/Spd.jpg Graphic file (type jpg)
<use ./Figures/Spd.jpg>
Package pdftex.def Info: ./Figures/Spd.jpg  used on input line 732.
(pdftex.def)             Requested size: 190.13597pt x 95.28154pt.
 [105

 <./Figures/Spd.jpg>]
<./Figures/RClog_ICdownPt.pdf, id=7752, 867.24pt x 722.7pt>
File: ./Figures/RClog_ICdownPt.pdf Graphic file (type pdf)
<use ./Figures/RClog_ICdownPt.pdf>
Package pdftex.def Info: ./Figures/RClog_ICdownPt.pdf  used on input line 732.
(pdftex.def)             Requested size: 190.13597pt x 158.44312pt.
 [106

 <./Figures/RClog_ICdownPt.pdf>]
File: ./Figures/RClog_ICdownPt.pdf Graphic file (type pdf)
<use ./Figures/RClog_ICdownPt.pdf>
Package pdftex.def Info: ./Figures/RClog_ICdownPt.pdf  used on input line 732.
(pdftex.def)             Requested size: 190.13597pt x 158.44312pt.
 [107

]
<./Figures/8-StageErrorAMAX_BOTH.pdf, id=7863, 1084.05pt x 722.7pt>
File: ./Figures/8-StageErrorAMAX_BOTH.pdf Graphic file (type pdf)
<use ./Figures/8-StageErrorAMAX_BOTH.pdf>
Package pdftex.def Info: ./Figures/8-StageErrorAMAX_BOTH.pdf  used on input lin
e 740.
(pdftex.def)             Requested size: 276.56094pt x 184.36876pt.
 [108

 <./Figures/8-StageErrorAMAX_BOTH.pdf>]
<./Figures/9-IcAndAMAX.pdf, id=7919, 1228.59pt x 722.7pt>
File: ./Figures/9-IcAndAMAX.pdf Graphic file (type pdf)
<use ./Figures/9-IcAndAMAX.pdf>
Package pdftex.def Info: ./Figures/9-IcAndAMAX.pdf  used on input line 747.
(pdftex.def)             Requested size: 276.56094pt x 162.67767pt.
 [109

 <./Figures/9-IcAndAMAX.pdf>] [110

]
<./Figures/10a-GeV_205years.pdf, id=8032, 1300.86pt x 578.16pt>
File: ./Figures/10a-GeV_205years.pdf Graphic file (type pdf)
<use ./Figures/10a-GeV_205years.pdf>
Package pdftex.def Info: ./Figures/10a-GeV_205years.pdf  used on input line 760
.
(pdftex.def)             Requested size: 276.56094pt x 122.91692pt.
 [111

 <./Figures/10a-GeV_205years.pdf>]
<./Figures/10e-Q1000SSize.pdf, id=8092, 867.24pt x 578.16pt>
File: ./Figures/10e-Q1000SSize.pdf Graphic file (type pdf)
<use ./Figures/10e-Q1000SSize.pdf>
Package pdftex.def Info: ./Figures/10e-Q1000SSize.pdf  used on input line 766.
(pdftex.def)             Requested size: 276.56094pt x 184.37097pt.
 [112

 <./Figures/10e-Q1000SSize.pdf>] [113

] [114

] [115

] [116

]
[117

] [118

] [119

] [120

]
\tf@nav=\write7
\openout7 = `Soutenance.nav'.

\tf@toc=\write8
\openout8 = `Soutenance.toc'.

\tf@snm=\write9
\openout9 = `Soutenance.snm'.

 (Soutenance.aux)
Package rerunfilecheck Info: File `Soutenance.out' has not changed.
(rerunfilecheck)             Checksum: 14A5F092251EBFAEB3718B04345A14F6;3146.
Package logreq Info: Writing requests to 'Soutenance.run.xml'.
\openout1 = `Soutenance.run.xml'.

 ) 
Here is how much of TeX's memory you used:
 35536 strings out of 478659
 723508 string characters out of 2842128
 1373728 words of memory out of 3000000
 52622 multiletter control sequences out of 15000+600000
 488416 words of font info for 80 fonts, out of 8000000 for 9000
 1141 hyphenation exceptions out of 8191
 128i,19n,122p,2620b,1725s stack positions out of 5000i,500n,10000p,200000b,80000s

pdfTeX warning (dest): name{cite.0@stedinger_flood_1986} has been referenced bu
t does not exist, replaced by a fixed one


pdfTeX warning (dest): name{cite.0@horner_impact_2018} has been referenced but 
does not exist, replaced by a fixed one


pdfTeX warning (dest): name{cite.0@mansanarez_shift_2019} has been referenced b
ut does not exist, replaced by a fixed one


pdfTeX warning (dest): name{cite.0@le_coz_combining_2014} has been referenced b
ut does not exist, replaced by a fixed one


pdfTeX warning (dest): name{cite.0@darienzo_detection_2021} has been referenced
 but does not exist, replaced by a fixed one

{C:/Users/mathieu.lucas/AppData/Local/Programs/MiKTeX/fonts/enc/dvips/lm/lm-ec.
enc}{C:/Users/mathieu.lucas/AppData/Local/Programs/MiKTeX/fonts/enc/dvips/lm/lm
-ts1.enc}{C:/Users/mathieu.lucas/AppData/Local/Programs/MiKTeX/fonts/enc/dvips/
lm/lm-mathit.enc}{C:/Users/mathieu.lucas/AppData/Local/Programs/MiKTeX/fonts/en
c/dvips/lm/lm-rm.enc}{C:/Users/mathieu.lucas/AppData/Local/Programs/MiKTeX/font
s/enc/dvips/lm/lm-mathsy.enc}<C:/Users/mathieu.lucas/AppData/Local/Programs/MiK
TeX/fonts/type1/public/lm/lmcsc10.pfb><C:/Users/mathieu.lucas/AppData/Local/Pro
grams/MiKTeX/fonts/type1/public/lm/lmmi9.pfb><C:/Users/mathieu.lucas/AppData/Lo
cal/Programs/MiKTeX/fonts/type1/public/lm/lmss10.pfb><C:/Users/mathieu.lucas/Ap
pData/Local/Programs/MiKTeX/fonts/type1/public/lm/lmss8.pfb><C:/Users/mathieu.l
ucas/AppData/Local/Programs/MiKTeX/fonts/type1/public/lm/lmss9.pfb><C:/Users/ma
thieu.lucas/AppData/Local/Programs/MiKTeX/fonts/type1/public/lm/lmssbo10.pfb><C
:/Users/mathieu.lucas/AppData/Local/Programs/MiKTeX/fonts/type1/public/lm/lmssb
x10.pfb><C:/Users/mathieu.lucas/AppData/Local/Programs/MiKTeX/fonts/type1/publi
c/lm/lmsso8.pfb><C:/Users/mathieu.lucas/AppData/Local/Programs/MiKTeX/fonts/typ
e1/public/lm/lmsso9.pfb><C:/Users/mathieu.lucas/AppData/Local/Programs/MiKTeX/f
onts/type1/public/lm/lmsy9.pfb><C:/Users/mathieu.lucas/AppData/Local/Programs/M
iKTeX/fonts/type1/public/lm/lmtt8.pfb><C:/Users/mathieu.lucas/AppData/Local/Pro
grams/MiKTeX/fonts/type1/public/amsfonts/symbols/msam10.pfb>
Output written on Soutenance.pdf (120 pages, 66006430 bytes).
PDF statistics:
 8673 PDF objects out of 8907 (max. 8388607)
 271 named destinations out of 1000 (max. 500000)
 564 words of extra memory for PDF output out of 10000 (max. 10000000)

