This is pdfTeX, Version 3.141592653-2.6-1.40.24 (MiKTeX 21.12 32-bit) (preloaded format=pdflatex 2021.12.8)  5 MAY 2023 19:25
entering extended mode
 restricted \write18 enabled.
 %&-line parsing enabled.
**./compilation_chapitre3.tex
(compilation_chapitre3.tex
LaTeX2e <2021-11-15> patch level 1
L3 programming layer <2021-11-22>
(C:\Users\mathieu.lucas\AppData\Local\Programs\MiKTeX\tex/latex/base\book.cls
Document Class: book 2021/10/04 v1.4n Standard LaTeX document class
(C:\Users\mathieu.lucas\AppData\Local\Programs\MiKTeX\tex/latex/base\bk12.clo
File: bk12.clo 2021/10/04 v1.4n Standard LaTeX file (size option)
)
\c@part=\count183
\c@chapter=\count184
\c@section=\count185
\c@subsection=\count186
\c@subsubsection=\count187
\c@paragraph=\count188
\c@subparagraph=\count189
\c@figure=\count190
\c@table=\count191
\abovecaptionskip=\skip47
\belowcaptionskip=\skip48
\bibindent=\dimen138
) (preambule_these.tex
(C:\Users\mathieu.lucas\AppData\Local\Programs\MiKTeX\tex/latex/base\fontenc.st
y
Package: fontenc 2021/04/29 v2.0v Standard LaTeX package
)
(C:\Users\mathieu.lucas\AppData\Local\Programs\MiKTeX\tex/latex/base\inputenc.s
ty
Package: inputenc 2021/02/14 v1.3d Input encoding file
\inpenc@prehook=\toks16
\inpenc@posthook=\toks17
)
(C:\Users\mathieu.lucas\AppData\Local\Programs\MiKTeX\tex/latex/lm\lmodern.sty
Package: lmodern 2009/10/30 v1.6 Latin Modern Fonts
LaTeX Font Info:    Overwriting symbol font `operators' in version `normal'
(Font)                  OT1/cmr/m/n --> OT1/lmr/m/n on input line 22.
LaTeX Font Info:    Overwriting symbol font `letters' in version `normal'
(Font)                  OML/cmm/m/it --> OML/lmm/m/it on input line 23.
LaTeX Font Info:    Overwriting symbol font `symbols' in version `normal'
(Font)                  OMS/cmsy/m/n --> OMS/lmsy/m/n on input line 24.
LaTeX Font Info:    Overwriting symbol font `largesymbols' in version `normal'
(Font)                  OMX/cmex/m/n --> OMX/lmex/m/n on input line 25.
LaTeX Font Info:    Overwriting symbol font `operators' in version `bold'
(Font)                  OT1/cmr/bx/n --> OT1/lmr/bx/n on input line 26.
LaTeX Font Info:    Overwriting symbol font `letters' in version `bold'
(Font)                  OML/cmm/b/it --> OML/lmm/b/it on input line 27.
LaTeX Font Info:    Overwriting symbol font `symbols' in version `bold'
(Font)                  OMS/cmsy/b/n --> OMS/lmsy/b/n on input line 28.
LaTeX Font Info:    Overwriting symbol font `largesymbols' in version `bold'
(Font)                  OMX/cmex/m/n --> OMX/lmex/m/n on input line 29.
LaTeX Font Info:    Overwriting math alphabet `\mathbf' in version `normal'
(Font)                  OT1/cmr/bx/n --> OT1/lmr/bx/n on input line 31.
LaTeX Font Info:    Overwriting math alphabet `\mathsf' in version `normal'
(Font)                  OT1/cmss/m/n --> OT1/lmss/m/n on input line 32.
LaTeX Font Info:    Overwriting math alphabet `\mathit' in version `normal'
(Font)                  OT1/cmr/m/it --> OT1/lmr/m/it on input line 33.
LaTeX Font Info:    Overwriting math alphabet `\mathtt' in version `normal'
(Font)                  OT1/cmtt/m/n --> OT1/lmtt/m/n on input line 34.
LaTeX Font Info:    Overwriting math alphabet `\mathbf' in version `bold'
(Font)                  OT1/cmr/bx/n --> OT1/lmr/bx/n on input line 35.
LaTeX Font Info:    Overwriting math alphabet `\mathsf' in version `bold'
(Font)                  OT1/cmss/bx/n --> OT1/lmss/bx/n on input line 36.
LaTeX Font Info:    Overwriting math alphabet `\mathit' in version `bold'
(Font)                  OT1/cmr/bx/it --> OT1/lmr/bx/it on input line 37.
LaTeX Font Info:    Overwriting math alphabet `\mathtt' in version `bold'
(Font)                  OT1/cmtt/m/n --> OT1/lmtt/m/n on input line 38.
)
(C:\Users\mathieu.lucas\AppData\Local\Programs\MiKTeX\tex/generic/babel\babel.s
ty
Package: babel 2021/11/29 3.67 The Babel package
\babel@savecnt=\count192
\U@D=\dimen139
\l@unhyphenated=\language79

(C:\Users\mathieu.lucas\AppData\Local\Programs\MiKTeX\tex/generic/babel\txtbabe
l.def)
\bbl@readstream=\read2
\bbl@dirlevel=\count193

*************************************
* Local config file bblopts.cfg used
*

(C:\Users\mathieu.lucas\AppData\Local\Programs\MiKTeX\tex/latex/arabi\bblopts.c
fg
File: bblopts.cfg 2005/09/08 v0.1 add Arabic and Farsi to "declared" options of
 babel
)
(C:\Users\mathieu.lucas\AppData\Local\Programs\MiKTeX\tex/generic/babel-french\
french.ldf
Language: french 2021/07/20 v3.5m French support from the babel system
Package babel Info: Hyphen rules for 'acadian' set to \l@french
(babel)             (\language22). Reported on input line 91.
Package babel Info: Hyphen rules for 'canadien' set to \l@french
(babel)             (\language22). Reported on input line 92.
\FB@nonchar=\count194
Package babel Info: Making : an active character on input line 430.
Package babel Info: Making ; an active character on input line 431.
Package babel Info: Making ! an active character on input line 432.
Package babel Info: Making ? an active character on input line 433.
\FBguill@level=\count195
\FBold@everypar=\toks18
\FB@Mht=\dimen140
\mc@charclass=\count196
\mc@charfam=\count197
\mc@charslot=\count198
\std@mcc=\count199
\dec@mcc=\count266
\listindentFB=\dimen141
\descindentFB=\dimen142
\labelindentFB=\dimen143
\labelwidthFB=\dimen144
\leftmarginFB=\dimen145
\parindentFFN=\dimen146
\FBfnindent=\dimen147
))
(C:\Users\mathieu.lucas\AppData\Local\Programs\MiKTeX\tex/latex/carlisle\scalef
nt.sty)
(C:\Users\mathieu.lucas\AppData\Local\Programs\MiKTeX\tex/latex/graphics\keyval
.sty
Package: keyval 2014/10/28 v1.15 key=value parser (DPC)
\KV@toks@=\toks19
)
(C:\Users\mathieu.lucas\AppData\Local\Programs\MiKTeX\tex/latex/geometry\geomet
ry.sty
Package: geometry 2020/01/02 v5.9 Page Geometry

(C:\Users\mathieu.lucas\AppData\Local\Programs\MiKTeX\tex/generic/iftex\ifvtex.
sty
Package: ifvtex 2019/10/25 v1.7 ifvtex legacy package. Use iftex instead.

(C:\Users\mathieu.lucas\AppData\Local\Programs\MiKTeX\tex/generic/iftex\iftex.s
ty
Package: iftex 2020/03/06 v1.0d TeX engine tests
))
\Gm@cnth=\count267
\Gm@cntv=\count268
\c@Gm@tempcnt=\count269
\Gm@bindingoffset=\dimen148
\Gm@wd@mp=\dimen149
\Gm@odd@mp=\dimen150
\Gm@even@mp=\dimen151
\Gm@layoutwidth=\dimen152
\Gm@layoutheight=\dimen153
\Gm@layouthoffset=\dimen154
\Gm@layoutvoffset=\dimen155
\Gm@dimlist=\toks20

(C:\Users\mathieu.lucas\AppData\Local\Programs\MiKTeX\tex/latex/geometry\geomet
ry.cfg))
(C:\Users\mathieu.lucas\AppData\Local\Programs\MiKTeX\tex/latex/amsmath\amsmath
.sty
Package: amsmath 2021/10/15 v2.17l AMS math features
\@mathmargin=\skip49

For additional information on amsmath, use the `?' option.

(C:\Users\mathieu.lucas\AppData\Local\Programs\MiKTeX\tex/latex/amsmath\amstext
.sty
Package: amstext 2021/08/26 v2.01 AMS text

(C:\Users\mathieu.lucas\AppData\Local\Programs\MiKTeX\tex/latex/amsmath\amsgen.
sty
File: amsgen.sty 1999/11/30 v2.0 generic functions
\@emptytoks=\toks21
\ex@=\dimen156
))
(C:\Users\mathieu.lucas\AppData\Local\Programs\MiKTeX\tex/latex/amsmath\amsbsy.
sty
Package: amsbsy 1999/11/29 v1.2d Bold Symbols
\pmbraise@=\dimen157
)
(C:\Users\mathieu.lucas\AppData\Local\Programs\MiKTeX\tex/latex/amsmath\amsopn.
sty
Package: amsopn 2021/08/26 v2.02 operator names
)
\inf@bad=\count270
LaTeX Info: Redefining \frac on input line 234.
\uproot@=\count271
\leftroot@=\count272
LaTeX Info: Redefining \overline on input line 399.
\classnum@=\count273
\DOTSCASE@=\count274
LaTeX Info: Redefining \ldots on input line 496.
LaTeX Info: Redefining \dots on input line 499.
LaTeX Info: Redefining \cdots on input line 620.
\Mathstrutbox@=\box50
\strutbox@=\box51
\big@size=\dimen158
LaTeX Font Info:    Redeclaring font encoding OML on input line 743.
LaTeX Font Info:    Redeclaring font encoding OMS on input line 744.
\macc@depth=\count275
\c@MaxMatrixCols=\count276
\dotsspace@=\muskip16
\c@parentequation=\count277
\dspbrk@lvl=\count278
\tag@help=\toks22
\row@=\count279
\column@=\count280
\maxfields@=\count281
\andhelp@=\toks23
\eqnshift@=\dimen159
\alignsep@=\dimen160
\tagshift@=\dimen161
\tagwidth@=\dimen162
\totwidth@=\dimen163
\lineht@=\dimen164
\@envbody=\toks24
\multlinegap=\skip50
\multlinetaggap=\skip51
\mathdisplay@stack=\toks25
LaTeX Info: Redefining \[ on input line 2938.
LaTeX Info: Redefining \] on input line 2939.
)
(C:\Users\mathieu.lucas\AppData\Local\Programs\MiKTeX\tex/latex/amsfonts\amssym
b.sty
Package: amssymb 2013/01/14 v3.01 AMS font symbols

(C:\Users\mathieu.lucas\AppData\Local\Programs\MiKTeX\tex/latex/amsfonts\amsfon
ts.sty
Package: amsfonts 2013/01/14 v3.01 Basic AMSFonts support
\symAMSa=\mathgroup4
\symAMSb=\mathgroup5
LaTeX Font Info:    Redeclaring math symbol \hbar on input line 98.
LaTeX Font Info:    Overwriting math alphabet `\mathfrak' in version `bold'
(Font)                  U/euf/m/n --> U/euf/b/n on input line 106.
))
(C:\Users\mathieu.lucas\AppData\Local\Programs\MiKTeX\tex/latex/amscls\amsthm.s
ty
Package: amsthm 2020/05/29 v2.20.6
\thm@style=\toks26
\thm@bodyfont=\toks27
\thm@headfont=\toks28
\thm@notefont=\toks29
\thm@headpunct=\toks30
\thm@preskip=\skip52
\thm@postskip=\skip53
\thm@headsep=\skip54
\dth@everypar=\toks31
)
(C:\Users\mathieu.lucas\AppData\Local\Programs\MiKTeX\tex/latex/jknappen\mathrs
fs.sty
Package: mathrsfs 1996/01/01 Math RSFS package v1.0 (jk)
\symrsfs=\mathgroup6
)
(C:\Users\mathieu.lucas\AppData\Local\Programs\MiKTeX\tex/latex/graphics\graphi
cx.sty
Package: graphicx 2021/09/16 v1.2d Enhanced LaTeX Graphics (DPC,SPQR)

(C:\Users\mathieu.lucas\AppData\Local\Programs\MiKTeX\tex/latex/graphics\graphi
cs.sty
Package: graphics 2021/03/04 v1.4d Standard LaTeX Graphics (DPC,SPQR)

(C:\Users\mathieu.lucas\AppData\Local\Programs\MiKTeX\tex/latex/graphics\trig.s
ty
Package: trig 2021/08/11 v1.11 sin cos tan (DPC)
)
(C:\Users\mathieu.lucas\AppData\Local\Programs\MiKTeX\tex/latex/graphics-cfg\gr
aphics.cfg
File: graphics.cfg 2016/06/04 v1.11 sample graphics configuration
)
Package graphics Info: Driver file: pdftex.def on input line 107.

(C:\Users\mathieu.lucas\AppData\Local\Programs\MiKTeX\tex/latex/graphics-def\pd
ftex.def
File: pdftex.def 2020/10/05 v1.2a Graphics/color driver for pdftex
))
\Gin@req@height=\dimen165
\Gin@req@width=\dimen166
)
(C:\Users\mathieu.lucas\AppData\Local\Programs\MiKTeX\tex/latex/caption\caption
.sty
Package: caption 2020/10/26 v3.5g Customizing captions (AR)

(C:\Users\mathieu.lucas\AppData\Local\Programs\MiKTeX\tex/latex/caption\caption
3.sty
Package: caption3 2020/10/21 v2.2e caption3 kernel (AR)
\captionmargin=\dimen167
\captionmargin@=\dimen168
\captionwidth=\dimen169
\caption@tempdima=\dimen170
\caption@indent=\dimen171
\caption@parindent=\dimen172
\caption@hangindent=\dimen173
Package caption Info: Standard document class detected.
Package caption Info: french babel package is loaded.
)
\c@caption@flags=\count282
\c@continuedfloat=\count283
)
(C:\Users\mathieu.lucas\AppData\Local\Programs\MiKTeX\tex/latex/caption\subcapt
ion.sty
Package: subcaption 2020/10/07 v1.3j Sub-captions (AR)
\c@subfigure=\count284
\c@subtable=\count285
)
(C:\Users\mathieu.lucas\AppData\Local\Programs\MiKTeX\tex/latex/booktabs\bookta
bs.sty
Package: booktabs 2020/01/12 v1.61803398 Publication quality tables
\heavyrulewidth=\dimen174
\lightrulewidth=\dimen175
\cmidrulewidth=\dimen176
\belowrulesep=\dimen177
\belowbottomsep=\dimen178
\aboverulesep=\dimen179
\abovetopsep=\dimen180
\cmidrulesep=\dimen181
\cmidrulekern=\dimen182
\defaultaddspace=\dimen183
\@cmidla=\count286
\@cmidlb=\count287
\@aboverulesep=\dimen184
\@belowrulesep=\dimen185
\@thisruleclass=\count288
\@lastruleclass=\count289
\@thisrulewidth=\dimen186
)
(C:\Users\mathieu.lucas\AppData\Local\Programs\MiKTeX\tex/latex/tools\array.sty
Package: array 2021/10/04 v2.5f Tabular extension package (FMi)
\col@sep=\dimen187
\ar@mcellbox=\box52
\extrarowheight=\dimen188
\NC@list=\toks32
\extratabsurround=\skip55
\backup@length=\skip56
\ar@cellbox=\box53
)
(C:\Users\mathieu.lucas\AppData\Local\Programs\MiKTeX\tex/latex/paralist\parali
st.sty
Package: paralist 2017/01/22 v2.7 Extended list environments
\pltopsep=\skip57
\plpartopsep=\skip58
\plitemsep=\skip59
\plparsep=\skip60
\pl@lab=\toks33
)
(C:\Users\mathieu.lucas\AppData\Local\Programs\MiKTeX\tex/latex/fancyhdr\fancyh
dr.sty
Package: fancyhdr 2022/11/09 v4.1 Extensive control of page headers and footers

\f@nch@headwidth=\skip61
\f@nch@O@elh=\skip62
\f@nch@O@erh=\skip63
\f@nch@O@olh=\skip64
\f@nch@O@orh=\skip65
\f@nch@O@elf=\skip66
\f@nch@O@erf=\skip67
\f@nch@O@olf=\skip68
\f@nch@O@orf=\skip69
)
(C:\Users\mathieu.lucas\AppData\Local\Programs\MiKTeX\tex/latex/emptypage\empty
page.sty
Package: emptypage 2010/05/30 v1.2 Suppress page numbers and headings on empty 
pages
)
(C:\Users\mathieu.lucas\AppData\Local\Programs\MiKTeX\tex/latex/fncychap\fncych
ap.sty
Package: fncychap 2007/07/30 v1.34 LaTeX package (Revised chapters)
\RW=\skip70
\mylen=\skip71
\myhi=\skip72
\px=\skip73
\py=\skip74
\pyy=\skip75
\pxx=\skip76
)
(C:\Users\mathieu.lucas\AppData\Local\Programs\MiKTeX\tex/latex/tocloft\tocloft
.sty
Package: tocloft 2017/08/31 v2.3i parameterised ToC, etc., typesetting
Package tocloft Info: The document has chapter divisions on input line 51.
\cftparskip=\skip77
\cftbeforetoctitleskip=\skip78
\cftaftertoctitleskip=\skip79
\cftbeforepartskip=\skip80
\cftpartnumwidth=\skip81
\cftpartindent=\skip82
\cftbeforechapskip=\skip83
\cftchapindent=\skip84
\cftchapnumwidth=\skip85
\cftbeforesecskip=\skip86
\cftsecindent=\skip87
\cftsecnumwidth=\skip88
\cftbeforesubsecskip=\skip89
\cftsubsecindent=\skip90
\cftsubsecnumwidth=\skip91
\cftbeforesubsubsecskip=\skip92
\cftsubsubsecindent=\skip93
\cftsubsubsecnumwidth=\skip94
\cftbeforeparaskip=\skip95
\cftparaindent=\skip96
\cftparanumwidth=\skip97
\cftbeforesubparaskip=\skip98
\cftsubparaindent=\skip99
\cftsubparanumwidth=\skip100
\cftbeforeloftitleskip=\skip101
\cftafterloftitleskip=\skip102
\cftbeforefigskip=\skip103
\cftfigindent=\skip104
\cftfignumwidth=\skip105
\c@lofdepth=\count290
\c@lotdepth=\count291
\cftbeforelottitleskip=\skip106
\cftafterlottitleskip=\skip107
\cftbeforetabskip=\skip108
\cfttabindent=\skip109
\cfttabnumwidth=\skip110
)
(C:\Users\mathieu.lucas\AppData\Local\Programs\MiKTeX\tex/latex/base\textcomp.s
ty
Package: textcomp 2020/02/02 v2.0n Standard LaTeX package
)
(C:\Users\mathieu.lucas\AppData\Local\Programs\MiKTeX\tex/latex/xcolor\xcolor.s
ty
Package: xcolor 2021/10/31 v2.13 LaTeX color extensions (UK)

(C:\Users\mathieu.lucas\AppData\Local\Programs\MiKTeX\tex/latex/graphics-cfg\co
lor.cfg
File: color.cfg 2016/01/02 v1.6 sample color configuration
)
Package xcolor Info: Driver file: pdftex.def on input line 227.
Package xcolor Info: Model `cmy' substituted by `cmy0' on input line 1352.
Package xcolor Info: Model `hsb' substituted by `rgb' on input line 1356.
Package xcolor Info: Model `RGB' extended on input line 1368.
Package xcolor Info: Model `HTML' substituted by `rgb' on input line 1370.
Package xcolor Info: Model `Hsb' substituted by `hsb' on input line 1371.
Package xcolor Info: Model `tHsb' substituted by `hsb' on input line 1372.
Package xcolor Info: Model `HSB' substituted by `hsb' on input line 1373.
Package xcolor Info: Model `Gray' substituted by `gray' on input line 1374.
Package xcolor Info: Model `wave' substituted by `hsb' on input line 1375.
)
(C:\Users\mathieu.lucas\AppData\Local\Programs\MiKTeX\tex/latex/epigraph\epigra
ph.sty
Package: epigraph 2020/01/02 v1.5e typesetting epigraphs

(C:\Users\mathieu.lucas\AppData\Local\Programs\MiKTeX\tex/latex/ltxmisc\nextpag
e.sty
Package: nextpage 2009/09/03 v1.1a additional page commands
)
\beforeepigraphskip=\skip111
\afterepigraphskip=\skip112
\epigraphwidth=\skip113
\epigraphrule=\skip114
)
(C:\Users\mathieu.lucas\AppData\Local\Programs\MiKTeX\tex/latex/bookmark\bookma
rk.sty
Package: bookmark 2020-11-06 v1.29 PDF bookmarks (HO)

(C:\Users\mathieu.lucas\AppData\Local\Programs\MiKTeX\tex/latex/hyperref\hyperr
ef.sty
Package: hyperref 2021-06-07 v7.00m Hypertext links for LaTeX

(C:\Users\mathieu.lucas\AppData\Local\Programs\MiKTeX\tex/generic/ltxcmds\ltxcm
ds.sty
Package: ltxcmds 2020-05-10 v1.25 LaTeX kernel commands for general use (HO)
)
(C:\Users\mathieu.lucas\AppData\Local\Programs\MiKTeX\tex/generic/pdftexcmds\pd
ftexcmds.sty
Package: pdftexcmds 2020-06-27 v0.33 Utility functions of pdfTeX for LuaTeX (HO
)

(C:\Users\mathieu.lucas\AppData\Local\Programs\MiKTeX\tex/generic/infwarerr\inf
warerr.sty
Package: infwarerr 2019/12/03 v1.5 Providing info/warning/error messages (HO)
)
Package pdftexcmds Info: \pdf@primitive is available.
Package pdftexcmds Info: \pdf@ifprimitive is available.
Package pdftexcmds Info: \pdfdraftmode found.
)
(C:\Users\mathieu.lucas\AppData\Local\Programs\MiKTeX\tex/generic/kvsetkeys\kvs
etkeys.sty
Package: kvsetkeys 2019/12/15 v1.18 Key value parser (HO)
)
(C:\Users\mathieu.lucas\AppData\Local\Programs\MiKTeX\tex/generic/kvdefinekeys\
kvdefinekeys.sty
Package: kvdefinekeys 2019-12-19 v1.6 Define keys (HO)
)
(C:\Users\mathieu.lucas\AppData\Local\Programs\MiKTeX\tex/generic/pdfescape\pdf
escape.sty
Package: pdfescape 2019/12/09 v1.15 Implements pdfTeX's escape features (HO)
)
(C:\Users\mathieu.lucas\AppData\Local\Programs\MiKTeX\tex/latex/hycolor\hycolor
.sty
Package: hycolor 2020-01-27 v1.10 Color options for hyperref/bookmark (HO)
)
(C:\Users\mathieu.lucas\AppData\Local\Programs\MiKTeX\tex/latex/letltxmacro\let
ltxmacro.sty
Package: letltxmacro 2019/12/03 v1.6 Let assignment for LaTeX macros (HO)
)
(C:\Users\mathieu.lucas\AppData\Local\Programs\MiKTeX\tex/latex/auxhook\auxhook
.sty
Package: auxhook 2019-12-17 v1.6 Hooks for auxiliary files (HO)
)
(C:\Users\mathieu.lucas\AppData\Local\Programs\MiKTeX\tex/latex/kvoptions\kvopt
ions.sty
Package: kvoptions 2020-10-07 v3.14 Key value format for package options (HO)
)
\@linkdim=\dimen189
\Hy@linkcounter=\count292
\Hy@pagecounter=\count293

(C:\Users\mathieu.lucas\AppData\Local\Programs\MiKTeX\tex/latex/hyperref\pd1enc
.def
File: pd1enc.def 2021-06-07 v7.00m Hyperref: PDFDocEncoding definition (HO)
Now handling font encoding PD1 ...
... no UTF-8 mapping file for font encoding PD1
)
(C:\Users\mathieu.lucas\AppData\Local\Programs\MiKTeX\tex/latex/hyperref\hyperr
ef-langpatches.def
File: hyperref-langpatches.def 2021-06-07 v7.00m Hyperref: patches for babel la
nguages
)
(C:\Users\mathieu.lucas\AppData\Local\Programs\MiKTeX\tex/generic/intcalc\intca
lc.sty
Package: intcalc 2019/12/15 v1.3 Expandable calculations with integers (HO)
)
(C:\Users\mathieu.lucas\AppData\Local\Programs\MiKTeX\tex/generic/etexcmds\etex
cmds.sty
Package: etexcmds 2019/12/15 v1.7 Avoid name clashes with e-TeX commands (HO)
)
\Hy@SavedSpaceFactor=\count294

(C:\Users\mathieu.lucas\AppData\Local\Programs\MiKTeX\tex/latex/hyperref\puenc.
def
File: puenc.def 2021-06-07 v7.00m Hyperref: PDF Unicode definition (HO)
Now handling font encoding PU ...
... no UTF-8 mapping file for font encoding PU
)
Package hyperref Info: Hyper figures OFF on input line 4192.
Package hyperref Info: Link nesting OFF on input line 4197.
Package hyperref Info: Hyper index ON on input line 4200.
Package hyperref Info: Plain pages OFF on input line 4207.
Package hyperref Info: Backreferencing OFF on input line 4212.
Package hyperref Info: Implicit mode ON; LaTeX internals redefined.
Package hyperref Info: Bookmarks ON on input line 4445.
\c@Hy@tempcnt=\count295

(C:\Users\mathieu.lucas\AppData\Local\Programs\MiKTeX\tex/latex/url\url.sty
\Urlmuskip=\muskip17
Package: url 2013/09/16  ver 3.4  Verb mode for urls, etc.
)
LaTeX Info: Redefining \url on input line 4804.
\XeTeXLinkMargin=\dimen190

(C:\Users\mathieu.lucas\AppData\Local\Programs\MiKTeX\tex/generic/bitset\bitset
.sty
Package: bitset 2019/12/09 v1.3 Handle bit-vector datatype (HO)

(C:\Users\mathieu.lucas\AppData\Local\Programs\MiKTeX\tex/generic/bigintcalc\bi
gintcalc.sty
Package: bigintcalc 2019/12/15 v1.5 Expandable calculations on big integers (HO
)
))
\Fld@menulength=\count296
\Field@Width=\dimen191
\Fld@charsize=\dimen192
Package hyperref Info: Hyper figures OFF on input line 6076.
Package hyperref Info: Link nesting OFF on input line 6081.
Package hyperref Info: Hyper index ON on input line 6084.
Package hyperref Info: backreferencing OFF on input line 6091.
Package hyperref Info: Link coloring OFF on input line 6096.
Package hyperref Info: Link coloring with OCG OFF on input line 6101.
Package hyperref Info: PDF/A mode OFF on input line 6106.
LaTeX Info: Redefining \ref on input line 6146.
LaTeX Info: Redefining \pageref on input line 6150.

(C:\Users\mathieu.lucas\AppData\Local\Programs\MiKTeX\tex/latex/base\atbegshi-l
tx.sty
Package: atbegshi-ltx 2021/01/10 v1.0c Emulation of the original atbegshi
package with kernel methods
)
\Hy@abspage=\count297
\c@Item=\count298
\c@Hfootnote=\count299
)
Package hyperref Info: Driver (autodetected): hpdftex.

(C:\Users\mathieu.lucas\AppData\Local\Programs\MiKTeX\tex/latex/hyperref\hpdfte
x.def
File: hpdftex.def 2021-06-07 v7.00m Hyperref driver for pdfTeX

(C:\Users\mathieu.lucas\AppData\Local\Programs\MiKTeX\tex/latex/base\atveryend-
ltx.sty
Package: atveryend-ltx 2020/08/19 v1.0a Emulation of the original atveryend pac
kage
with kernel methods
)
\Fld@listcount=\count300
\c@bookmark@seq@number=\count301

(C:\Users\mathieu.lucas\AppData\Local\Programs\MiKTeX\tex/latex/rerunfilecheck\
rerunfilecheck.sty
Package: rerunfilecheck 2019/12/05 v1.9 Rerun checks for auxiliary files (HO)

(C:\Users\mathieu.lucas\AppData\Local\Programs\MiKTeX\tex/generic/uniquecounter
\uniquecounter.sty
Package: uniquecounter 2019/12/15 v1.4 Provide unlimited unique counter (HO)
)
Package uniquecounter Info: New unique counter `rerunfilecheck' on input line 2
86.
)
\Hy@SectionHShift=\skip115
)
(C:\Users\mathieu.lucas\AppData\Local\Programs\MiKTeX\tex/latex/bookmark\bkm-pd
ftex.def
File: bkm-pdftex.def 2020-11-06 v1.29 bookmark driver for pdfTeX (HO)
\BKM@id=\count302
))
(C:\Users\mathieu.lucas\AppData\Local\Programs\MiKTeX\tex/latex/biblatex\biblat
ex.sty
Package: biblatex 2020/12/31 v3.16 programmable bibliographies (PK/MW)

(C:\Users\mathieu.lucas\AppData\Local\Programs\MiKTeX\tex/latex/etoolbox\etoolb
ox.sty
Package: etoolbox 2020/10/05 v2.5k e-TeX tools for LaTeX (JAW)
\etb@tempcnta=\count303
)
(C:\Users\mathieu.lucas\AppData\Local\Programs\MiKTeX\tex/latex/logreq\logreq.s
ty
Package: logreq 2010/08/04 v1.0 xml request logger
\lrq@indent=\count304

(C:\Users\mathieu.lucas\AppData\Local\Programs\MiKTeX\tex/latex/logreq\logreq.d
ef
File: logreq.def 2010/08/04 v1.0 logreq spec v1.0
))
(C:\Users\mathieu.lucas\AppData\Local\Programs\MiKTeX\tex/latex/base\ifthen.sty
Package: ifthen 2020/11/24 v1.1c Standard LaTeX ifthen package (DPC)
)
\c@tabx@nest=\count305
\c@listtotal=\count306
\c@listcount=\count307
\c@liststart=\count308
\c@liststop=\count309
\c@citecount=\count310
\c@citetotal=\count311
\c@multicitecount=\count312
\c@multicitetotal=\count313
\c@instcount=\count314
\c@maxnames=\count315
\c@minnames=\count316
\c@maxitems=\count317
\c@minitems=\count318
\c@citecounter=\count319
\c@maxcitecounter=\count320
\c@savedcitecounter=\count321
\c@uniquelist=\count322
\c@uniquename=\count323
\c@refsection=\count324
\c@refsegment=\count325
\c@maxextratitle=\count326
\c@maxextratitleyear=\count327
\c@maxextraname=\count328
\c@maxextradate=\count329
\c@maxextraalpha=\count330
\c@abbrvpenalty=\count331
\c@highnamepenalty=\count332
\c@lownamepenalty=\count333
\c@maxparens=\count334
\c@parenlevel=\count335
\blx@tempcnta=\count336
\blx@tempcntb=\count337
\blx@tempcntc=\count338
\blx@maxsection=\count339
\blx@maxsegment@0=\count340
\blx@notetype=\count341
\blx@parenlevel@text=\count342
\blx@parenlevel@foot=\count343
\blx@sectionciteorder@0=\count344
\blx@entrysetcounter=\count345
\blx@biblioinstance=\count346
\labelnumberwidth=\skip116
\labelalphawidth=\skip117
\biblabelsep=\skip118
\bibitemsep=\skip119
\bibnamesep=\skip120
\bibinitsep=\skip121
\bibparsep=\skip122
\bibhang=\skip123
\blx@bcfin=\read3
\blx@bcfout=\write3
\blx@langwohyphens=\language80
\c@mincomprange=\count347
\c@maxcomprange=\count348
\c@mincompwidth=\count349
Package biblatex Info: Trying to load biblatex default data model...
Package biblatex Info: ... file 'blx-dm.def' found.

(C:\Users\mathieu.lucas\AppData\Local\Programs\MiKTeX\tex/latex/biblatex\blx-dm
.def
File: blx-dm.def 2020/12/31 v3.16 biblatex localization (PK/MW)
)
Package biblatex Info: Trying to load biblatex style data model...
Package biblatex Info: ... file 'authoryear.dbx' not found.
Package biblatex Info: Trying to load biblatex custom data model...
Package biblatex Info: ... file 'biblatex-dm.cfg' not found.
\c@afterword=\count350
\c@savedafterword=\count351
\c@annotator=\count352
\c@savedannotator=\count353
\c@author=\count354
\c@savedauthor=\count355
\c@bookauthor=\count356
\c@savedbookauthor=\count357
\c@commentator=\count358
\c@savedcommentator=\count359
\c@editor=\count360
\c@savededitor=\count361
\c@editora=\count362
\c@savededitora=\count363
\c@editorb=\count364
\c@savededitorb=\count365
\c@editorc=\count366
\c@savededitorc=\count367
\c@foreword=\count368
\c@savedforeword=\count369
\c@holder=\count370
\c@savedholder=\count371
\c@introduction=\count372
\c@savedintroduction=\count373
\c@namea=\count374
\c@savednamea=\count375
\c@nameb=\count376
\c@savednameb=\count377
\c@namec=\count378
\c@savednamec=\count379
\c@translator=\count380
\c@savedtranslator=\count381
\c@shortauthor=\count382
\c@savedshortauthor=\count383
\c@shorteditor=\count384
\c@savedshorteditor=\count385
\c@labelname=\count386
\c@savedlabelname=\count387
\c@institution=\count388
\c@savedinstitution=\count389
\c@lista=\count390
\c@savedlista=\count391
\c@listb=\count392
\c@savedlistb=\count393
\c@listc=\count394
\c@savedlistc=\count395
\c@listd=\count396
\c@savedlistd=\count397
\c@liste=\count398
\c@savedliste=\count399
\c@listf=\count400
\c@savedlistf=\count401
\c@location=\count402
\c@savedlocation=\count403
\c@organization=\count404
\c@savedorganization=\count405
\c@origlocation=\count406
\c@savedoriglocation=\count407
\c@origpublisher=\count408
\c@savedorigpublisher=\count409
\c@publisher=\count410
\c@savedpublisher=\count411
\c@language=\count412
\c@savedlanguage=\count413
\c@origlanguage=\count414
\c@savedoriglanguage=\count415
\c@pageref=\count416
\c@savedpageref=\count417
\shorthandwidth=\skip124
\shortjournalwidth=\skip125
\shortserieswidth=\skip126
\shorttitlewidth=\skip127
\shortauthorwidth=\skip128
\shorteditorwidth=\skip129
\locallabelnumberwidth=\skip130
\locallabelalphawidth=\skip131
\localshorthandwidth=\skip132
\localshortjournalwidth=\skip133
\localshortserieswidth=\skip134
\localshorttitlewidth=\skip135
\localshortauthorwidth=\skip136
\localshorteditorwidth=\skip137
Package biblatex Info: Trying to load compatibility code...
Package biblatex Info: ... file 'blx-compat.def' found.

(C:\Users\mathieu.lucas\AppData\Local\Programs\MiKTeX\tex/latex/biblatex\blx-co
mpat.def
File: blx-compat.def 2020/12/31 v3.16 biblatex compatibility (PK/MW)
)
Package biblatex Info: Trying to load generic definitions...
Package biblatex Info: ... file 'biblatex.def' found.

(C:\Users\mathieu.lucas\AppData\Local\Programs\MiKTeX\tex/latex/biblatex\biblat
ex.def
File: biblatex.def 2020/12/31 v3.16 biblatex compatibility (PK/MW)
\c@textcitecount=\count418
\c@textcitetotal=\count419
\c@textcitemaxnames=\count420
\c@biburlbigbreakpenalty=\count421
\c@biburlbreakpenalty=\count422
\c@biburlnumpenalty=\count423
\c@biburlucpenalty=\count424
\c@biburllcpenalty=\count425
\biburlbigskip=\muskip18
\biburlnumskip=\muskip19
\biburlucskip=\muskip20
\biburllcskip=\muskip21
\c@smartand=\count426
)
Package biblatex Info: Trying to load natbib compatibility...
Package biblatex Info: ... file 'blx-natbib.def' found.

(C:\Users\mathieu.lucas\AppData\Local\Programs\MiKTeX\tex/latex/biblatex\blx-na
tbib.def
File: blx-natbib.def 2020/12/31 v3.16 biblatex compatibility (PK/MW)
Package biblatex Info: Delimiter 'nameyeardelim' in context '' already defined,
 overwriting.
)
Package biblatex Info: Trying to load bibliography style 'authoryear'...
Package biblatex Info: ... file 'authoryear.bbx' found.

(C:\Users\mathieu.lucas\AppData\Local\Programs\MiKTeX\tex/latex/biblatex/bbx\au
thoryear.bbx
File: authoryear.bbx 2020/12/31 v3.16 biblatex bibliography style (PK/MW)
Package biblatex Info: Trying to load bibliography style 'standard'...
Package biblatex Info: ... file 'standard.bbx' found.

(C:\Users\mathieu.lucas\AppData\Local\Programs\MiKTeX\tex/latex/biblatex/bbx\st
andard.bbx
File: standard.bbx 2020/12/31 v3.16 biblatex bibliography style (PK/MW)
\c@bbx:relatedcount=\count427
\c@bbx:relatedtotal=\count428
))
Package biblatex Info: Trying to load citation style 'authoryear'...
Package biblatex Info: ... file 'authoryear.cbx' found.

(C:\Users\mathieu.lucas\AppData\Local\Programs\MiKTeX\tex/latex/biblatex/cbx\au
thoryear.cbx
File: authoryear.cbx 2020/12/31 v3.16 biblatex citation style (PK/MW)
Package biblatex Info: Redefining '\cite'.
Package biblatex Info: Redefining '\parencite'.
Package biblatex Info: Redefining '\footcite'.
Package biblatex Info: Redefining '\footcitetext'.
Package biblatex Info: Redefining '\smartcite'.
Package biblatex Info: Redefining '\textcite'.
Package biblatex Info: Redefining '\textcites'.
)
Package biblatex Info: Trying to load configuration file...
Package biblatex Info: ... file 'biblatex.cfg' found.

(C:\Users\mathieu.lucas\AppData\Local\Programs\MiKTeX\tex/latex/biblatex\biblat
ex.cfg
File: biblatex.cfg 
))
(C:\Users\mathieu.lucas\AppData\Local\Programs\MiKTeX\tex/latex/tools\tabularx.
sty
Package: tabularx 2020/01/15 v2.11c `tabularx' package (DPC)
\TX@col@width=\dimen193
\TX@old@table=\dimen194
\TX@old@col=\dimen195
\TX@target=\dimen196
\TX@delta=\dimen197
\TX@cols=\count429
\TX@ftn=\toks34
)
(C:\Users\mathieu.lucas\AppData\Local\Programs\MiKTeX\tex/latex/doublestroke\ds
font.sty
Package: dsfont 1995/08/01 v0.1 Double stroke roman fonts
)
(C:\Users\mathieu.lucas\AppData\Local\Programs\MiKTeX\tex/latex/multirow\multir
ow.sty
Package: multirow 2021/03/15 v2.8 Span multiple rows of a table
\multirow@colwidth=\skip138
\multirow@cntb=\count430
\multirow@dima=\skip139
\bigstrutjot=\dimen198
)
(C:\Users\mathieu.lucas\AppData\Local\Programs\MiKTeX\tex/latex/preprint\authbl
k.sty
Package: authblk 2001/02/27 1.3 (PWD)
\affilsep=\skip140
\@affilsep=\skip141
\c@Maxaffil=\count431
\c@authors=\count432
\c@affil=\count433
)
Package hyperref Info: Option `colorlinks' set `true' on input line 136.

(C:\Users\mathieu.lucas\AppData\Local\Programs\MiKTeX\tex/latex/placeins\placei
ns.sty
Package: placeins 2005/04/18  v 2.2
)
(C:\Users\mathieu.lucas\AppData\Local\Programs\MiKTeX\tex/latex/pdfpages\pdfpag
es.sty
Package: pdfpages 2022/12/19 v0.5x Insert pages of external PDF documents (AM)

(C:\Users\mathieu.lucas\AppData\Local\Programs\MiKTeX\tex/latex/tools\calc.sty
Package: calc 2017/05/25 v4.3 Infix arithmetic (KKT,FJ)
\calc@Acount=\count434
\calc@Bcount=\count435
\calc@Adimen=\dimen199
\calc@Bdimen=\dimen256
\calc@Askip=\skip142
\calc@Bskip=\skip143
LaTeX Info: Redefining \setlength on input line 80.
LaTeX Info: Redefining \addtolength on input line 81.
\calc@Ccount=\count436
\calc@Cskip=\skip144
)
(C:\Users\mathieu.lucas\AppData\Local\Programs\MiKTeX\tex/latex/eso-pic\eso-pic
.sty
Package: eso-pic 2023/03/23 v3.0b eso-pic (RN)
\ESO@tempdima=\dimen257
\ESO@tempdimb=\dimen258
)
\AM@pagewidth=\dimen259
\AM@pageheight=\dimen260
\AM@fboxrule=\dimen261

(C:\Users\mathieu.lucas\AppData\Local\Programs\MiKTeX\tex/latex/pdfpages\pppdft
ex.def
File: pppdftex.def 2022/12/19 v0.5x Pdfpages driver for pdfTeX (AM)
)
\pdfpages@includegraphics@status=\count437
\AM@pagebox=\box54
\AM@global@opts=\toks35
\AM@pagecnt=\count438
\AM@toc@title=\toks36
\AM@lof@heading=\toks37
\c@AM@survey=\count439
\AM@templatesizebox=\box55
)
(C:\Users\mathieu.lucas\AppData\Local\Programs\MiKTeX\tex/latex/tools\longtable
.sty
Package: longtable 2021-09-01 v4.17 Multi-page Table package (DPC)
\LTleft=\skip145
\LTright=\skip146
\LTpre=\skip147
\LTpost=\skip148
\LTchunksize=\count440
\LTcapwidth=\dimen262
\LT@head=\box56
\LT@firsthead=\box57
\LT@foot=\box58
\LT@lastfoot=\box59
\LT@gbox=\box60
\LT@cols=\count441
\LT@rows=\count442
\c@LT@tables=\count443
\c@LT@chunks=\count444
\LT@p@ftn=\toks38
))
(C:\Users\mathieu.lucas\AppData\Local\Programs\MiKTeX\tex/latex/changepage\chan
gepage.sty
Package: changepage 2009/10/20 v1.0c check page and change page layout
\c@cp@cntr=\count445
\cp@tempcnt=\count446
)

Package biblatex Warning: 'babel/polyglossia' detected but 'csquotes' missing.
(biblatex)                Loading 'csquotes' recommended.

\@quotelevel=\count447
\@quotereset=\count448
LaTeX Font Info:    Trying to load font information for T1+lmr on input line 19
.
(C:\Users\mathieu.lucas\AppData\Local\Programs\MiKTeX\tex/latex/lm\t1lmr.fd
File: t1lmr.fd 2009/10/30 v1.6 Font defs for Latin Modern
)
(C:\Users\mathieu.lucas\AppData\Local\Programs\MiKTeX\tex/latex/l3backend\l3bac
kend-pdftex.def
File: l3backend-pdftex.def 2021-10-18 L3 backend support: PDF output (pdfTeX)
\l__color_backend_stack_int=\count449
\l__pdf_internal_box=\box61
) (compilation_chapitre3.aux)
\openout1 = `compilation_chapitre3.aux'.

LaTeX Font Info:    Checking defaults for OML/cmm/m/it on input line 19.
LaTeX Font Info:    ... okay on input line 19.
LaTeX Font Info:    Checking defaults for OMS/cmsy/m/n on input line 19.
LaTeX Font Info:    ... okay on input line 19.
LaTeX Font Info:    Checking defaults for OT1/cmr/m/n on input line 19.
LaTeX Font Info:    ... okay on input line 19.
LaTeX Font Info:    Checking defaults for T1/cmr/m/n on input line 19.
LaTeX Font Info:    ... okay on input line 19.
LaTeX Font Info:    Checking defaults for TS1/cmr/m/n on input line 19.
LaTeX Font Info:    ... okay on input line 19.
LaTeX Font Info:    Checking defaults for OMX/cmex/m/n on input line 19.
LaTeX Font Info:    ... okay on input line 19.
LaTeX Font Info:    Checking defaults for U/cmr/m/n on input line 19.
LaTeX Font Info:    ... okay on input line 19.
LaTeX Font Info:    Checking defaults for PD1/pdf/m/n on input line 19.
LaTeX Font Info:    ... okay on input line 19.
LaTeX Font Info:    Checking defaults for PU/pdf/m/n on input line 19.
LaTeX Font Info:    ... okay on input line 19.
LaTeX Info: Redefining \degres on input line 19.
Package french.ldf Info: Setting StandardItemizeEnv=true for
(french.ldf)             compatibility with paralist package,
(french.ldf)             reported on input line 19.
Package french.ldf Info: Setting StandardEnumerateEnv=true for
(french.ldf)             compatibility with paralist package,
(french.ldf)             reported on input line 19.
LaTeX Info: Redefining \up on input line 19.

*geometry* driver: auto-detecting
*geometry* detected driver: pdftex
*geometry* verbose mode - [ preamble ] result:
* driver: pdftex
* paper: a4paper
* layout: <same size as paper>
* layoutoffset:(h,v)=(0.0pt,0.0pt)
* modes: twoside 
* h-part:(L,W,R)=(85.35826pt, 455.24411pt, 56.9055pt)
* v-part:(T,H,B)=(85.35826pt, 674.33032pt, 85.35826pt)
* \paperwidth=597.50787pt
* \paperheight=845.04684pt
* \textwidth=455.24411pt
* \textheight=674.33032pt
* \oddsidemargin=13.08827pt
* \evensidemargin=-15.36449pt
* \topmargin=-23.85716pt
* \headheight=17.07164pt
* \headsep=19.8738pt
* \topskip=12.0pt
* \footskip=30.0pt
* \marginparwidth=88.0pt
* \marginparsep=7.0pt
* \columnsep=10.0pt
* \skip\footins=10.8pt plus 4.0pt minus 2.0pt
* \hoffset=0.0pt
* \voffset=0.0pt
* \mag=1000
* \@twocolumnfalse
* \@twosidetrue
* \@mparswitchtrue
* \@reversemarginfalse
* (1in=72.27pt=25.4mm, 1cm=28.453pt)


(C:\Users\mathieu.lucas\AppData\Local\Programs\MiKTeX\tex/context/base/mkii\sup
p-pdf.mkii
[Loading MPS to PDF converter (version 2006.09.02).]
\scratchcounter=\count450
\scratchdimen=\dimen263
\scratchbox=\box62
\nofMPsegments=\count451
\nofMParguments=\count452
\everyMPshowfont=\toks39
\MPscratchCnt=\count453
\MPscratchDim=\dimen264
\MPnumerator=\count454
\makeMPintoPDFobject=\count455
\everyMPtoPDFconversion=\toks40
)
(C:\Users\mathieu.lucas\AppData\Local\Programs\MiKTeX\tex/latex/epstopdf-pkg\ep
stopdf-base.sty
Package: epstopdf-base 2020-01-24 v2.11 Base part for package epstopdf
Package epstopdf-base Info: Redefining graphics rule for `.eps' on input line 4
85.

(C:\Users\mathieu.lucas\AppData\Local\Programs\MiKTeX\tex/latex/00miktex\epstop
df-sys.cfg
File: epstopdf-sys.cfg 2021/03/18 v2.0 Configuration of epstopdf for MiKTeX
))
Package caption Info: Begin \AtBeginDocument code.
Package caption Info: changepage package is loaded.
\caption@adjustwidth@hsize=\dimen265
\caption@adjustwidth@linewidth=\dimen266
Package caption Info: hyperref package is loaded.
Package caption Info: longtable package is loaded.

(C:\Users\mathieu.lucas\AppData\Local\Programs\MiKTeX\tex/latex/caption\ltcapti
on.sty
Package: ltcaption 2020/05/30 v1.4b longtable captions (AR)
)
Package caption Info: End \AtBeginDocument code.
Package hyperref Info: Link coloring ON on input line 19.

(C:\Users\mathieu.lucas\AppData\Local\Programs\MiKTeX\tex/latex/hyperref\namere
f.sty
Package: nameref 2021-04-02 v2.47 Cross-referencing by name of section

(C:\Users\mathieu.lucas\AppData\Local\Programs\MiKTeX\tex/latex/refcount\refcou
nt.sty
Package: refcount 2019/12/15 v3.6 Data extraction from label references (HO)
)
(C:\Users\mathieu.lucas\AppData\Local\Programs\MiKTeX\tex/generic/gettitlestrin
g\gettitlestring.sty
Package: gettitlestring 2019/12/15 v1.6 Cleanup title references (HO)
)
\c@section@level=\count456
)
LaTeX Info: Redefining \ref on input line 19.
LaTeX Info: Redefining \pageref on input line 19.
LaTeX Info: Redefining \nameref on input line 19.
Package biblatex Info: Trying to load language 'french'...
Package biblatex Info: ... file 'french.lbx' found.

(C:\Users\mathieu.lucas\AppData\Local\Programs\MiKTeX\tex/latex/biblatex/lbx\fr
ench.lbx
File: french.lbx 2020/12/31 v3.16 biblatex localization (PK/MW)
)
Package biblatex Info: Input encoding 'utf8' detected.
Package biblatex Info: Automatic encoding selection.
(biblatex)             Assuming data encoding 'utf8'.
Package biblatex Info: Document encoding is UTF8 ....

(C:\Users\mathieu.lucas\AppData\Local\Programs\MiKTeX\tex/latex/l3kernel\expl3.
sty
Package: expl3 2021-11-22 L3 programming layer (loader) 
)
Package biblatex Info: ... and expl3
(biblatex)             2021-11-22 L3 programming layer (loader) 
(biblatex)             is new enough (at least 2020/04/06),
(biblatex)             setting 'casechanger=expl3'.

(C:\Users\mathieu.lucas\AppData\Local\Programs\MiKTeX\tex/latex/biblatex\blx-ca
se-expl3.sty
(C:\Users\mathieu.lucas\AppData\Local\Programs\MiKTeX\tex/latex/l3packages/xpar
se\xparse.sty
Package: xparse 2021-11-12 L3 Experimental document command parser
)
Package: blx-case-expl3 2020/12/31 v3.16 expl3 case changing code for biblatex
)
\openout3 = `compilation_chapitre3.bcf'.

Package biblatex Info: Trying to load bibliographic data...
Package biblatex Info: ... file 'compilation_chapitre3.bbl' found.
 (compilation_chapitre3.bbl)
Package biblatex Info: Reference section=0 on input line 19.
Package biblatex Info: Reference segment=0 on input line 19.

(C:\Users\mathieu.lucas\AppData\Local\Programs\MiKTeX\tex/latex/pdflscape\pdfls
cape.sty
Package: pdflscape 2022-10-27 v0.13 Display of landscape pages in PDF

(C:\Users\mathieu.lucas\AppData\Local\Programs\MiKTeX\tex/latex/pdflscape\pdfls
cape-nometadata.sty
Package: pdflscape-nometadata 2022-10-28 v0.13 Display of landscape pages in PD
F (HO)

(C:\Users\mathieu.lucas\AppData\Local\Programs\MiKTeX\tex/latex/graphics\lscape
.sty
Package: lscape 2020/05/28 v3.02 Landscape Pages (DPC)
)
Package pdflscape Info: Auto-detected driver: pdftex on input line 81.
)) (compilation_chapitre3.toc
LaTeX Font Info:    Trying to load font information for OT1+lmr on input line 4
.

(C:\Users\mathieu.lucas\AppData\Local\Programs\MiKTeX\tex/latex/lm\ot1lmr.fd
File: ot1lmr.fd 2009/10/30 v1.6 Font defs for Latin Modern
)
LaTeX Font Info:    Trying to load font information for OML+lmm on input line 4
.

(C:\Users\mathieu.lucas\AppData\Local\Programs\MiKTeX\tex/latex/lm\omllmm.fd
File: omllmm.fd 2009/10/30 v1.6 Font defs for Latin Modern
)
LaTeX Font Info:    Trying to load font information for OMS+lmsy on input line 
4.

(C:\Users\mathieu.lucas\AppData\Local\Programs\MiKTeX\tex/latex/lm\omslmsy.fd
File: omslmsy.fd 2009/10/30 v1.6 Font defs for Latin Modern
)
LaTeX Font Info:    Trying to load font information for OMX+lmex on input line 
4.

(C:\Users\mathieu.lucas\AppData\Local\Programs\MiKTeX\tex/latex/lm\omxlmex.fd
File: omxlmex.fd 2009/10/30 v1.6 Font defs for Latin Modern
)
LaTeX Font Info:    External font `lmex10' loaded for size
(Font)              <12> on input line 4.
LaTeX Font Info:    External font `lmex10' loaded for size
(Font)              <8> on input line 4.
LaTeX Font Info:    External font `lmex10' loaded for size
(Font)              <6> on input line 4.
LaTeX Font Info:    Trying to load font information for U+msa on input line 4.

(C:\Users\mathieu.lucas\AppData\Local\Programs\MiKTeX\tex/latex/amsfonts\umsa.f
d
File: umsa.fd 2013/01/14 v3.01 AMS symbols A
)
LaTeX Font Info:    Trying to load font information for U+msb on input line 4.

(C:\Users\mathieu.lucas\AppData\Local\Programs\MiKTeX\tex/latex/amsfonts\umsb.f
d
File: umsb.fd 2013/01/14 v3.01 AMS symbols B
)
LaTeX Font Info:    Trying to load font information for U+rsfs on input line 4.


(C:\Users\mathieu.lucas\AppData\Local\Programs\MiKTeX\tex/latex/jknappen\ursfs.
fd
File: ursfs.fd 1998/03/24 rsfs font definition file (jk)
))
\tf@toc=\write4
\openout4 = `compilation_chapitre3.toc'.

 [1


{C:/Users/mathieu.lucas/AppData/Local/MiKTeX/fonts/map/pdftex/pdftex.map}] [2

] (Chapitre3/Chapitre3B.tex
Chapitre 2.
LaTeX Font Info:    Trying to load font information for OT1+phv on input line 1
.

(C:\Users\mathieu.lucas\AppData\Local\Programs\MiKTeX\tex/latex/psnfss\ot1phv.f
d
File: ot1phv.fd 2020/03/25 scalable font definitions for OT1/phv.
)
LaTeX Font Info:    Trying to load font information for OT1+ptm on input line 1
.

(C:\Users\mathieu.lucas\AppData\Local\Programs\MiKTeX\tex/latex/psnfss\ot1ptm.f
d
File: ot1ptm.fd 2001/06/04 font definitions for OT1/ptm.
)
<Chapitre3/Figures/Pyrimont.jpg, id=70, 2586.66376pt x 1930.21124pt>
File: Chapitre3/Figures/Pyrimont.jpg Graphic file (type jpg)
<use Chapitre3/Figures/Pyrimont.jpg>
Package pdftex.def Info: Chapitre3/Figures/Pyrimont.jpg  used on input line 7.
(pdftex.def)             Requested size: 409.71692pt x 305.71814pt.
 [1

 <./Chapitre3/Figures/Pyrimont.jpg>]
<Chapitre3/Figures/Titre.jpg, id=80, 572.73975pt x 183.68625pt>
File: Chapitre3/Figures/Titre.jpg Graphic file (type jpg)
<use Chapitre3/Figures/Titre.jpg>
Package pdftex.def Info: Chapitre3/Figures/Titre.jpg  used on input line 20.
(pdftex.def)             Requested size: 455.24411pt x 146.00743pt.
 [2 <./Chapitre3/Figures/Titre.jpg>]
Overfull \hbox (11.75119pt too wide) in paragraph at lines 46--47
 [][] \T1/lmr/m/n/12 Stream-flow se-ries are af-fec-ted by se-ve-ral sources of
 un-cer-tainty as des-cri-bed by [][]\T1/lmr/m/sc/12 McMillan
 []

[3] [4] [5]
<Chapitre3/Figures//1-uTotSchema.png, id=196, 578.8827pt x 875.55106pt>
File: Chapitre3/Figures//1-uTotSchema.png Graphic file (type png)
<use Chapitre3/Figures//1-uTotSchema.png>
Package pdftex.def Info: Chapitre3/Figures//1-uTotSchema.png  used on input lin
e 74.
(pdftex.def)             Requested size: 227.62204pt x 344.2691pt.

Overfull \hbox (5.78732pt too wide) in paragraph at lines 80--80
[]\T1/lmr/bx/n/17.28 Uncertainty pro-pa-ga-tion chain for flood fre-quency
 []

[6 <./Chapitre3/Figures//1-uTotSchema.png>]
Overfull \hbox (26.27365pt too wide) in paragraph at lines 86--86
[]\T1/lmr/bx/n/14.4 Multi-period ra-ting curves es-ti-ma-tion : stage-period-di
scharge
 []

[7] [8] [9]
<Chapitre3/Figures//2-BcrBv.png, id=258, 1599.3351pt x 1574.7633pt>
File: Chapitre3/Figures//2-BcrBv.png Graphic file (type png)
<use Chapitre3/Figures//2-BcrBv.png>
Package pdftex.def Info: Chapitre3/Figures//2-BcrBv.png  used on input line 159
.
(pdftex.def)             Requested size: 312.9803pt x 308.17093pt.
 [10] [11 <./Chapitre3/Figures//2-BcrBv.png>]
<Chapitre3/Figures//3a-DiguesArmand.png, id=288, 562.2606pt x 222.5916pt>
File: Chapitre3/Figures//3a-DiguesArmand.png Graphic file (type png)
<use Chapitre3/Figures//3a-DiguesArmand.png>
Package pdftex.def Info: Chapitre3/Figures//3a-DiguesArmand.png  used on input 
line 201.
(pdftex.def)             Requested size: 318.66948pt x 126.15846pt.
<Chapitre3/Figures//3b-MatrixChenal_EN.png, id=289, 700.2963pt x 441.93105pt>
File: Chapitre3/Figures//3b-MatrixChenal_EN.png Graphic file (type png)
<use Chapitre3/Figures//3b-MatrixChenal_EN.png>
Package pdftex.def Info: Chapitre3/Figures//3b-MatrixChenal_EN.png  used on inp
ut line 208.
(pdftex.def)             Requested size: 273.14923pt x 172.37263pt.
<Chapitre3/Figures//3c-ProfilsBardRestit.png, id=290, 322.5651pt x 211.7511pt>
File: Chapitre3/Figures//3c-ProfilsBardRestit.png Graphic file (type png)
<use Chapitre3/Figures//3c-ProfilsBardRestit.png>
Package pdftex.def Info: Chapitre3/Figures//3c-ProfilsBardRestit.png  used on i
nput line 214.
(pdftex.def)             Requested size: 196.66237pt x 129.10011pt.
<Chapitre3/Figures//3c-ProfilAvalRestitEN.png, id=291, 455.301pt x 312.9291pt>
File: Chapitre3/Figures//3c-ProfilAvalRestitEN.png Graphic file (type png)
<use Chapitre3/Figures//3c-ProfilAvalRestitEN.png>
Package pdftex.def Info: Chapitre3/Figures//3c-ProfilAvalRestitEN.png  used on 
input line 215.
(pdftex.def)             Requested size: 196.66237pt x 135.16328pt.


LaTeX Warning: `!h' float specifier changed to `!ht'.

[12]
Underfull \vbox (badness 4927) has occurred while \output is active []

 [13 <./Chapitre3/Figures//3a-DiguesArmand.png> <./Chapitre3/Figures//3b-Matrix
Chenal_EN.png> <./Chapitre3/Figures//3c-ProfilsBardRestit.png> <./Chapitre3/Fig
ures//3c-ProfilAvalRestitEN.png>]
<Chapitre3/Figures//5-Quant5perc_both.png, id=328, 722.7pt x 385.44pt>
File: Chapitre3/Figures//5-Quant5perc_both.png Graphic file (type png)
<use Chapitre3/Figures//5-Quant5perc_both.png>
Package pdftex.def Info: Chapitre3/Figures//5-Quant5perc_both.png  used on inpu
t line 262.
(pdftex.def)             Requested size: 426.79134pt x 227.62523pt.


LaTeX Warning: `!h' float specifier changed to `!ht'.


LaTeX Warning: `!h' float specifier changed to `!ht'.


LaTeX Warning: `!h' float specifier changed to `!ht'.

[14] [15 <./Chapitre3/Figures//5-Quant5perc_both.png>] [16]
<Chapitre3/Figures//4-TabObsBcrSmall.jpg, id=348, 187.902pt x 121.545pt>
File: Chapitre3/Figures//4-TabObsBcrSmall.jpg Graphic file (type jpg)
<use Chapitre3/Figures//4-TabObsBcrSmall.jpg>
Package pdftex.def Info: Chapitre3/Figures//4-TabObsBcrSmall.jpg  used on input
 line 365.
(pdftex.def)             Requested size: 284.52756pt x 184.07336pt.
 [17

 <./Chapitre3/Figures//4-TabObsBcrSmall.jpg>]

LaTeX Warning: `!h' float specifier changed to `!ht'.

[18] [19]
<Chapitre3/Figures//6-SegmBoth.png, id=397, 2230.2522pt x 545.6385pt>
File: Chapitre3/Figures//6-SegmBoth.png Graphic file (type png)
<use Chapitre3/Figures//6-SegmBoth.png>
Package pdftex.def Info: Chapitre3/Figures//6-SegmBoth.png  used on input line 
468.
(pdftex.def)             Requested size: 455.24411pt x 111.37372pt.
 [20 <./Chapitre3/Figures//6-SegmBoth.png>]
Underfull \hbox (badness 10000) in paragraph at lines 486--486
[]|\T1/lmr/bx/n/12 Maxpost
 []


Underfull \hbox (badness 10000) in paragraph at lines 486--486
[]|\T1/lmr/bx/n/12 Period
 []


Underfull \hbox (badness 10000) in paragraph at lines 486--486
\T1/lmr/bx/n/12 num-
 []

[21]
<Chapitre3/Figures//7a-RClog_ICdownPt.pdf, id=429, 867.24pt x 722.7pt>
File: Chapitre3/Figures//7a-RClog_ICdownPt.pdf Graphic file (type pdf)
<use Chapitre3/Figures//7a-RClog_ICdownPt.pdf>
Package pdftex.def Info: Chapitre3/Figures//7a-RClog_ICdownPt.pdf  used on inpu
t line 560.
(pdftex.def)             Requested size: 223.07211pt x 185.89056pt.
<Chapitre3/Figures//7b-RClog_ICdownRes.pdf, id=430, 867.24pt x 722.7pt>
File: Chapitre3/Figures//7b-RClog_ICdownRes.pdf Graphic file (type pdf)
<use Chapitre3/Figures//7b-RClog_ICdownRes.pdf>
Package pdftex.def Info: Chapitre3/Figures//7b-RClog_ICdownRes.pdf  used on inp
ut line 566.
(pdftex.def)             Requested size: 223.07211pt x 185.89056pt.
<Chapitre3/Figures//7c-bs_Pt.pdf, id=431, 1116.79231pt x 696.08054pt>
File: Chapitre3/Figures//7c-bs_Pt.pdf Graphic file (type pdf)
<use Chapitre3/Figures//7c-bs_Pt.pdf>
Package pdftex.def Info: Chapitre3/Figures//7c-bs_Pt.pdf  used on input line 57
3.
(pdftex.def)             Requested size: 218.51521pt x 136.19717pt.
<Chapitre3/Figures//7d-bs_Restit.pdf, id=432, 1140.94247pt x 697.0542pt>
File: Chapitre3/Figures//7d-bs_Restit.pdf Graphic file (type pdf)
<use Chapitre3/Figures//7d-bs_Restit.pdf>
Package pdftex.def Info: Chapitre3/Figures//7d-bs_Restit.pdf  used on input lin
e 579.
(pdftex.def)             Requested size: 223.07211pt x 136.28133pt.
<Chapitre3/Figures//7e-a&csPt.pdf, id=433, 867.24pt x 505.89pt>
File: Chapitre3/Figures//7e-a&csPt.pdf Graphic file (type pdf)
<use Chapitre3/Figures//7e-a&csPt.pdf>
Package pdftex.def Info: Chapitre3/Figures//7e-a&csPt.pdf  used on input line 5
87.
(pdftex.def)             Requested size: 177.54492pt x 103.56145pt.
<Chapitre3/Figures//7f-b3_as_cs_Restit.pdf, id=434, 1084.05pt x 505.89pt>
File: Chapitre3/Figures//7f-b3_as_cs_Restit.pdf Graphic file (type pdf)
<use Chapitre3/Figures//7f-b3_as_cs_Restit.pdf>
Package pdftex.def Info: Chapitre3/Figures//7f-b3_as_cs_Restit.pdf  used on inp
ut line 593.
(pdftex.def)             Requested size: 223.07211pt x 104.09407pt.
<Chapitre3/Figures//7g-Legend.png, id=435, 419.8887pt x 312.9291pt>
File: Chapitre3/Figures//7g-Legend.png Graphic file (type png)
<use Chapitre3/Figures//7g-Legend.png>
Package pdftex.def Info: Chapitre3/Figures//7g-Legend.png  used on input line 6
00.
(pdftex.def)             Requested size: 45.52718pt x 33.9257pt.


LaTeX Warning: `!h' float specifier changed to `!ht'.

[22] [23 <./Chapitre3/Figures//7a-RClog_ICdownPt.pdf> <./Chapitre3/Figures//7b-
RClog_ICdownRes.pdf> <./Chapitre3/Figures//7c-bs_Pt.pdf> <./Chapitre3/Figures//
7d-bs_Restit.pdf

pdfTeX warning: pdflatex (file ./Chapitre3/Figures//7d-bs_Restit.pdf): PDF incl
usion: multiple pdfs with page group included in a single page
> <./Chapitre3/Figures//7e-a&csPt.pdf> <./Chapitre3/Figures//7f-b3_as_cs_Restit
.pdf> <./Chapitre3/Figures//7g-Legend.png>]
<Chapitre3/Figures//8-StageErrorAMAX_BOTH.pdf, id=606, 1084.05pt x 722.7pt>
File: Chapitre3/Figures//8-StageErrorAMAX_BOTH.pdf Graphic file (type pdf)
<use Chapitre3/Figures//8-StageErrorAMAX_BOTH.pdf>
Package pdftex.def Info: Chapitre3/Figures//8-StageErrorAMAX_BOTH.pdf  used on 
input line 615.
(pdftex.def)             Requested size: 409.71692pt x 273.14014pt.
 [24 <./Chapitre3/Figures//8-StageErrorAMAX_BOTH.pdf>]
<Chapitre3/Figures//9-IcAndAMAX.pdf, id=619, 1228.59pt x 722.7pt>
File: Chapitre3/Figures//9-IcAndAMAX.pdf Graphic file (type pdf)
<use Chapitre3/Figures//9-IcAndAMAX.pdf>
Package pdftex.def Info: Chapitre3/Figures//9-IcAndAMAX.pdf  used on input line
 627.
(pdftex.def)             Requested size: 455.24411pt x 267.7918pt.
 [25 <./Chapitre3/Figures//9-IcAndAMAX.pdf>]
<Chapitre3/Figures//10a-GeV_205years.pdf, id=647, 1300.86pt x 578.16pt>
File: Chapitre3/Figures//10a-GeV_205years.pdf Graphic file (type pdf)
<use Chapitre3/Figures//10a-GeV_205years.pdf>
Package pdftex.def Info: Chapitre3/Figures//10a-GeV_205years.pdf  used on input
 line 656.
(pdftex.def)             Requested size: 450.69417pt x 200.3035pt.
<Chapitre3/Figures//10b-BarplotQuantiles4cases.pdf, id=648, 1011.78pt x 578.16p
t>
File: Chapitre3/Figures//10b-BarplotQuantiles4cases.pdf Graphic file (type pdf)

<use Chapitre3/Figures//10b-BarplotQuantiles4cases.pdf>
Package pdftex.def Info: Chapitre3/Figures//10b-BarplotQuantiles4cases.pdf  use
d on input line 664.
(pdftex.def)             Requested size: 223.07211pt x 127.46907pt.
<Chapitre3/Figures//10c-Ukplot4cases.pdf, id=649, 1156.32pt x 650.43pt>
File: Chapitre3/Figures//10c-Ukplot4cases.pdf Graphic file (type pdf)
<use Chapitre3/Figures//10c-Ukplot4cases.pdf>
Package pdftex.def Info: Chapitre3/Figures//10c-Ukplot4cases.pdf  used on input
 line 670.
(pdftex.def)             Requested size: 223.07211pt x 125.46867pt.
<Chapitre3/Figures//10d-Shape_4cases.pdf, id=650, 722.7pt x 505.89pt>
File: Chapitre3/Figures//10d-Shape_4cases.pdf Graphic file (type pdf)
<use Chapitre3/Figures//10d-Shape_4cases.pdf>
Package pdftex.def Info: Chapitre3/Figures//10d-Shape_4cases.pdf  used on input
 line 677.
(pdftex.def)             Requested size: 213.96529pt x 149.7766pt.
<Chapitre3/Figures//10e-Q1000SSize.pdf, id=651, 867.24pt x 578.16pt>
File: Chapitre3/Figures//10e-Q1000SSize.pdf Graphic file (type pdf)
<use Chapitre3/Figures//10e-Q1000SSize.pdf>
Package pdftex.def Info: Chapitre3/Figures//10e-Q1000SSize.pdf  used on input l
ine 683.
(pdftex.def)             Requested size: 236.72888pt x 157.81674pt.


LaTeX Warning: Float too large for page by 27.05894pt on input line 695.

[26] [27 <./Chapitre3/Figures//10a-GeV_205years.pdf> <./Chapitre3/Figures//10b-
BarplotQuantiles4cases.pdf> <./Chapitre3/Figures//10c-Ukplot4cases.pdf> <./Chap
itre3/Figures//10d-Shape_4cases.pdf> <./Chapitre3/Figures//10e-Q1000SSize.pdf>]

Underfull \vbox (badness 10000) has occurred while \output is active []

 [28]
LaTeX Font Info:    Trying to load font information for T1+lmtt on input line 7
29.

(C:\Users\mathieu.lucas\AppData\Local\Programs\MiKTeX\tex/latex/lm\t1lmtt.fd
File: t1lmtt.fd 2009/10/30 v1.6 Font defs for Latin Modern
)
[29] [30] [31]
Overfull \hbox (29.18492pt too wide) in paragraph at lines 755--756
 [][] \T1/lmr/m/n/12 The un-cer-tainty pro-pa-ga-tion code is avai-lable at [][
]$\T1/lmtt/m/n/12 https : / / github . com / MatLcs / PropagMaxAn$[][]
 []

) [32] [33

] [34]
Overfull \hbox (35.26425pt too wide) in paragraph at lines 45--45
[][][]\T1/lmr/m/sc/12 Kjeldsen[]\T1/lmr/m/n/12 , T., N. []\T1/lmr/m/sc/12 Macdo
nald[]\T1/lmr/m/n/12 , M. []\T1/lmr/m/sc/12 Lang[]\T1/lmr/m/n/12 , L. []\T1/lmr
/m/sc/12 Mediero[]\T1/lmr/m/n/12 , T. []\T1/lmr/m/sc/12 Albuquerque[]\T1/lmr/m/
n/12 , E. []\T1/lmr/m/sc/12 Bogdanowicz[]\T1/lmr/m/n/12 ,
 []

[35]
Overfull \hbox (4.07549pt too wide) in paragraph at lines 45--45
[][][]\T1/lmr/m/sc/12 Merz[]\T1/lmr/m/n/12 , B., S. []\T1/lmr/m/sc/12 Basso[]\T
1/lmr/m/n/12 , S. []\T1/lmr/m/sc/12 Fischer[]\T1/lmr/m/n/12 , D. []\T1/lmr/m/sc
/12 Lun[]\T1/lmr/m/n/12 , G. []\T1/lmr/m/sc/12 Blschl[]\T1/lmr/m/n/12 , R. []\
T1/lmr/m/sc/12 Merz[]\T1/lmr/m/n/12 , B. []\T1/lmr/m/sc/12 Guse[]\T1/lmr/m/n/12
 , A. []\T1/lmr/m/sc/12 Viglione[]\T1/lmr/m/n/12 ,
 []


Overfull \hbox (0.4822pt too wide) in paragraph at lines 45--45
[][][]\T1/lmr/m/sc/12 Milly[]\T1/lmr/m/n/12 , P. C. D., J. []\T1/lmr/m/sc/12 Be
tancourt[]\T1/lmr/m/n/12 , M. []\T1/lmr/m/sc/12 Falkenmark[]\T1/lmr/m/n/12 , R.
 M. []\T1/lmr/m/sc/12 Hirsch[]\T1/lmr/m/n/12 , Z. W. []\T1/lmr/m/sc/12 Kundzewi
cz[]\T1/lmr/m/n/12 ,
 []

[36]
Overfull \hbox (18.05534pt too wide) in paragraph at lines 45--45
\T1/lmr/m/it/12 Jour-nal \T1/lmr/m/n/12 55.2, p. 192-208. \T1/lmr/m/sc/12 issn 
\T1/lmr/m/n/12 : 0262-6667, 2150-3435. \T1/lmr/m/sc/12 doi \T1/lmr/m/n/12 : [][
]$\T1/lmtt/m/n/12 10 . 1080 / 02626660903546092$[][]\T1/lmr/m/n/12 . 
 []


Overfull \hbox (9.37114pt too wide) in paragraph at lines 45--45
[][][]\T1/lmr/m/sc/12 Puechberty[]\T1/lmr/m/n/12 , R., C. []\T1/lmr/m/sc/12 Per
ret[]\T1/lmr/m/n/12 , S. P. []\T1/lmr/m/sc/12 Pitsch[]\T1/lmr/m/n/12 , P. []\T1
/lmr/m/sc/12 Battaglia[]\T1/lmr/m/n/12 , A. []\T1/lmr/m/sc/12 Belleville[]\T1/l
mr/m/n/12 , P. []\T1/lmr/m/sc/12 Bompart[]\T1/lmr/m/n/12 ,
 []

[37]
Overfull \hbox (10.95065pt too wide) in paragraph at lines 45--45
[][][]\T1/lmr/m/sc/12 Steinbakk[]\T1/lmr/m/n/12 , G. H., T. L. []\T1/lmr/m/sc/1
2 Thorarinsdottir[]\T1/lmr/m/n/12 , T. []\T1/lmr/m/sc/12 Reitan[]\T1/lmr/m/n/12
 , L. []\T1/lmr/m/sc/12 Schlichting[]\T1/lmr/m/n/12 , S. []\T1/lmr/m/sc/12 Hll
eland
 []

[38] (compilation_chapitre3.aux)
Package logreq Info: Writing requests to 'compilation_chapitre3.run.xml'.
\openout1 = `compilation_chapitre3.run.xml'.

 ) 
Here is how much of TeX's memory you used:
 24844 strings out of 478659
 446425 string characters out of 2842128
 1157344 words of memory out of 3000000
 42310 multiletter control sequences out of 15000+600000
 483125 words of font info for 83 fonts, out of 8000000 for 9000
 1141 hyphenation exceptions out of 8191
 79i,23n,80p,3067b,1945s stack positions out of 5000i,500n,10000p,200000b,80000s
{C:/Users/mathieu.lucas/AppData/Local/Programs/MiKTeX/fonts/enc/dvips/lm/lm-e
c.enc}{C:/Users/mathieu.lucas/AppData/Local/Programs/MiKTeX/fonts/enc/dvips/lm/
lm-rm.enc}{C:/Users/mathieu.lucas/AppData/Local/Programs/MiKTeX/fonts/enc/dvips
/lm/lm-mathex.enc}{C:/Users/mathieu.lucas/AppData/Local/Programs/MiKTeX/fonts/e
nc/dvips/lm/lm-mathsy.enc}{C:/Users/mathieu.lucas/AppData/Local/Programs/MiKTeX
/fonts/enc/dvips/lm/lm-mathit.enc}{C:/Users/mathieu.lucas/AppData/Local/Program
s/MiKTeX/fonts/enc/dvips/base/8r.enc}<C:/Users/mathieu.lucas/AppData/Local/Prog
rams/MiKTeX/fonts/type1/public/lm/lmbx12.pfb><C:/Users/mathieu.lucas/AppData/Lo
cal/Programs/MiKTeX/fonts/type1/public/lm/lmbx8.pfb><C:/Users/mathieu.lucas/App
Data/Local/Programs/MiKTeX/fonts/type1/public/lm/lmbxi10.pfb><C:/Users/mathieu.
lucas/AppData/Local/Programs/MiKTeX/fonts/type1/public/lm/lmcsc10.pfb><C:/Users
/mathieu.lucas/AppData/Local/Programs/MiKTeX/fonts/type1/public/lm/lmex10.pfb><
C:/Users/mathieu.lucas/AppData/Local/Programs/MiKTeX/fonts/type1/public/lm/lmmi
12.pfb><C:/Users/mathieu.lucas/AppData/Local/Programs/MiKTeX/fonts/type1/public
/lm/lmmi8.pfb><C:/Users/mathieu.lucas/AppData/Local/Programs/MiKTeX/fonts/type1
/public/lm/lmmib10.pfb><C:/Users/mathieu.lucas/AppData/Local/Programs/MiKTeX/fo
nts/type1/public/lm/lmr10.pfb><C:/Users/mathieu.lucas/AppData/Local/Programs/Mi
KTeX/fonts/type1/public/lm/lmr12.pfb><C:/Users/mathieu.lucas/AppData/Local/Prog
rams/MiKTeX/fonts/type1/public/lm/lmr17.pfb><C:/Users/mathieu.lucas/AppData/Loc
al/Programs/MiKTeX/fonts/type1/public/lm/lmr6.pfb><C:/Users/mathieu.lucas/AppDa
ta/Local/Programs/MiKTeX/fonts/type1/public/lm/lmr8.pfb><C:/Users/mathieu.lucas
/AppData/Local/Programs/MiKTeX/fonts/type1/public/lm/lmri12.pfb><C:/Users/mathi
eu.lucas/AppData/Local/Programs/MiKTeX/fonts/type1/public/lm/lmsy10.pfb><C:/Use
rs/mathieu.lucas/AppData/Local/Programs/MiKTeX/fonts/type1/public/lm/lmsy8.pfb>
<C:/Users/mathieu.lucas/AppData/Local/Programs/MiKTeX/fonts/type1/public/lm/lmt
t12.pfb><C:/Users/mathieu.lucas/AppData/Local/Programs/MiKTeX/fonts/type1/publi
c/amsfonts/symbols/msbm10.pfb><C:/Users/mathieu.lucas/AppData/Local/Programs/Mi
KTeX/fonts/type1/urw/helvetic/uhvr8a.pfb><C:/Users/mathieu.lucas/AppData/Local/
Programs/MiKTeX/fonts/type1/urw/times/utmr8a.pfb>
Output written on compilation_chapitre3.pdf (40 pages, 12396547 bytes).
PDF statistics:
 1137 PDF objects out of 1200 (max. 8388607)
 218 named destinations out of 1000 (max. 500000)
 342 words of extra memory for PDF output out of 10000 (max. 10000000)

